ARM GAS  /tmp/cc3XZTqk.s 			page 1


   1              		.cpu cortex-m3
   2              		.arch armv7-m
   3              		.fpu softvfp
   4              		.eabi_attribute 20, 1
   5              		.eabi_attribute 21, 1
   6              		.eabi_attribute 23, 3
   7              		.eabi_attribute 24, 1
   8              		.eabi_attribute 25, 1
   9              		.eabi_attribute 26, 1
  10              		.eabi_attribute 30, 1
  11              		.eabi_attribute 34, 1
  12              		.eabi_attribute 18, 4
  13              		.file	"ring_buffer.c"
  14              		.text
  15              	.Ltext0:
  16              		.cfi_sections	.debug_frame
  17              		.section	.text.RING_GetCount,"ax",%progbits
  18              		.align	1
  19              		.global	RING_GetCount
  20              		.syntax unified
  21              		.thumb
  22              		.thumb_func
  24              	RING_GetCount:
  25              	.LVL0:
  26              	.LFB820:
  27              		.file 1 "IO_drivers/ring_buffer.c"
   1:IO_drivers/ring_buffer.c **** /*
   2:IO_drivers/ring_buffer.c **** * This is an independent project of an individual developer. Dear PVS-Studio, please check it.
   3:IO_drivers/ring_buffer.c **** * PVS-Studio Static Code Analyzer for C, C++ and C#: http://www.viva64.com
   4:IO_drivers/ring_buffer.c **** */
   5:IO_drivers/ring_buffer.c **** /* LINTLIBRARY */
   6:IO_drivers/ring_buffer.c **** /**
   7:IO_drivers/ring_buffer.c ****   *************************************************************************************************
   8:IO_drivers/ring_buffer.c ****   *
   9:IO_drivers/ring_buffer.c ****   *	This file is part of Devprodest Lib.
  10:IO_drivers/ring_buffer.c ****   *	
  11:IO_drivers/ring_buffer.c ****   *	  Devprodest Lib is free software: you can redistribute it and/or modify
  12:IO_drivers/ring_buffer.c ****   *	  it under the terms of the GNU General Public License as published by
  13:IO_drivers/ring_buffer.c ****   *	  the Free Software Foundation, either version 3 of the License, or
  14:IO_drivers/ring_buffer.c ****   *	  (at your option) any later version.
  15:IO_drivers/ring_buffer.c ****   *	
  16:IO_drivers/ring_buffer.c ****   *	  Devprodest Lib is distributed in the hope that it will be useful,
  17:IO_drivers/ring_buffer.c ****   *	  but WITHOUT ANY WARRANTY; without even the implied warranty of
  18:IO_drivers/ring_buffer.c ****   *	  MERCHANTABILITY or FITNESS FOR A PARTICULAR PURPOSE.  See the
  19:IO_drivers/ring_buffer.c ****   *	  GNU General Public License for more details.
  20:IO_drivers/ring_buffer.c ****   *	
  21:IO_drivers/ring_buffer.c ****   *	  You should have received a copy of the GNU General Public License
  22:IO_drivers/ring_buffer.c ****   *	  along with Devprodest Lib.  If not, see <http://www.gnu.org/licenses/>.
  23:IO_drivers/ring_buffer.c ****   *	
  24:IO_drivers/ring_buffer.c ****   * @file ring_buffer.c
  25:IO_drivers/ring_buffer.c ****   * @brief –ö–æ–ª—å—Ü–µ–≤–æ–π –±—É—Ñ–µ—Ä
  26:IO_drivers/ring_buffer.c ****   * @version 1.0
  27:IO_drivers/ring_buffer.c ****   * @authors Zaikin Denis (ZD)
  28:IO_drivers/ring_buffer.c ****   * @authors Potorochin Andrew (PA)
  29:IO_drivers/ring_buffer.c ****   * 
  30:IO_drivers/ring_buffer.c ****   * @copyright GNU General Public License
  31:IO_drivers/ring_buffer.c ****   *************************************************************************************************
ARM GAS  /tmp/cc3XZTqk.s 			page 2


  32:IO_drivers/ring_buffer.c ****   */
  33:IO_drivers/ring_buffer.c **** #include "ring_buffer.h"
  34:IO_drivers/ring_buffer.c **** #include "usart.h"
  35:IO_drivers/ring_buffer.c **** #include "typedef.h"
  36:IO_drivers/ring_buffer.c **** #include <stdio.h>
  37:IO_drivers/ring_buffer.c **** #include <string.h> 
  38:IO_drivers/ring_buffer.c **** /** 
  39:IO_drivers/ring_buffer.c ****  * @defgroup CRC –§—É–Ω–∫—Ü–∏–∏ –≤—ã—á–∏—Å–ª–µ–Ω–∏—è —Ü–∏–∫–ª–∏—á–µ—Å–∫–æ–π –∫–æ–Ω—Ç—Ä–æ–ª—å–Ω–æ–π 
  40:IO_drivers/ring_buffer.c ****  * @{
  41:IO_drivers/ring_buffer.c ****  */
  42:IO_drivers/ring_buffer.c **** 
  43:IO_drivers/ring_buffer.c **** /**
  44:IO_drivers/ring_buffer.c **** @function RING_CRC16ccitt ? –í—ã—á–∏—Å–ª–µ–Ω–∏–µ –∫–æ–Ω—Ç—Ä–æ–ª—å–Ω–æ–π —Å—É–º–º—ã.
  45:IO_drivers/ring_buffer.c **** @param RING_buffer_t *buf ? –£–∫–∞–∑–∞—Ç–µ–ª—å –Ω–∞ –∫–æ–ª—å—Ü–µ–≤–æ–π –±—É—Ñ–µ—Ä.
  46:IO_drivers/ring_buffer.c **** @param uint16_t lenght ? –°–∫–æ–ª—å–∫–æ —ç–ª–µ–º–µ–Ω—Ç–æ–≤ –±—É—Ñ–µ—Ä–∞ —É—á–∞—Å—Ç–≤—É—é—Ç –≤ –ø–æ–
  47:IO_drivers/ring_buffer.c **** @param uint16_t position ? –° –∫–∞–∫–æ–≥–æ —ç–ª–µ–º–µ–Ω—Ç–∞ –Ω–∞—á–∏–Ω–∞—Ç—å.
  48:IO_drivers/ring_buffer.c **** @return uint16_t –†–µ–∑—É–ª—å—Ç–∞—Ç –≤—ã—á–∏—Å–ª–µ–Ω–∏—è –∫–æ–Ω—Ç—Ä–æ–ª—å–Ω–æ–π —Å—É–º–º—ã.
  49:IO_drivers/ring_buffer.c ****  */
  50:IO_drivers/ring_buffer.c **** uint16_t RING_CRC16ccitt(const RING_buffer_t *buf, uint16_t lenght, uint16_t position)
  51:IO_drivers/ring_buffer.c **** {
  52:IO_drivers/ring_buffer.c **** 	return RING_CRC16ccitt_Intermediate( buf, lenght, 0xFFFF, position);
  53:IO_drivers/ring_buffer.c **** }
  54:IO_drivers/ring_buffer.c **** 
  55:IO_drivers/ring_buffer.c **** /**
  56:IO_drivers/ring_buffer.c **** @function RING_CRC16ccitt_Intermediate ? –í—ã—á–∏—Å–ª–µ–Ω–∏–µ –∫–æ–Ω—Ç—Ä–æ–ª—å–Ω–æ–π —Å—É–º–º—ã —Å 
  57:IO_drivers/ring_buffer.c **** @param RING_buffer_t *buf ? –£–∫–∞–∑–∞—Ç–µ–ª—å –Ω–∞ –∫–æ–ª—å—Ü–µ–≤–æ–π –±—É—Ñ–µ—Ä.
  58:IO_drivers/ring_buffer.c **** @param uint16_t lenght ? –°–∫–æ–ª—å–∫–æ —ç–ª–µ–º–µ–Ω—Ç–æ–≤ –±—É—Ñ–µ—Ä–∞ —É—á–∞—Å—Ç–≤—É—é—Ç –≤ –ø–æ–
  59:IO_drivers/ring_buffer.c **** @param uint16_t tmpCrc ? –ù–∞—á–∞–ª—å–Ω–æ–µ –∑–Ω–∞—á–µ–Ω–∏–µ –∫–æ–Ω—Ç—Ä–æ–ª—å–Ω–æ–π —Å—É–º–º—ã.
  60:IO_drivers/ring_buffer.c **** @param uint16_t position ? –° –∫–∞–∫–æ–≥–æ —ç–ª–µ–º–µ–Ω—Ç–∞ –Ω–∞—á–∏–Ω–∞—Ç—å.
  61:IO_drivers/ring_buffer.c **** @return uint16_t –†–µ–∑—É–ª—å—Ç–∞—Ç –≤—ã—á–∏—Å–ª–µ–Ω–∏—è –∫–æ–Ω—Ç—Ä–æ–ª—å–Ω–æ–π —Å—É–º–º—ã.
  62:IO_drivers/ring_buffer.c ****  */
  63:IO_drivers/ring_buffer.c **** uint16_t RING_CRC16ccitt_Intermediate(const RING_buffer_t *buf, uint16_t lenght, uint16_t tmpCrc, u
  64:IO_drivers/ring_buffer.c **** {
  65:IO_drivers/ring_buffer.c **** 	uint16_t crc = tmpCrc;
  66:IO_drivers/ring_buffer.c **** 	uint16_t crctab;
  67:IO_drivers/ring_buffer.c **** 	uint8_t byte;
  68:IO_drivers/ring_buffer.c **** 	
  69:IO_drivers/ring_buffer.c ****     while (lenght--)
  70:IO_drivers/ring_buffer.c ****     {
  71:IO_drivers/ring_buffer.c ****         crctab = 0x0000;
  72:IO_drivers/ring_buffer.c ****         byte = (RING_ShowSymbol(buf, lenght + position))^( crc >> 8 );
  73:IO_drivers/ring_buffer.c ****         if( byte & 0x01 ) crctab ^= 0x1021;
  74:IO_drivers/ring_buffer.c ****         if( byte & 0x02 ) crctab ^= 0x2042;
  75:IO_drivers/ring_buffer.c ****         if( byte & 0x04 ) crctab ^= 0x4084;
  76:IO_drivers/ring_buffer.c ****         if( byte & 0x08 ) crctab ^= 0x8108;
  77:IO_drivers/ring_buffer.c ****         if( byte & 0x10 ) crctab ^= 0x1231;
  78:IO_drivers/ring_buffer.c ****         if( byte & 0x20 ) crctab ^= 0x2462;
  79:IO_drivers/ring_buffer.c ****         if( byte & 0x40 ) crctab ^= 0x48C4;
  80:IO_drivers/ring_buffer.c ****         if( byte & 0x80 ) crctab ^= 0x9188;
  81:IO_drivers/ring_buffer.c ****         
  82:IO_drivers/ring_buffer.c ****         crc = ( ( (crc & 0xFF)^(crctab >> 8) ) << 8 ) | ( crctab & 0xFF );
  83:IO_drivers/ring_buffer.c ****     }
  84:IO_drivers/ring_buffer.c ****     return crc;
  85:IO_drivers/ring_buffer.c **** }
  86:IO_drivers/ring_buffer.c **** 
  87:IO_drivers/ring_buffer.c **** 
  88:IO_drivers/ring_buffer.c **** //--------------------------@defgroup control –§—É–Ω–∫—Ü–∏–∏ —É–ø—Ä–∞–≤–ª–µ–Ω–∏—è –±—É—Ñ–µ—Ä–æ–º---
ARM GAS  /tmp/cc3XZTqk.s 			page 3


  89:IO_drivers/ring_buffer.c **** 
  90:IO_drivers/ring_buffer.c **** 
  91:IO_drivers/ring_buffer.c **** /**
  92:IO_drivers/ring_buffer.c **** @function RING_Init ? –ò–Ω–∏—Ü–∏–∞–ª–∏–∑–∞—Ü–∏—è –±—É—Ñ–µ—Ä–∞.
  93:IO_drivers/ring_buffer.c **** @param RING_buffer_t *ring ? –£–∫–∞–∑–∞—Ç–µ–ª—å –Ω–∞ –∫–æ–ª—å—Ü–µ–≤–æ–π –±—É—Ñ–µ—Ä.
  94:IO_drivers/ring_buffer.c **** @param uint8_t *buf ? –£–∫–∞–∑–∞—Ç–µ–ª—å –Ω–∞ –±—É—Ñ–µ—Ä —Ö—Ä–∞–Ω–µ–Ω–∏—è.
  95:IO_drivers/ring_buffer.c **** @param uint16_t size ? –°–∫–æ–ª—å–∫–æ —ç–ª–µ–º–µ–Ω—Ç–æ–≤ –≤ –±—É—Ñ–µ—Ä–µ.
  96:IO_drivers/ring_buffer.c **** @return RING_ErrorStatus_t –†–µ–∑—É–ª—å—Ç–∞—Ç –∏–Ω–∏—Ü–∏–∞–ª–∏–∑–∞—Ü–∏–∏ @ref RING_ErrorStatus_t
  97:IO_drivers/ring_buffer.c ****  */
  98:IO_drivers/ring_buffer.c **** 
  99:IO_drivers/ring_buffer.c **** RING_ErrorStatus_t RING_Init(RING_buffer_t *ring, uint8_t *buf, uint16_t size)
 100:IO_drivers/ring_buffer.c **** {
 101:IO_drivers/ring_buffer.c ****     ring->size = size; 
 102:IO_drivers/ring_buffer.c ****     ring->buffer = buf;
 103:IO_drivers/ring_buffer.c ****     RING_Clear( ring ); //–æ—á–∏—Å—Ç–∫–∞ –±—É—Ñ–µ—Ä–∞
 104:IO_drivers/ring_buffer.c **** 
 105:IO_drivers/ring_buffer.c ****     return ( ring->buffer ? RING_SUCCESS : RING_ERROR ) ;
 106:IO_drivers/ring_buffer.c **** }
 107:IO_drivers/ring_buffer.c **** 
 108:IO_drivers/ring_buffer.c **** /**
 109:IO_drivers/ring_buffer.c **** @function RING_GetCount ? –ö–æ–ª–∏—á–µ—Å—Ç–≤–æ –ø–æ–ª–µ–∑–Ω—ã—Ö –¥–∞–Ω–Ω—ã—Ö –≤ –±—É—Ñ–µ—Ä–µ.
 110:IO_drivers/ring_buffer.c **** @param RING_buffer_t *buf ? –£–∫–∞–∑–∞—Ç–µ–ª—å –Ω–∞ –∫–æ–ª—å—Ü–µ–≤–æ–π –±—É—Ñ–µ—Ä.
 111:IO_drivers/ring_buffer.c **** @return uint16_t –ö–æ–ª–∏—á–µ—Å—Ç–≤–æ –ø–æ–ª–µ–∑–Ω—ã—Ö –¥–∞–Ω–Ω—ã—Ö –≤ –±—É—Ñ–µ—Ä–µ.
 112:IO_drivers/ring_buffer.c ****  */
 113:IO_drivers/ring_buffer.c **** uint16_t RING_GetCount(const RING_buffer_t *buf)
 114:IO_drivers/ring_buffer.c **** {
  28              		.loc 1 114 1 view -0
  29              		.cfi_startproc
  30              		@ args = 0, pretend = 0, frame = 0
  31              		@ frame_needed = 0, uses_anonymous_args = 0
  32              		@ link register save eliminated.
 115:IO_drivers/ring_buffer.c ****     uint16_t retval = 0;
  33              		.loc 1 115 5 view .LVU1
 116:IO_drivers/ring_buffer.c ****     if (buf->idxIn < buf->idxOut) retval = buf->size + buf->idxIn - buf->idxOut;
  34              		.loc 1 116 5 view .LVU2
  35              		.loc 1 116 12 is_stmt 0 view .LVU3
  36 0000 8388     		ldrh	r3, [r0, #4]
  37              		.loc 1 116 25 view .LVU4
  38 0002 C288     		ldrh	r2, [r0, #6]
  39              		.loc 1 116 8 view .LVU5
  40 0004 9342     		cmp	r3, r2
  41 0006 05D2     		bcs	.L2
  42              		.loc 1 116 35 is_stmt 1 discriminator 1 view .LVU6
  43              		.loc 1 116 47 is_stmt 0 discriminator 1 view .LVU7
  44 0008 0089     		ldrh	r0, [r0, #8]
  45              	.LVL1:
  46              		.loc 1 116 54 discriminator 1 view .LVU8
  47 000a 1844     		add	r0, r0, r3
  48 000c 80B2     		uxth	r0, r0
  49              		.loc 1 116 42 discriminator 1 view .LVU9
  50 000e 801A     		subs	r0, r0, r2
  51 0010 80B2     		uxth	r0, r0
  52              	.LVL2:
  53              		.loc 1 116 42 discriminator 1 view .LVU10
  54 0012 7047     		bx	lr
  55              	.LVL3:
  56              	.L2:
ARM GAS  /tmp/cc3XZTqk.s 			page 4


 117:IO_drivers/ring_buffer.c ****     else retval = buf->idxIn - buf->idxOut;
  57              		.loc 1 117 10 is_stmt 1 view .LVU11
  58              		.loc 1 117 17 is_stmt 0 view .LVU12
  59 0014 981A     		subs	r0, r3, r2
  60              	.LVL4:
  61              		.loc 1 117 17 view .LVU13
  62 0016 80B2     		uxth	r0, r0
  63              	.LVL5:
 118:IO_drivers/ring_buffer.c ****     return retval;
  64              		.loc 1 118 5 is_stmt 1 view .LVU14
 119:IO_drivers/ring_buffer.c **** }
  65              		.loc 1 119 1 is_stmt 0 view .LVU15
  66 0018 7047     		bx	lr
  67              		.cfi_endproc
  68              	.LFE820:
  70              		.section	.text.RING_Clear,"ax",%progbits
  71              		.align	1
  72              		.global	RING_Clear
  73              		.syntax unified
  74              		.thumb
  75              		.thumb_func
  77              	RING_Clear:
  78              	.LVL6:
  79              	.LFB821:
 120:IO_drivers/ring_buffer.c **** 
 121:IO_drivers/ring_buffer.c **** /**
 122:IO_drivers/ring_buffer.c **** @function RING_Clear ? –û—á–∏—â–∞–µ—Ç –±—É—Ñ–µ—Ä.
 123:IO_drivers/ring_buffer.c **** @param RING_buffer_t *buf ? –£–∫–∞–∑–∞—Ç–µ–ª—å –Ω–∞ –∫–æ–ª—å—Ü–µ–≤–æ–π –±—É—Ñ–µ—Ä.
 124:IO_drivers/ring_buffer.c ****  */
 125:IO_drivers/ring_buffer.c **** void RING_Clear(RING_buffer_t* buf)
 126:IO_drivers/ring_buffer.c **** {
  80              		.loc 1 126 1 is_stmt 1 view -0
  81              		.cfi_startproc
  82              		@ args = 0, pretend = 0, frame = 0
  83              		@ frame_needed = 0, uses_anonymous_args = 0
  84              		.loc 1 126 1 is_stmt 0 view .LVU17
  85 0000 08B5     		push	{r3, lr}
  86              	.LCFI0:
  87              		.cfi_def_cfa_offset 8
  88              		.cfi_offset 3, -8
  89              		.cfi_offset 14, -4
 127:IO_drivers/ring_buffer.c ****     buf->idxIn = 0; //buf->idxIn - –∫–æ–ª–∏—á–µ—Å—Ç–≤–æ –ø–æ–ª—É—á–µ–Ω–Ω—ã—Ö –±–∞–π—Ç–æ–≤
  90              		.loc 1 127 5 is_stmt 1 view .LVU18
  91              		.loc 1 127 16 is_stmt 0 view .LVU19
  92 0002 0021     		movs	r1, #0
  93 0004 8180     		strh	r1, [r0, #4]	@ movhi
 128:IO_drivers/ring_buffer.c ****     buf->idxOut = 0; //buf->idxOut - –∫–æ–ª–∏—á–µ—Å—Ç–≤–æ –ø–µ—Ä–µ–¥–∞–Ω–Ω—ã—Ö –±–∞–π—Ç
  94              		.loc 1 128 5 is_stmt 1 view .LVU20
  95              		.loc 1 128 17 is_stmt 0 view .LVU21
  96 0006 C180     		strh	r1, [r0, #6]	@ movhi
 129:IO_drivers/ring_buffer.c **** 	memset(buf->buffer, 0, buf->size);
  97              		.loc 1 129 2 is_stmt 1 view .LVU22
  98 0008 0289     		ldrh	r2, [r0, #8]
  99 000a 0068     		ldr	r0, [r0]
 100              	.LVL7:
 101              		.loc 1 129 2 is_stmt 0 view .LVU23
 102 000c FFF7FEFF 		bl	memset
ARM GAS  /tmp/cc3XZTqk.s 			page 5


 103              	.LVL8:
 130:IO_drivers/ring_buffer.c **** }
 104              		.loc 1 130 1 view .LVU24
 105 0010 08BD     		pop	{r3, pc}
 106              		.cfi_endproc
 107              	.LFE821:
 109              		.section	.text.RING_Init,"ax",%progbits
 110              		.align	1
 111              		.global	RING_Init
 112              		.syntax unified
 113              		.thumb
 114              		.thumb_func
 116              	RING_Init:
 117              	.LVL9:
 118              	.LFB819:
 100:IO_drivers/ring_buffer.c ****     ring->size = size; 
 119              		.loc 1 100 1 is_stmt 1 view -0
 120              		.cfi_startproc
 121              		@ args = 0, pretend = 0, frame = 0
 122              		@ frame_needed = 0, uses_anonymous_args = 0
 100:IO_drivers/ring_buffer.c ****     ring->size = size; 
 123              		.loc 1 100 1 is_stmt 0 view .LVU26
 124 0000 10B5     		push	{r4, lr}
 125              	.LCFI1:
 126              		.cfi_def_cfa_offset 8
 127              		.cfi_offset 4, -8
 128              		.cfi_offset 14, -4
 129 0002 0446     		mov	r4, r0
 101:IO_drivers/ring_buffer.c ****     ring->buffer = buf;
 130              		.loc 1 101 5 is_stmt 1 view .LVU27
 101:IO_drivers/ring_buffer.c ****     ring->buffer = buf;
 131              		.loc 1 101 16 is_stmt 0 view .LVU28
 132 0004 0281     		strh	r2, [r0, #8]	@ movhi
 102:IO_drivers/ring_buffer.c ****     RING_Clear( ring ); //–æ—á–∏—Å—Ç–∫–∞ –±—É—Ñ–µ—Ä–∞
 133              		.loc 1 102 5 is_stmt 1 view .LVU29
 102:IO_drivers/ring_buffer.c ****     RING_Clear( ring ); //–æ—á–∏—Å—Ç–∫–∞ –±—É—Ñ–µ—Ä–∞
 134              		.loc 1 102 18 is_stmt 0 view .LVU30
 135 0006 0160     		str	r1, [r0]
 103:IO_drivers/ring_buffer.c **** 
 136              		.loc 1 103 5 is_stmt 1 view .LVU31
 137 0008 FFF7FEFF 		bl	RING_Clear
 138              	.LVL10:
 105:IO_drivers/ring_buffer.c **** }
 139              		.loc 1 105 5 view .LVU32
 105:IO_drivers/ring_buffer.c **** }
 140              		.loc 1 105 18 is_stmt 0 view .LVU33
 141 000c 2068     		ldr	r0, [r4]
 106:IO_drivers/ring_buffer.c **** 
 142              		.loc 1 106 1 view .LVU34
 143 000e 0038     		subs	r0, r0, #0
 144 0010 18BF     		it	ne
 145 0012 0120     		movne	r0, #1
 146 0014 10BD     		pop	{r4, pc}
 106:IO_drivers/ring_buffer.c **** 
 147              		.loc 1 106 1 view .LVU35
 148              		.cfi_endproc
 149              	.LFE819:
ARM GAS  /tmp/cc3XZTqk.s 			page 6


 151              		.section	.text.RING_Put,"ax",%progbits
 152              		.align	1
 153              		.global	RING_Put
 154              		.syntax unified
 155              		.thumb
 156              		.thumb_func
 158              	RING_Put:
 159              	.LVL11:
 160              	.LFB822:
 131:IO_drivers/ring_buffer.c **** 
 132:IO_drivers/ring_buffer.c **** //--------------------------@defgroup put –§—É–Ω–∫—Ü–∏–∏ –∑–∞–≥—Ä—É–∑–∫–∏ –¥–∞–Ω–Ω—ã—Ö –≤ –±—É—Ñ–µ—
 133:IO_drivers/ring_buffer.c **** 
 134:IO_drivers/ring_buffer.c **** /**
 135:IO_drivers/ring_buffer.c **** @function RING_Put ? –ó–∞–≥—Ä—É–∂–∞–µ—Ç —ç–ª–µ–º–µ–Ω—Ç –≤ –±—É—Ñ–µ—Ä.
 136:IO_drivers/ring_buffer.c **** @param uint8_t symbol ? –≠–ª–µ–º–µ–Ω—Ç –¥–ª—è –∑–∞–≥—Ä—É–∑–∫–∏ –≤ –±—É—Ñ–µ—Ä.
 137:IO_drivers/ring_buffer.c **** @param RING_buffer_t *buf ? –£–∫–∞–∑–∞—Ç–µ–ª—å –Ω–∞ –∫–æ–ª—å—Ü–µ–≤–æ–π –±—É—Ñ–µ—Ä.
 138:IO_drivers/ring_buffer.c ****  */
 139:IO_drivers/ring_buffer.c **** void RING_Put( RING_buffer_t* buf, uint8_t symbol)
 140:IO_drivers/ring_buffer.c **** {
 161              		.loc 1 140 1 is_stmt 1 view -0
 162              		.cfi_startproc
 163              		@ args = 0, pretend = 0, frame = 0
 164              		@ frame_needed = 0, uses_anonymous_args = 0
 165              		@ link register save eliminated.
 141:IO_drivers/ring_buffer.c ****     buf->buffer[buf->idxIn++] = symbol;
 166              		.loc 1 141 5 view .LVU37
 167              		.loc 1 141 8 is_stmt 0 view .LVU38
 168 0000 0268     		ldr	r2, [r0]
 169              		.loc 1 141 20 view .LVU39
 170 0002 8388     		ldrh	r3, [r0, #4]
 171              		.loc 1 141 27 view .LVU40
 172 0004 03F1010C 		add	ip, r3, #1
 173 0008 A0F804C0 		strh	ip, [r0, #4]	@ movhi
 174              		.loc 1 141 31 view .LVU41
 175 000c D154     		strb	r1, [r2, r3]
 142:IO_drivers/ring_buffer.c ****     if (buf->idxIn >= buf->size) 
 176              		.loc 1 142 5 is_stmt 1 view .LVU42
 177              		.loc 1 142 12 is_stmt 0 view .LVU43
 178 000e 8288     		ldrh	r2, [r0, #4]
 179              		.loc 1 142 26 view .LVU44
 180 0010 0389     		ldrh	r3, [r0, #8]
 181              		.loc 1 142 8 view .LVU45
 182 0012 9A42     		cmp	r2, r3
 183 0014 01D3     		bcc	.L8
 143:IO_drivers/ring_buffer.c **** 		{
 144:IO_drivers/ring_buffer.c **** 			buf->idxIn = 0;
 184              		.loc 1 144 4 is_stmt 1 view .LVU46
 185              		.loc 1 144 15 is_stmt 0 view .LVU47
 186 0016 0023     		movs	r3, #0
 187 0018 8380     		strh	r3, [r0, #4]	@ movhi
 188              	.L8:
 145:IO_drivers/ring_buffer.c **** 		}
 146:IO_drivers/ring_buffer.c **** }
 189              		.loc 1 146 1 view .LVU48
 190 001a 7047     		bx	lr
 191              		.cfi_endproc
 192              	.LFE822:
ARM GAS  /tmp/cc3XZTqk.s 			page 7


 194              		.section	.text.RING_Put16,"ax",%progbits
 195              		.align	1
 196              		.global	RING_Put16
 197              		.syntax unified
 198              		.thumb
 199              		.thumb_func
 201              	RING_Put16:
 202              	.LVL12:
 203              	.LFB823:
 147:IO_drivers/ring_buffer.c **** 
 148:IO_drivers/ring_buffer.c **** /**
 149:IO_drivers/ring_buffer.c **** @function RING_Put16 ? –ó–∞–≥—Ä—É–∂–∞–µ—Ç —ç–ª–µ–º–µ–Ω—Ç –≤ –±—É—Ñ–µ—Ä.
 150:IO_drivers/ring_buffer.c **** @param uint16_t symbol ? –≠–ª–µ–º–µ–Ω—Ç –¥–ª—è –∑–∞–≥—Ä—É–∑–∫–∏ –≤ –±—É—Ñ–µ—Ä.
 151:IO_drivers/ring_buffer.c **** @param RING_buffer_t *buf ? –£–∫–∞–∑–∞—Ç–µ–ª—å –Ω–∞ –∫–æ–ª—å—Ü–µ–≤–æ–π –±—É—Ñ–µ—Ä.
 152:IO_drivers/ring_buffer.c ****  */
 153:IO_drivers/ring_buffer.c **** void RING_Put16( RING_buffer_t* buf, uint16_t symbol)
 154:IO_drivers/ring_buffer.c **** {
 204              		.loc 1 154 1 is_stmt 1 view -0
 205              		.cfi_startproc
 206              		@ args = 0, pretend = 0, frame = 0
 207              		@ frame_needed = 0, uses_anonymous_args = 0
 208              		@ link register save eliminated.
 155:IO_drivers/ring_buffer.c ****     buf->buffer[buf->idxIn++] = symbol >> 8;
 209              		.loc 1 155 5 view .LVU50
 210              		.loc 1 155 8 is_stmt 0 view .LVU51
 211 0000 0268     		ldr	r2, [r0]
 212              		.loc 1 155 20 view .LVU52
 213 0002 8388     		ldrh	r3, [r0, #4]
 214              		.loc 1 155 27 view .LVU53
 215 0004 03F1010C 		add	ip, r3, #1
 216 0008 A0F804C0 		strh	ip, [r0, #4]	@ movhi
 217              		.loc 1 155 31 view .LVU54
 218 000c 4FEA112C 		lsr	ip, r1, #8
 219 0010 02F803C0 		strb	ip, [r2, r3]
 156:IO_drivers/ring_buffer.c ****     if (buf->idxIn >= buf->size) buf->idxIn = 0;
 220              		.loc 1 156 5 is_stmt 1 view .LVU55
 221              		.loc 1 156 12 is_stmt 0 view .LVU56
 222 0014 8288     		ldrh	r2, [r0, #4]
 223              		.loc 1 156 26 view .LVU57
 224 0016 0389     		ldrh	r3, [r0, #8]
 225              		.loc 1 156 8 view .LVU58
 226 0018 9A42     		cmp	r2, r3
 227 001a 01D3     		bcc	.L11
 228              		.loc 1 156 34 is_stmt 1 discriminator 1 view .LVU59
 229              		.loc 1 156 45 is_stmt 0 discriminator 1 view .LVU60
 230 001c 0023     		movs	r3, #0
 231 001e 8380     		strh	r3, [r0, #4]	@ movhi
 232              	.L11:
 157:IO_drivers/ring_buffer.c ****     buf->buffer[buf->idxIn++] = symbol & 0xFF;
 233              		.loc 1 157 5 is_stmt 1 view .LVU61
 234              		.loc 1 157 8 is_stmt 0 view .LVU62
 235 0020 0268     		ldr	r2, [r0]
 236              		.loc 1 157 20 view .LVU63
 237 0022 8388     		ldrh	r3, [r0, #4]
 238              		.loc 1 157 27 view .LVU64
 239 0024 03F1010C 		add	ip, r3, #1
 240 0028 A0F804C0 		strh	ip, [r0, #4]	@ movhi
ARM GAS  /tmp/cc3XZTqk.s 			page 8


 241              		.loc 1 157 31 view .LVU65
 242 002c D154     		strb	r1, [r2, r3]
 158:IO_drivers/ring_buffer.c ****     if (buf->idxIn >= buf->size) buf->idxIn = 0;
 243              		.loc 1 158 5 is_stmt 1 view .LVU66
 244              		.loc 1 158 12 is_stmt 0 view .LVU67
 245 002e 8288     		ldrh	r2, [r0, #4]
 246              		.loc 1 158 26 view .LVU68
 247 0030 0389     		ldrh	r3, [r0, #8]
 248              		.loc 1 158 8 view .LVU69
 249 0032 9A42     		cmp	r2, r3
 250 0034 01D3     		bcc	.L10
 251              		.loc 1 158 34 is_stmt 1 discriminator 1 view .LVU70
 252              		.loc 1 158 45 is_stmt 0 discriminator 1 view .LVU71
 253 0036 0023     		movs	r3, #0
 254 0038 8380     		strh	r3, [r0, #4]	@ movhi
 255              	.L10:
 159:IO_drivers/ring_buffer.c **** }
 256              		.loc 1 159 1 view .LVU72
 257 003a 7047     		bx	lr
 258              		.cfi_endproc
 259              	.LFE823:
 261              		.section	.text.RING_PutBuffr,"ax",%progbits
 262              		.align	1
 263              		.global	RING_PutBuffr
 264              		.syntax unified
 265              		.thumb
 266              		.thumb_func
 268              	RING_PutBuffr:
 269              	.LVL13:
 270              	.LFB824:
 160:IO_drivers/ring_buffer.c **** 
 161:IO_drivers/ring_buffer.c **** /**
 162:IO_drivers/ring_buffer.c **** @function RING_PutBuffr ? –ó–∞–≥—Ä—É–∂–∞–µ—Ç —ç–ª–µ–º–µ–Ω—Ç—ã –∏–∑ –º–∞—Å—Å–∏–≤–∞-–∏—Å—Ç–æ—á–Ω–∏–∫–
 163:IO_drivers/ring_buffer.c **** @param RING_buffer_t *ringbuf ? –£–∫–∞–∑–∞—Ç–µ–ª—å –Ω–∞ –∫–æ–ª—å—Ü–µ–≤–æ–π –±—É—Ñ–µ—Ä.
 164:IO_drivers/ring_buffer.c **** @param uint8_t *src ? –£–∫–∞–∑–∞—Ç–µ–ª—å –Ω–∞ –º–∞—Å—Å–∏–≤-–∏—Å—Ç–æ—á–Ω–∏–∫.
 165:IO_drivers/ring_buffer.c **** @param uint16_t len ? –∫–æ–ª–∏—á–µ—Å—Ç–≤–æ –∑–∞–≥—Ä—É–∂–∞–µ–º—ã—Ö —ç–ª–µ–º–µ–Ω—Ç–æ–≤.
 166:IO_drivers/ring_buffer.c ****  */
 167:IO_drivers/ring_buffer.c **** void RING_PutBuffr(RING_buffer_t *ringbuf, uint8_t *src, uint16_t len)
 168:IO_drivers/ring_buffer.c **** {
 271              		.loc 1 168 1 is_stmt 1 view -0
 272              		.cfi_startproc
 273              		@ args = 0, pretend = 0, frame = 0
 274              		@ frame_needed = 0, uses_anonymous_args = 0
 275              		.loc 1 168 1 is_stmt 0 view .LVU74
 276 0000 70B5     		push	{r4, r5, r6, lr}
 277              	.LCFI2:
 278              		.cfi_def_cfa_offset 16
 279              		.cfi_offset 4, -16
 280              		.cfi_offset 5, -12
 281              		.cfi_offset 6, -8
 282              		.cfi_offset 14, -4
 283 0002 0646     		mov	r6, r0
 284 0004 0C46     		mov	r4, r1
 169:IO_drivers/ring_buffer.c ****     while(len--) RING_Put(ringbuf, *(src++));
 285              		.loc 1 169 5 is_stmt 1 view .LVU75
 286              		.loc 1 169 10 is_stmt 0 view .LVU76
 287 0006 05E0     		b	.L14
ARM GAS  /tmp/cc3XZTqk.s 			page 9


 288              	.LVL14:
 289              	.L15:
 290              		.loc 1 169 18 is_stmt 1 discriminator 2 view .LVU77
 291              		.loc 1 169 18 is_stmt 0 discriminator 2 view .LVU78
 292 0008 14F8011B 		ldrb	r1, [r4], #1	@ zero_extendqisi2
 293              	.LVL15:
 294              		.loc 1 169 18 discriminator 2 view .LVU79
 295 000c 3046     		mov	r0, r6
 296 000e FFF7FEFF 		bl	RING_Put
 297              	.LVL16:
 298              		.loc 1 169 14 discriminator 2 view .LVU80
 299 0012 2A46     		mov	r2, r5
 300              	.LVL17:
 301              	.L14:
 302              		.loc 1 169 10 is_stmt 1 discriminator 1 view .LVU81
 303              		.loc 1 169 14 is_stmt 0 discriminator 1 view .LVU82
 304 0014 531E     		subs	r3, r2, #1
 305 0016 9DB2     		uxth	r5, r3
 306              	.LVL18:
 307              		.loc 1 169 10 discriminator 1 view .LVU83
 308 0018 002A     		cmp	r2, #0
 309 001a F5D1     		bne	.L15
 170:IO_drivers/ring_buffer.c **** }
 310              		.loc 1 170 1 view .LVU84
 311 001c 70BD     		pop	{r4, r5, r6, pc}
 312              		.loc 1 170 1 view .LVU85
 313              		.cfi_endproc
 314              	.LFE824:
 316              		.section	.text.RING_Pop,"ax",%progbits
 317              		.align	1
 318              		.global	RING_Pop
 319              		.syntax unified
 320              		.thumb
 321              		.thumb_func
 323              	RING_Pop:
 324              	.LVL19:
 325              	.LFB825:
 171:IO_drivers/ring_buffer.c **** 
 172:IO_drivers/ring_buffer.c **** //-------------------------@defgroup pop –§—É–Ω–∫—Ü–∏–∏ –≤—ã–≥—Ä—É–∑–∫–∏ –¥–∞–Ω–Ω—ã—Ö –∏–∑ –±—É—Ñ–µ
 173:IO_drivers/ring_buffer.c **** 
 174:IO_drivers/ring_buffer.c **** /**
 175:IO_drivers/ring_buffer.c **** @function RING_Pop ? –ü–æ–ª—É—á–∞–µ—Ç –∏–∑ –±—É—Ñ–µ—Ä–∞ –±–∞–π—Ç.
 176:IO_drivers/ring_buffer.c **** @param RING_buffer_t *buf ? –£–∫–∞–∑–∞—Ç–µ–ª—å –Ω–∞ –∫–æ–ª—å—Ü–µ–≤–æ–π –±—É—Ñ–µ—Ä.
 177:IO_drivers/ring_buffer.c **** @return uint8_t –ó–Ω–∞—á–µ–Ω–∏–µ –ø–æ–ª—É—á–µ–Ω–æ–≥–æ —ç–ª–µ–º–µ–Ω—Ç–∞.
 178:IO_drivers/ring_buffer.c ****  */
 179:IO_drivers/ring_buffer.c **** uint8_t RING_Pop(RING_buffer_t *buf)
 180:IO_drivers/ring_buffer.c **** {
 326              		.loc 1 180 1 is_stmt 1 view -0
 327              		.cfi_startproc
 328              		@ args = 0, pretend = 0, frame = 0
 329              		@ frame_needed = 0, uses_anonymous_args = 0
 330              		@ link register save eliminated.
 331              		.loc 1 180 1 is_stmt 0 view .LVU87
 332 0000 0346     		mov	r3, r0
 181:IO_drivers/ring_buffer.c ****     uint8_t retval = buf->buffer[buf->idxOut++];
 333              		.loc 1 181 5 is_stmt 1 view .LVU88
 334              		.loc 1 181 25 is_stmt 0 view .LVU89
ARM GAS  /tmp/cc3XZTqk.s 			page 10


 335 0002 0068     		ldr	r0, [r0]
 336              	.LVL20:
 337              		.loc 1 181 37 view .LVU90
 338 0004 D988     		ldrh	r1, [r3, #6]
 339              		.loc 1 181 45 view .LVU91
 340 0006 4A1C     		adds	r2, r1, #1
 341 0008 92B2     		uxth	r2, r2
 342 000a DA80     		strh	r2, [r3, #6]	@ movhi
 343              		.loc 1 181 13 view .LVU92
 344 000c 405C     		ldrb	r0, [r0, r1]	@ zero_extendqisi2
 345              	.LVL21:
 182:IO_drivers/ring_buffer.c ****     if (buf->idxOut >= buf->size) 
 346              		.loc 1 182 5 is_stmt 1 view .LVU93
 347              		.loc 1 182 27 is_stmt 0 view .LVU94
 348 000e 1989     		ldrh	r1, [r3, #8]
 349              		.loc 1 182 8 view .LVU95
 350 0010 8A42     		cmp	r2, r1
 351 0012 01D3     		bcc	.L18
 183:IO_drivers/ring_buffer.c **** 			buf->idxOut = 0;
 352              		.loc 1 183 4 is_stmt 1 view .LVU96
 353              		.loc 1 183 16 is_stmt 0 view .LVU97
 354 0014 0022     		movs	r2, #0
 355 0016 DA80     		strh	r2, [r3, #6]	@ movhi
 356              	.L18:
 184:IO_drivers/ring_buffer.c ****     return retval;
 357              		.loc 1 184 5 is_stmt 1 view .LVU98
 185:IO_drivers/ring_buffer.c **** }
 358              		.loc 1 185 1 is_stmt 0 view .LVU99
 359 0018 7047     		bx	lr
 360              		.cfi_endproc
 361              	.LFE825:
 363              		.section	.text.RING_Pop16,"ax",%progbits
 364              		.align	1
 365              		.global	RING_Pop16
 366              		.syntax unified
 367              		.thumb
 368              		.thumb_func
 370              	RING_Pop16:
 371              	.LVL22:
 372              	.LFB826:
 186:IO_drivers/ring_buffer.c **** 
 187:IO_drivers/ring_buffer.c **** /**
 188:IO_drivers/ring_buffer.c **** @function RING_Pop16 ? –ü–æ–ª—É—á–∞–µ—Ç –∏–∑ –±—É—Ñ–µ—Ä–∞ 16-–±–∏—Ç–Ω–æ–µ —á–∏—Å–ª–æ.
 189:IO_drivers/ring_buffer.c **** @param RING_buffer_t *buf ? –£–∫–∞–∑–∞—Ç–µ–ª—å –Ω–∞ –∫–æ–ª—å—Ü–µ–≤–æ–π –±—É—Ñ–µ—Ä.
 190:IO_drivers/ring_buffer.c **** @return uint16_t –ó–Ω–∞—á–µ–Ω–∏–µ –ø–æ–ª—É—á–µ–Ω–æ–≥–æ —ç–ª–µ–º–µ–Ω—Ç–∞.
 191:IO_drivers/ring_buffer.c ****  */
 192:IO_drivers/ring_buffer.c **** uint16_t RING_Pop16(RING_buffer_t *buf)
 193:IO_drivers/ring_buffer.c **** {
 373              		.loc 1 193 1 is_stmt 1 view -0
 374              		.cfi_startproc
 375              		@ args = 0, pretend = 0, frame = 0
 376              		@ frame_needed = 0, uses_anonymous_args = 0
 377              		.loc 1 193 1 is_stmt 0 view .LVU101
 378 0000 38B5     		push	{r3, r4, r5, lr}
 379              	.LCFI3:
 380              		.cfi_def_cfa_offset 16
 381              		.cfi_offset 3, -16
ARM GAS  /tmp/cc3XZTqk.s 			page 11


 382              		.cfi_offset 4, -12
 383              		.cfi_offset 5, -8
 384              		.cfi_offset 14, -4
 385 0002 0546     		mov	r5, r0
 194:IO_drivers/ring_buffer.c ****     uint16_t retval = RING_Pop(buf) << 8;
 386              		.loc 1 194 5 is_stmt 1 view .LVU102
 387              		.loc 1 194 23 is_stmt 0 view .LVU103
 388 0004 FFF7FEFF 		bl	RING_Pop
 389              	.LVL23:
 390              		.loc 1 194 23 view .LVU104
 391 0008 84B2     		uxth	r4, r0
 392              		.loc 1 194 14 view .LVU105
 393 000a 2402     		lsls	r4, r4, #8
 394 000c A4B2     		uxth	r4, r4
 395              	.LVL24:
 195:IO_drivers/ring_buffer.c ****     retval += RING_Pop(buf);
 396              		.loc 1 195 5 is_stmt 1 view .LVU106
 397              		.loc 1 195 15 is_stmt 0 view .LVU107
 398 000e 2846     		mov	r0, r5
 399 0010 FFF7FEFF 		bl	RING_Pop
 400              	.LVL25:
 401 0014 80B2     		uxth	r0, r0
 402              		.loc 1 195 12 view .LVU108
 403 0016 2044     		add	r0, r0, r4
 404              	.LVL26:
 196:IO_drivers/ring_buffer.c ****     return retval;
 405              		.loc 1 196 5 is_stmt 1 view .LVU109
 197:IO_drivers/ring_buffer.c **** }
 406              		.loc 1 197 1 is_stmt 0 view .LVU110
 407 0018 80B2     		uxth	r0, r0
 408              		.loc 1 197 1 view .LVU111
 409 001a 38BD     		pop	{r3, r4, r5, pc}
 410              		.loc 1 197 1 view .LVU112
 411              		.cfi_endproc
 412              	.LFE826:
 414              		.section	.text.RING_Pop32,"ax",%progbits
 415              		.align	1
 416              		.global	RING_Pop32
 417              		.syntax unified
 418              		.thumb
 419              		.thumb_func
 421              	RING_Pop32:
 422              	.LVL27:
 423              	.LFB827:
 198:IO_drivers/ring_buffer.c **** 
 199:IO_drivers/ring_buffer.c **** /**
 200:IO_drivers/ring_buffer.c **** @function RING_Pop32 ? –ü–æ–ª—É—á–∞–µ—Ç –∏–∑ –±—É—Ñ–µ—Ä–∞ 32-–±–∏—Ç–Ω–æ–µ —á–∏—Å–ª–æ.
 201:IO_drivers/ring_buffer.c **** @param RING_buffer_t *buf ? –£–∫–∞–∑–∞—Ç–µ–ª—å –Ω–∞ –∫–æ–ª—å—Ü–µ–≤–æ–π –±—É—Ñ–µ—Ä.
 202:IO_drivers/ring_buffer.c **** @return uint32_t –ó–Ω–∞—á–µ–Ω–∏–µ –ø–æ–ª—É—á–µ–Ω–æ–≥–æ —ç–ª–µ–º–µ–Ω—Ç–∞.
 203:IO_drivers/ring_buffer.c ****  */
 204:IO_drivers/ring_buffer.c **** uint32_t RING_Pop32(RING_buffer_t *buf)
 205:IO_drivers/ring_buffer.c **** {
 424              		.loc 1 205 1 is_stmt 1 view -0
 425              		.cfi_startproc
 426              		@ args = 0, pretend = 0, frame = 0
 427              		@ frame_needed = 0, uses_anonymous_args = 0
 428              		.loc 1 205 1 is_stmt 0 view .LVU114
ARM GAS  /tmp/cc3XZTqk.s 			page 12


 429 0000 38B5     		push	{r3, r4, r5, lr}
 430              	.LCFI4:
 431              		.cfi_def_cfa_offset 16
 432              		.cfi_offset 3, -16
 433              		.cfi_offset 4, -12
 434              		.cfi_offset 5, -8
 435              		.cfi_offset 14, -4
 436 0002 0546     		mov	r5, r0
 206:IO_drivers/ring_buffer.c ****     uint32_t retval  = RING_Pop(buf) << 8;
 437              		.loc 1 206 5 is_stmt 1 view .LVU115
 438              		.loc 1 206 24 is_stmt 0 view .LVU116
 439 0004 FFF7FEFF 		bl	RING_Pop
 440              	.LVL28:
 441              		.loc 1 206 38 view .LVU117
 442 0008 0402     		lsls	r4, r0, #8
 443              	.LVL29:
 207:IO_drivers/ring_buffer.c ****     retval += RING_Pop(buf) << 8;
 444              		.loc 1 207 5 is_stmt 1 view .LVU118
 445              		.loc 1 207 15 is_stmt 0 view .LVU119
 446 000a 2846     		mov	r0, r5
 447 000c FFF7FEFF 		bl	RING_Pop
 448              	.LVL30:
 449              		.loc 1 207 12 view .LVU120
 450 0010 04EB0024 		add	r4, r4, r0, lsl #8
 451              	.LVL31:
 208:IO_drivers/ring_buffer.c ****     retval += RING_Pop(buf) << 8;
 452              		.loc 1 208 5 is_stmt 1 view .LVU121
 453              		.loc 1 208 15 is_stmt 0 view .LVU122
 454 0014 2846     		mov	r0, r5
 455 0016 FFF7FEFF 		bl	RING_Pop
 456              	.LVL32:
 457              		.loc 1 208 12 view .LVU123
 458 001a 04EB0024 		add	r4, r4, r0, lsl #8
 459              	.LVL33:
 209:IO_drivers/ring_buffer.c ****     retval += RING_Pop(buf);
 460              		.loc 1 209 5 is_stmt 1 view .LVU124
 461              		.loc 1 209 15 is_stmt 0 view .LVU125
 462 001e 2846     		mov	r0, r5
 463 0020 FFF7FEFF 		bl	RING_Pop
 464              	.LVL34:
 210:IO_drivers/ring_buffer.c ****     return retval;
 465              		.loc 1 210 5 is_stmt 1 view .LVU126
 211:IO_drivers/ring_buffer.c **** }
 466              		.loc 1 211 1 is_stmt 0 view .LVU127
 467 0024 2044     		add	r0, r0, r4
 468              	.LVL35:
 469              		.loc 1 211 1 view .LVU128
 470 0026 38BD     		pop	{r3, r4, r5, pc}
 471              		.loc 1 211 1 view .LVU129
 472              		.cfi_endproc
 473              	.LFE827:
 475              		.section	.text.RING_PopBuffr,"ax",%progbits
 476              		.align	1
 477              		.global	RING_PopBuffr
 478              		.syntax unified
 479              		.thumb
 480              		.thumb_func
ARM GAS  /tmp/cc3XZTqk.s 			page 13


 482              	RING_PopBuffr:
 483              	.LVL36:
 484              	.LFB828:
 212:IO_drivers/ring_buffer.c **** 
 213:IO_drivers/ring_buffer.c **** /**
 214:IO_drivers/ring_buffer.c **** @function RING_PopBuffr ? –ó–∞–ø–æ–ª–Ω—è–µ—Ç —ç–ª–µ–º–µ–Ω—Ç–∞–º–∏ –∫–æ–ª—å—Ü–µ–≤–æ–≥–æ –±—É—Ñ–µ—Ä–∞
 215:IO_drivers/ring_buffer.c **** @param RING_buffer_t *ringbuf ? –£–∫–∞–∑–∞—Ç–µ–ª—å –Ω–∞ –∫–æ–ª—å—Ü–µ–≤–æ–π –±—É—Ñ–µ—Ä.
 216:IO_drivers/ring_buffer.c **** @param uint8_t *destination ? –£–∫–∞–∑–∞—Ç–µ–ª—å –Ω–∞ –º–∞—Å—Å–∏–≤.
 217:IO_drivers/ring_buffer.c **** @param uint16_t len ? –∫–æ–ª–∏—á–µ—Å—Ç–≤–æ –ø–æ–ª—É—á–∞–µ–º—ã—Ö —ç–ª–µ–º–µ–Ω—Ç–æ–≤.
 218:IO_drivers/ring_buffer.c ****  */
 219:IO_drivers/ring_buffer.c **** void RING_PopBuffr(RING_buffer_t *ringbuf, uint8_t *destination, uint16_t len)
 220:IO_drivers/ring_buffer.c **** {
 485              		.loc 1 220 1 is_stmt 1 view -0
 486              		.cfi_startproc
 487              		@ args = 0, pretend = 0, frame = 0
 488              		@ frame_needed = 0, uses_anonymous_args = 0
 489              		.loc 1 220 1 is_stmt 0 view .LVU131
 490 0000 70B5     		push	{r4, r5, r6, lr}
 491              	.LCFI5:
 492              		.cfi_def_cfa_offset 16
 493              		.cfi_offset 4, -16
 494              		.cfi_offset 5, -12
 495              		.cfi_offset 6, -8
 496              		.cfi_offset 14, -4
 497 0002 0646     		mov	r6, r0
 498 0004 0C46     		mov	r4, r1
 221:IO_drivers/ring_buffer.c ****     while(len--) *(destination++) = RING_Pop(ringbuf);
 499              		.loc 1 221 5 is_stmt 1 view .LVU132
 500              		.loc 1 221 10 is_stmt 0 view .LVU133
 501 0006 05E0     		b	.L24
 502              	.LVL37:
 503              	.L25:
 504              		.loc 1 221 18 is_stmt 1 discriminator 2 view .LVU134
 505              		.loc 1 221 37 is_stmt 0 discriminator 2 view .LVU135
 506 0008 3046     		mov	r0, r6
 507 000a FFF7FEFF 		bl	RING_Pop
 508              	.LVL38:
 509              		.loc 1 221 35 discriminator 2 view .LVU136
 510 000e 04F8010B 		strb	r0, [r4], #1
 511              	.LVL39:
 512              		.loc 1 221 14 discriminator 2 view .LVU137
 513 0012 2A46     		mov	r2, r5
 514              	.LVL40:
 515              	.L24:
 516              		.loc 1 221 10 is_stmt 1 discriminator 1 view .LVU138
 517              		.loc 1 221 14 is_stmt 0 discriminator 1 view .LVU139
 518 0014 531E     		subs	r3, r2, #1
 519 0016 9DB2     		uxth	r5, r3
 520              	.LVL41:
 521              		.loc 1 221 10 discriminator 1 view .LVU140
 522 0018 002A     		cmp	r2, #0
 523 001a F5D1     		bne	.L25
 222:IO_drivers/ring_buffer.c **** }
 524              		.loc 1 222 1 view .LVU141
 525 001c 70BD     		pop	{r4, r5, r6, pc}
 526              		.loc 1 222 1 view .LVU142
 527              		.cfi_endproc
ARM GAS  /tmp/cc3XZTqk.s 			page 14


 528              	.LFE828:
 530              		.section	.text.RING_ShowSymbol,"ax",%progbits
 531              		.align	1
 532              		.global	RING_ShowSymbol
 533              		.syntax unified
 534              		.thumb
 535              		.thumb_func
 537              	RING_ShowSymbol:
 538              	.LVL42:
 539              	.LFB830:
 223:IO_drivers/ring_buffer.c **** 
 224:IO_drivers/ring_buffer.c **** /**
 225:IO_drivers/ring_buffer.c **** @function RING_PopString ? –°—á–∏—Ç—ã–≤–∞–µ—Ç –Ω—É–ª—å—Ç–µ—Ä–º–∏–Ω–∞–ª—å–Ω—É—é —Å—Ç—Ä–æ–∫—É –∏–∑ –±
 226:IO_drivers/ring_buffer.c **** @param RING_buffer_t *ringbuf ? –£–∫–∞–∑–∞—Ç–µ–ª—å –Ω–∞ –∫–æ–ª—å—Ü–µ–≤–æ–π –±—É—Ñ–µ—Ä.
 227:IO_drivers/ring_buffer.c **** @param char *string ? –£–∫–∞–∑–∞—Ç–µ–ª—å –Ω–∞ –º–∞—Å—Å–∏–≤.
 228:IO_drivers/ring_buffer.c ****  */
 229:IO_drivers/ring_buffer.c **** void RING_PopString(RING_buffer_t *ringbuf, char *string)
 230:IO_drivers/ring_buffer.c **** {
 231:IO_drivers/ring_buffer.c ****     while(RING_ShowSymbol(ringbuf,0) > 0) *(string++) = RING_Pop(ringbuf);
 232:IO_drivers/ring_buffer.c **** }
 233:IO_drivers/ring_buffer.c **** 
 234:IO_drivers/ring_buffer.c **** 
 235:IO_drivers/ring_buffer.c **** /** @} */
 236:IO_drivers/ring_buffer.c **** 
 237:IO_drivers/ring_buffer.c **** //---------------------------------@defgroup other –î—Ä—É–≥–∏–µ —Ñ—É–Ω–∫—Ü–∏–∏---------------------
 238:IO_drivers/ring_buffer.c **** 
 239:IO_drivers/ring_buffer.c **** /**
 240:IO_drivers/ring_buffer.c **** @function RING_ShowSymbol ? –ü–æ–∫–∞–∑—ã–≤–∞–µ—Ç —Å–æ–¥–µ—Ä–∂–∏–º–æ–µ —ç–ª–µ–º–µ–Ω—Ç–∞ –±–µ–∑ –µ–≥–
 241:IO_drivers/ring_buffer.c **** @param RING_buffer_t *ringbuf ? –£–∫–∞–∑–∞—Ç–µ–ª—å –Ω–∞ –∫–æ–ª—å—Ü–µ–≤–æ–π –±—É—Ñ–µ—Ä.
 242:IO_drivers/ring_buffer.c **** @param uint16_t symbolNumbe ? –ù–æ–º–µ—Ä —ç–ª–µ–º–µ–Ω—Ç–∞.
 243:IO_drivers/ring_buffer.c **** @return int32_t –ó–Ω–∞—á–µ–Ω–∏–µ –ø–æ–ª—É—á–µ–Ω–æ–≥–æ —ç–ª–µ–º–µ–Ω—Ç–∞. -1 –µ—Å–ª–∏ –æ—à–∏–±–∫–∞.
 244:IO_drivers/ring_buffer.c ****  */
 245:IO_drivers/ring_buffer.c **** int32_t RING_ShowSymbol(const RING_buffer_t *buf, uint16_t symbolNumber)
 246:IO_drivers/ring_buffer.c **** {
 540              		.loc 1 246 1 is_stmt 1 view -0
 541              		.cfi_startproc
 542              		@ args = 0, pretend = 0, frame = 0
 543              		@ frame_needed = 0, uses_anonymous_args = 0
 544              		.loc 1 246 1 is_stmt 0 view .LVU144
 545 0000 70B5     		push	{r4, r5, r6, lr}
 546              	.LCFI6:
 547              		.cfi_def_cfa_offset 16
 548              		.cfi_offset 4, -16
 549              		.cfi_offset 5, -12
 550              		.cfi_offset 6, -8
 551              		.cfi_offset 14, -4
 552 0002 0446     		mov	r4, r0
 553 0004 0E46     		mov	r6, r1
 247:IO_drivers/ring_buffer.c ****     uint32_t pointer = buf->idxOut + symbolNumber;
 554              		.loc 1 247 5 is_stmt 1 view .LVU145
 555              		.loc 1 247 27 is_stmt 0 view .LVU146
 556 0006 C588     		ldrh	r5, [r0, #6]
 557              		.loc 1 247 36 view .LVU147
 558 0008 0D44     		add	r5, r5, r1
 559              	.LVL43:
 248:IO_drivers/ring_buffer.c ****     int32_t  retval = -1;
 560              		.loc 1 248 5 is_stmt 1 view .LVU148
ARM GAS  /tmp/cc3XZTqk.s 			page 15


 249:IO_drivers/ring_buffer.c ****     if (symbolNumber < RING_GetCount(buf))
 561              		.loc 1 249 5 view .LVU149
 562              		.loc 1 249 24 is_stmt 0 view .LVU150
 563 000a FFF7FEFF 		bl	RING_GetCount
 564              	.LVL44:
 565              		.loc 1 249 8 view .LVU151
 566 000e B042     		cmp	r0, r6
 567 0010 06D9     		bls	.L30
 250:IO_drivers/ring_buffer.c ****     {
 251:IO_drivers/ring_buffer.c ****         if (pointer > buf->size) pointer -= buf->size;
 568              		.loc 1 251 9 is_stmt 1 view .LVU152
 569              		.loc 1 251 26 is_stmt 0 view .LVU153
 570 0012 2389     		ldrh	r3, [r4, #8]
 571              		.loc 1 251 12 view .LVU154
 572 0014 AB42     		cmp	r3, r5
 573 0016 00D2     		bcs	.L29
 574              		.loc 1 251 34 is_stmt 1 discriminator 1 view .LVU155
 575              		.loc 1 251 42 is_stmt 0 discriminator 1 view .LVU156
 576 0018 ED1A     		subs	r5, r5, r3
 577              	.LVL45:
 578              	.L29:
 252:IO_drivers/ring_buffer.c ****         retval = buf->buffer[ pointer ] ;
 579              		.loc 1 252 9 is_stmt 1 view .LVU157
 580              		.loc 1 252 21 is_stmt 0 view .LVU158
 581 001a 2368     		ldr	r3, [r4]
 582              		.loc 1 252 29 view .LVU159
 583 001c 585D     		ldrb	r0, [r3, r5]	@ zero_extendqisi2
 584              	.LVL46:
 585              	.L27:
 253:IO_drivers/ring_buffer.c ****     }
 254:IO_drivers/ring_buffer.c ****     return retval;
 255:IO_drivers/ring_buffer.c **** }
 586              		.loc 1 255 1 view .LVU160
 587 001e 70BD     		pop	{r4, r5, r6, pc}
 588              	.LVL47:
 589              	.L30:
 248:IO_drivers/ring_buffer.c ****     if (symbolNumber < RING_GetCount(buf))
 590              		.loc 1 248 14 view .LVU161
 591 0020 4FF0FF30 		mov	r0, #-1
 254:IO_drivers/ring_buffer.c **** }
 592              		.loc 1 254 5 is_stmt 1 view .LVU162
 254:IO_drivers/ring_buffer.c **** }
 593              		.loc 1 254 12 is_stmt 0 view .LVU163
 594 0024 FBE7     		b	.L27
 595              		.cfi_endproc
 596              	.LFE830:
 598              		.section	.text.RING_CRC16ccitt_Intermediate,"ax",%progbits
 599              		.align	1
 600              		.global	RING_CRC16ccitt_Intermediate
 601              		.syntax unified
 602              		.thumb
 603              		.thumb_func
 605              	RING_CRC16ccitt_Intermediate:
 606              	.LVL48:
 607              	.LFB818:
  64:IO_drivers/ring_buffer.c **** 	uint16_t crc = tmpCrc;
 608              		.loc 1 64 1 is_stmt 1 view -0
ARM GAS  /tmp/cc3XZTqk.s 			page 16


 609              		.cfi_startproc
 610              		@ args = 0, pretend = 0, frame = 0
 611              		@ frame_needed = 0, uses_anonymous_args = 0
  64:IO_drivers/ring_buffer.c **** 	uint16_t crc = tmpCrc;
 612              		.loc 1 64 1 is_stmt 0 view .LVU165
 613 0000 F8B5     		push	{r3, r4, r5, r6, r7, lr}
 614              	.LCFI7:
 615              		.cfi_def_cfa_offset 24
 616              		.cfi_offset 3, -24
 617              		.cfi_offset 4, -20
 618              		.cfi_offset 5, -16
 619              		.cfi_offset 6, -12
 620              		.cfi_offset 7, -8
 621              		.cfi_offset 14, -4
 622 0002 0746     		mov	r7, r0
 623 0004 1446     		mov	r4, r2
 624 0006 1E46     		mov	r6, r3
  65:IO_drivers/ring_buffer.c **** 	uint16_t crctab;
 625              		.loc 1 65 2 is_stmt 1 view .LVU166
 626              	.LVL49:
  66:IO_drivers/ring_buffer.c **** 	uint8_t byte;
 627              		.loc 1 66 2 view .LVU167
  67:IO_drivers/ring_buffer.c **** 	
 628              		.loc 1 67 2 view .LVU168
  69:IO_drivers/ring_buffer.c ****     {
 629              		.loc 1 69 5 view .LVU169
  69:IO_drivers/ring_buffer.c ****     {
 630              		.loc 1 69 11 is_stmt 0 view .LVU170
 631 0008 0CE0     		b	.L33
 632              	.LVL50:
 633              	.L43:
  73:IO_drivers/ring_buffer.c ****         if( byte & 0x02 ) crctab ^= 0x2042;
 634              		.loc 1 73 34 view .LVU171
 635 000a 41F22101 		movw	r1, #4129
 636 000e 19E0     		b	.L34
 637              	.LVL51:
 638              	.L40:
  80:IO_drivers/ring_buffer.c ****         
 639              		.loc 1 80 9 is_stmt 1 view .LVU172
  80:IO_drivers/ring_buffer.c ****         
 640              		.loc 1 80 11 is_stmt 0 view .LVU173
 641 0010 002B     		cmp	r3, #0
 642 0012 42DB     		blt	.L45
 643              	.L41:
  82:IO_drivers/ring_buffer.c ****     }
 644              		.loc 1 82 9 is_stmt 1 view .LVU174
  82:IO_drivers/ring_buffer.c ****     }
 645              		.loc 1 82 31 is_stmt 0 view .LVU175
 646 0014 E4B2     		uxtb	r4, r4
 647              	.LVL52:
  82:IO_drivers/ring_buffer.c ****     }
 648              		.loc 1 82 31 view .LVU176
 649 0016 84EA1124 		eor	r4, r4, r1, lsr #8
  82:IO_drivers/ring_buffer.c ****     }
 650              		.loc 1 82 66 view .LVU177
 651 001a C9B2     		uxtb	r1, r1
 652              	.LVL53:
ARM GAS  /tmp/cc3XZTqk.s 			page 17


  82:IO_drivers/ring_buffer.c ****     }
 653              		.loc 1 82 55 view .LVU178
 654 001c 41EA0421 		orr	r1, r1, r4, lsl #8
  82:IO_drivers/ring_buffer.c ****     }
 655              		.loc 1 82 13 view .LVU179
 656 0020 8CB2     		uxth	r4, r1
 657              	.LVL54:
  69:IO_drivers/ring_buffer.c ****     {
 658              		.loc 1 69 18 view .LVU180
 659 0022 2946     		mov	r1, r5
 660              	.LVL55:
 661              	.L33:
  69:IO_drivers/ring_buffer.c ****     {
 662              		.loc 1 69 11 is_stmt 1 view .LVU181
  69:IO_drivers/ring_buffer.c ****     {
 663              		.loc 1 69 18 is_stmt 0 view .LVU182
 664 0024 4D1E     		subs	r5, r1, #1
 665 0026 ADB2     		uxth	r5, r5
 666              	.LVL56:
  69:IO_drivers/ring_buffer.c ****     {
 667              		.loc 1 69 11 view .LVU183
 668 0028 E1B3     		cbz	r1, .L46
  71:IO_drivers/ring_buffer.c ****         byte = (RING_ShowSymbol(buf, lenght + position))^( crc >> 8 );
 669              		.loc 1 71 9 is_stmt 1 view .LVU184
 670              	.LVL57:
  72:IO_drivers/ring_buffer.c ****         if( byte & 0x01 ) crctab ^= 0x1021;
 671              		.loc 1 72 9 view .LVU185
  72:IO_drivers/ring_buffer.c ****         if( byte & 0x01 ) crctab ^= 0x1021;
 672              		.loc 1 72 17 is_stmt 0 view .LVU186
 673 002a A919     		adds	r1, r5, r6
 674 002c 89B2     		uxth	r1, r1
 675 002e 3846     		mov	r0, r7
 676 0030 FFF7FEFF 		bl	RING_ShowSymbol
 677              	.LVL58:
  72:IO_drivers/ring_buffer.c ****         if( byte & 0x01 ) crctab ^= 0x1021;
 678              		.loc 1 72 57 view .LVU187
 679 0034 80EA1420 		eor	r0, r0, r4, lsr #8
 680 0038 43B2     		sxtb	r3, r0
  72:IO_drivers/ring_buffer.c ****         if( byte & 0x01 ) crctab ^= 0x1021;
 681              		.loc 1 72 14 view .LVU188
 682 003a C2B2     		uxtb	r2, r0
 683              	.LVL59:
  73:IO_drivers/ring_buffer.c ****         if( byte & 0x02 ) crctab ^= 0x2042;
 684              		.loc 1 73 9 is_stmt 1 view .LVU189
  73:IO_drivers/ring_buffer.c ****         if( byte & 0x02 ) crctab ^= 0x2042;
 685              		.loc 1 73 11 is_stmt 0 view .LVU190
 686 003c 10F0010F 		tst	r0, #1
 687 0040 E3D1     		bne	.L43
  71:IO_drivers/ring_buffer.c ****         byte = (RING_ShowSymbol(buf, lenght + position))^( crc >> 8 );
 688              		.loc 1 71 16 view .LVU191
 689 0042 0021     		movs	r1, #0
 690              	.L34:
 691              	.LVL60:
  74:IO_drivers/ring_buffer.c ****         if( byte & 0x04 ) crctab ^= 0x4084;
 692              		.loc 1 74 9 is_stmt 1 view .LVU192
  74:IO_drivers/ring_buffer.c ****         if( byte & 0x04 ) crctab ^= 0x4084;
 693              		.loc 1 74 11 is_stmt 0 view .LVU193
ARM GAS  /tmp/cc3XZTqk.s 			page 18


 694 0044 12F0020F 		tst	r2, #2
 695 0048 03D0     		beq	.L35
  74:IO_drivers/ring_buffer.c ****         if( byte & 0x04 ) crctab ^= 0x4084;
 696              		.loc 1 74 27 is_stmt 1 discriminator 1 view .LVU194
  74:IO_drivers/ring_buffer.c ****         if( byte & 0x04 ) crctab ^= 0x4084;
 697              		.loc 1 74 34 is_stmt 0 discriminator 1 view .LVU195
 698 004a 81F40151 		eor	r1, r1, #8256
 699              	.LVL61:
  74:IO_drivers/ring_buffer.c ****         if( byte & 0x04 ) crctab ^= 0x4084;
 700              		.loc 1 74 34 discriminator 1 view .LVU196
 701 004e 81F00201 		eor	r1, r1, #2
 702              	.LVL62:
 703              	.L35:
  75:IO_drivers/ring_buffer.c ****         if( byte & 0x08 ) crctab ^= 0x8108;
 704              		.loc 1 75 9 is_stmt 1 view .LVU197
  75:IO_drivers/ring_buffer.c ****         if( byte & 0x08 ) crctab ^= 0x8108;
 705              		.loc 1 75 11 is_stmt 0 view .LVU198
 706 0052 12F0040F 		tst	r2, #4
 707 0056 03D0     		beq	.L36
  75:IO_drivers/ring_buffer.c ****         if( byte & 0x08 ) crctab ^= 0x8108;
 708              		.loc 1 75 27 is_stmt 1 discriminator 1 view .LVU199
  75:IO_drivers/ring_buffer.c ****         if( byte & 0x08 ) crctab ^= 0x8108;
 709              		.loc 1 75 34 is_stmt 0 discriminator 1 view .LVU200
 710 0058 81F48141 		eor	r1, r1, #16512
 711              	.LVL63:
  75:IO_drivers/ring_buffer.c ****         if( byte & 0x08 ) crctab ^= 0x8108;
 712              		.loc 1 75 34 discriminator 1 view .LVU201
 713 005c 81F00401 		eor	r1, r1, #4
 714              	.LVL64:
 715              	.L36:
  76:IO_drivers/ring_buffer.c ****         if( byte & 0x10 ) crctab ^= 0x1231;
 716              		.loc 1 76 9 is_stmt 1 view .LVU202
  76:IO_drivers/ring_buffer.c ****         if( byte & 0x10 ) crctab ^= 0x1231;
 717              		.loc 1 76 11 is_stmt 0 view .LVU203
 718 0060 12F0080F 		tst	r2, #8
 719 0064 03D0     		beq	.L37
  76:IO_drivers/ring_buffer.c ****         if( byte & 0x10 ) crctab ^= 0x1231;
 720              		.loc 1 76 27 is_stmt 1 discriminator 1 view .LVU204
  76:IO_drivers/ring_buffer.c ****         if( byte & 0x10 ) crctab ^= 0x1231;
 721              		.loc 1 76 34 is_stmt 0 discriminator 1 view .LVU205
 722 0066 81F40141 		eor	r1, r1, #33024
 723              	.LVL65:
  76:IO_drivers/ring_buffer.c ****         if( byte & 0x10 ) crctab ^= 0x1231;
 724              		.loc 1 76 34 discriminator 1 view .LVU206
 725 006a 81F00801 		eor	r1, r1, #8
 726              	.LVL66:
 727              	.L37:
  77:IO_drivers/ring_buffer.c ****         if( byte & 0x20 ) crctab ^= 0x2462;
 728              		.loc 1 77 9 is_stmt 1 view .LVU207
  77:IO_drivers/ring_buffer.c ****         if( byte & 0x20 ) crctab ^= 0x2462;
 729              		.loc 1 77 11 is_stmt 0 view .LVU208
 730 006e 12F0100F 		tst	r2, #16
 731 0072 03D0     		beq	.L38
  77:IO_drivers/ring_buffer.c ****         if( byte & 0x20 ) crctab ^= 0x2462;
 732              		.loc 1 77 27 is_stmt 1 discriminator 1 view .LVU209
  77:IO_drivers/ring_buffer.c ****         if( byte & 0x20 ) crctab ^= 0x2462;
 733              		.loc 1 77 34 is_stmt 0 discriminator 1 view .LVU210
ARM GAS  /tmp/cc3XZTqk.s 			page 19


 734 0074 81F49151 		eor	r1, r1, #4640
 735              	.LVL67:
  77:IO_drivers/ring_buffer.c ****         if( byte & 0x20 ) crctab ^= 0x2462;
 736              		.loc 1 77 34 discriminator 1 view .LVU211
 737 0078 81F01101 		eor	r1, r1, #17
 738              	.LVL68:
 739              	.L38:
  78:IO_drivers/ring_buffer.c ****         if( byte & 0x40 ) crctab ^= 0x48C4;
 740              		.loc 1 78 9 is_stmt 1 view .LVU212
  78:IO_drivers/ring_buffer.c ****         if( byte & 0x40 ) crctab ^= 0x48C4;
 741              		.loc 1 78 11 is_stmt 0 view .LVU213
 742 007c 12F0200F 		tst	r2, #32
 743 0080 03D0     		beq	.L39
  78:IO_drivers/ring_buffer.c ****         if( byte & 0x40 ) crctab ^= 0x48C4;
 744              		.loc 1 78 27 is_stmt 1 discriminator 1 view .LVU214
  78:IO_drivers/ring_buffer.c ****         if( byte & 0x40 ) crctab ^= 0x48C4;
 745              		.loc 1 78 34 is_stmt 0 discriminator 1 view .LVU215
 746 0082 81F41151 		eor	r1, r1, #9280
 747              	.LVL69:
  78:IO_drivers/ring_buffer.c ****         if( byte & 0x40 ) crctab ^= 0x48C4;
 748              		.loc 1 78 34 discriminator 1 view .LVU216
 749 0086 81F02201 		eor	r1, r1, #34
 750              	.LVL70:
 751              	.L39:
  79:IO_drivers/ring_buffer.c ****         if( byte & 0x80 ) crctab ^= 0x9188;
 752              		.loc 1 79 9 is_stmt 1 view .LVU217
  79:IO_drivers/ring_buffer.c ****         if( byte & 0x80 ) crctab ^= 0x9188;
 753              		.loc 1 79 11 is_stmt 0 view .LVU218
 754 008a 12F0400F 		tst	r2, #64
 755 008e BFD0     		beq	.L40
  79:IO_drivers/ring_buffer.c ****         if( byte & 0x80 ) crctab ^= 0x9188;
 756              		.loc 1 79 27 is_stmt 1 discriminator 1 view .LVU219
  79:IO_drivers/ring_buffer.c ****         if( byte & 0x80 ) crctab ^= 0x9188;
 757              		.loc 1 79 34 is_stmt 0 discriminator 1 view .LVU220
 758 0090 81F49141 		eor	r1, r1, #18560
 759              	.LVL71:
  79:IO_drivers/ring_buffer.c ****         if( byte & 0x80 ) crctab ^= 0x9188;
 760              		.loc 1 79 34 discriminator 1 view .LVU221
 761 0094 81F04401 		eor	r1, r1, #68
 762              	.LVL72:
  79:IO_drivers/ring_buffer.c ****         if( byte & 0x80 ) crctab ^= 0x9188;
 763              		.loc 1 79 34 discriminator 1 view .LVU222
 764 0098 BAE7     		b	.L40
 765              	.L45:
  80:IO_drivers/ring_buffer.c ****         
 766              		.loc 1 80 27 is_stmt 1 discriminator 1 view .LVU223
  80:IO_drivers/ring_buffer.c ****         
 767              		.loc 1 80 34 is_stmt 0 discriminator 1 view .LVU224
 768 009a 81F41141 		eor	r1, r1, #37120
 769              	.LVL73:
  80:IO_drivers/ring_buffer.c ****         
 770              		.loc 1 80 34 discriminator 1 view .LVU225
 771 009e 81F08801 		eor	r1, r1, #136
 772              	.LVL74:
  80:IO_drivers/ring_buffer.c ****         
 773              		.loc 1 80 34 discriminator 1 view .LVU226
 774 00a2 B7E7     		b	.L41
ARM GAS  /tmp/cc3XZTqk.s 			page 20


 775              	.LVL75:
 776              	.L46:
  84:IO_drivers/ring_buffer.c **** }
 777              		.loc 1 84 5 is_stmt 1 view .LVU227
  85:IO_drivers/ring_buffer.c **** 
 778              		.loc 1 85 1 is_stmt 0 view .LVU228
 779 00a4 2046     		mov	r0, r4
 780 00a6 F8BD     		pop	{r3, r4, r5, r6, r7, pc}
  85:IO_drivers/ring_buffer.c **** 
 781              		.loc 1 85 1 view .LVU229
 782              		.cfi_endproc
 783              	.LFE818:
 785              		.section	.text.RING_CRC16ccitt,"ax",%progbits
 786              		.align	1
 787              		.global	RING_CRC16ccitt
 788              		.syntax unified
 789              		.thumb
 790              		.thumb_func
 792              	RING_CRC16ccitt:
 793              	.LVL76:
 794              	.LFB817:
  51:IO_drivers/ring_buffer.c **** 	return RING_CRC16ccitt_Intermediate( buf, lenght, 0xFFFF, position);
 795              		.loc 1 51 1 is_stmt 1 view -0
 796              		.cfi_startproc
 797              		@ args = 0, pretend = 0, frame = 0
 798              		@ frame_needed = 0, uses_anonymous_args = 0
  51:IO_drivers/ring_buffer.c **** 	return RING_CRC16ccitt_Intermediate( buf, lenght, 0xFFFF, position);
 799              		.loc 1 51 1 is_stmt 0 view .LVU231
 800 0000 08B5     		push	{r3, lr}
 801              	.LCFI8:
 802              		.cfi_def_cfa_offset 8
 803              		.cfi_offset 3, -8
 804              		.cfi_offset 14, -4
 805 0002 1346     		mov	r3, r2
  52:IO_drivers/ring_buffer.c **** }
 806              		.loc 1 52 2 is_stmt 1 view .LVU232
  52:IO_drivers/ring_buffer.c **** }
 807              		.loc 1 52 9 is_stmt 0 view .LVU233
 808 0004 4FF6FF72 		movw	r2, #65535
 809              	.LVL77:
  52:IO_drivers/ring_buffer.c **** }
 810              		.loc 1 52 9 view .LVU234
 811 0008 FFF7FEFF 		bl	RING_CRC16ccitt_Intermediate
 812              	.LVL78:
  53:IO_drivers/ring_buffer.c **** 
 813              		.loc 1 53 1 view .LVU235
 814 000c 08BD     		pop	{r3, pc}
 815              		.cfi_endproc
 816              	.LFE817:
 818              		.section	.text.RING_PopString,"ax",%progbits
 819              		.align	1
 820              		.global	RING_PopString
 821              		.syntax unified
 822              		.thumb
 823              		.thumb_func
 825              	RING_PopString:
 826              	.LVL79:
ARM GAS  /tmp/cc3XZTqk.s 			page 21


 827              	.LFB829:
 230:IO_drivers/ring_buffer.c ****     while(RING_ShowSymbol(ringbuf,0) > 0) *(string++) = RING_Pop(ringbuf);
 828              		.loc 1 230 1 is_stmt 1 view -0
 829              		.cfi_startproc
 830              		@ args = 0, pretend = 0, frame = 0
 831              		@ frame_needed = 0, uses_anonymous_args = 0
 230:IO_drivers/ring_buffer.c ****     while(RING_ShowSymbol(ringbuf,0) > 0) *(string++) = RING_Pop(ringbuf);
 832              		.loc 1 230 1 is_stmt 0 view .LVU237
 833 0000 38B5     		push	{r3, r4, r5, lr}
 834              	.LCFI9:
 835              		.cfi_def_cfa_offset 16
 836              		.cfi_offset 3, -16
 837              		.cfi_offset 4, -12
 838              		.cfi_offset 5, -8
 839              		.cfi_offset 14, -4
 840 0002 0546     		mov	r5, r0
 841 0004 0C46     		mov	r4, r1
 231:IO_drivers/ring_buffer.c **** }
 842              		.loc 1 231 5 is_stmt 1 view .LVU238
 231:IO_drivers/ring_buffer.c **** }
 843              		.loc 1 231 10 is_stmt 0 view .LVU239
 844 0006 04E0     		b	.L50
 845              	.LVL80:
 846              	.L51:
 231:IO_drivers/ring_buffer.c **** }
 847              		.loc 1 231 43 is_stmt 1 discriminator 2 view .LVU240
 231:IO_drivers/ring_buffer.c **** }
 848              		.loc 1 231 57 is_stmt 0 discriminator 2 view .LVU241
 849 0008 2846     		mov	r0, r5
 850 000a FFF7FEFF 		bl	RING_Pop
 851              	.LVL81:
 231:IO_drivers/ring_buffer.c **** }
 852              		.loc 1 231 55 discriminator 2 view .LVU242
 853 000e 04F8010B 		strb	r0, [r4], #1
 854              	.LVL82:
 855              	.L50:
 231:IO_drivers/ring_buffer.c **** }
 856              		.loc 1 231 10 is_stmt 1 discriminator 1 view .LVU243
 231:IO_drivers/ring_buffer.c **** }
 857              		.loc 1 231 11 is_stmt 0 discriminator 1 view .LVU244
 858 0012 0021     		movs	r1, #0
 859 0014 2846     		mov	r0, r5
 860 0016 FFF7FEFF 		bl	RING_ShowSymbol
 861              	.LVL83:
 231:IO_drivers/ring_buffer.c **** }
 862              		.loc 1 231 10 discriminator 1 view .LVU245
 863 001a 0028     		cmp	r0, #0
 864 001c F4DC     		bgt	.L51
 232:IO_drivers/ring_buffer.c **** 
 865              		.loc 1 232 1 view .LVU246
 866 001e 38BD     		pop	{r3, r4, r5, pc}
 232:IO_drivers/ring_buffer.c **** 
 867              		.loc 1 232 1 view .LVU247
 868              		.cfi_endproc
 869              	.LFE829:
 871              		.text
 872              	.Letext0:
ARM GAS  /tmp/cc3XZTqk.s 			page 22


 873              		.file 2 "/home/arashamf/soft/ARM_toolchains/gcc-arm-none-eabi-10.3-2021.10/arm-none-eabi/include/m
 874              		.file 3 "/home/arashamf/soft/ARM_toolchains/gcc-arm-none-eabi-10.3-2021.10/arm-none-eabi/include/s
 875              		.file 4 "Drivers/STM32L1xx_HAL_Driver/Inc/stm32l1xx_ll_dma.h"
 876              		.file 5 "Drivers/STM32L1xx_HAL_Driver/Inc/stm32l1xx_ll_tim.h"
 877              		.file 6 "IO_drivers/ring_buffer.h"
 878              		.file 7 "<built-in>"
ARM GAS  /tmp/cc3XZTqk.s 			page 23


DEFINED SYMBOLS
                            *ABS*:0000000000000000 ring_buffer.c
     /tmp/cc3XZTqk.s:18     .text.RING_GetCount:0000000000000000 $t
     /tmp/cc3XZTqk.s:24     .text.RING_GetCount:0000000000000000 RING_GetCount
     /tmp/cc3XZTqk.s:71     .text.RING_Clear:0000000000000000 $t
     /tmp/cc3XZTqk.s:77     .text.RING_Clear:0000000000000000 RING_Clear
     /tmp/cc3XZTqk.s:110    .text.RING_Init:0000000000000000 $t
     /tmp/cc3XZTqk.s:116    .text.RING_Init:0000000000000000 RING_Init
     /tmp/cc3XZTqk.s:152    .text.RING_Put:0000000000000000 $t
     /tmp/cc3XZTqk.s:158    .text.RING_Put:0000000000000000 RING_Put
     /tmp/cc3XZTqk.s:195    .text.RING_Put16:0000000000000000 $t
     /tmp/cc3XZTqk.s:201    .text.RING_Put16:0000000000000000 RING_Put16
     /tmp/cc3XZTqk.s:262    .text.RING_PutBuffr:0000000000000000 $t
     /tmp/cc3XZTqk.s:268    .text.RING_PutBuffr:0000000000000000 RING_PutBuffr
     /tmp/cc3XZTqk.s:317    .text.RING_Pop:0000000000000000 $t
     /tmp/cc3XZTqk.s:323    .text.RING_Pop:0000000000000000 RING_Pop
     /tmp/cc3XZTqk.s:364    .text.RING_Pop16:0000000000000000 $t
     /tmp/cc3XZTqk.s:370    .text.RING_Pop16:0000000000000000 RING_Pop16
     /tmp/cc3XZTqk.s:415    .text.RING_Pop32:0000000000000000 $t
     /tmp/cc3XZTqk.s:421    .text.RING_Pop32:0000000000000000 RING_Pop32
     /tmp/cc3XZTqk.s:476    .text.RING_PopBuffr:0000000000000000 $t
     /tmp/cc3XZTqk.s:482    .text.RING_PopBuffr:0000000000000000 RING_PopBuffr
     /tmp/cc3XZTqk.s:531    .text.RING_ShowSymbol:0000000000000000 $t
     /tmp/cc3XZTqk.s:537    .text.RING_ShowSymbol:0000000000000000 RING_ShowSymbol
     /tmp/cc3XZTqk.s:599    .text.RING_CRC16ccitt_Intermediate:0000000000000000 $t
     /tmp/cc3XZTqk.s:605    .text.RING_CRC16ccitt_Intermediate:0000000000000000 RING_CRC16ccitt_Intermediate
     /tmp/cc3XZTqk.s:786    .text.RING_CRC16ccitt:0000000000000000 $t
     /tmp/cc3XZTqk.s:792    .text.RING_CRC16ccitt:0000000000000000 RING_CRC16ccitt
     /tmp/cc3XZTqk.s:819    .text.RING_PopString:0000000000000000 $t
     /tmp/cc3XZTqk.s:825    .text.RING_PopString:0000000000000000 RING_PopString

UNDEFINED SYMBOLS
memset
