ARM GAS  /tmp/ccAGdX81.s 			page 1


   1              		.cpu cortex-m3
   2              		.arch armv7-m
   3              		.fpu softvfp
   4              		.eabi_attribute 20, 1
   5              		.eabi_attribute 21, 1
   6              		.eabi_attribute 23, 3
   7              		.eabi_attribute 24, 1
   8              		.eabi_attribute 25, 1
   9              		.eabi_attribute 26, 1
  10              		.eabi_attribute 30, 1
  11              		.eabi_attribute 34, 1
  12              		.eabi_attribute 18, 4
  13              		.file	"rtc.c"
  14              		.text
  15              	.Ltext0:
  16              		.cfi_sections	.debug_frame
  17              		.section	.text.RTC_ConvertToDec,"ax",%progbits
  18              		.align	1
  19              		.syntax unified
  20              		.thumb
  21              		.thumb_func
  23              	RTC_ConvertToDec:
  24              	.LVL0:
  25              	.LFB820:
  26              		.file 1 "IO_drivers/rtc.c"
   1:IO_drivers/rtc.c **** #ifdef __cplusplus
   2:IO_drivers/rtc.c **** extern "C" {
   3:IO_drivers/rtc.c **** #endif
   4:IO_drivers/rtc.c **** 
   5:IO_drivers/rtc.c **** // Includes---------------------------------------------------------------------------------//
   6:IO_drivers/rtc.c **** #include "rtc.h"
   7:IO_drivers/rtc.c **** #include "i2c.h"
   8:IO_drivers/rtc.c **** #include "typedef.h"
   9:IO_drivers/rtc.c **** #include "time64.h"
  10:IO_drivers/rtc.c **** #include "usart.h"
  11:IO_drivers/rtc.c **** #include <stdio.h>
  12:IO_drivers/rtc.c **** 
  13:IO_drivers/rtc.c **** //Defines------------------------------------------------------------------------------------//
  14:IO_drivers/rtc.c **** 
  15:IO_drivers/rtc.c **** //Typedefs-----------------------------------------------------------------------------------//
  16:IO_drivers/rtc.c **** 
  17:IO_drivers/rtc.c **** //Prototypes---------------------------------------------------------------------------------//
  18:IO_drivers/rtc.c **** static uint8_t GetDataDS3231 (uint8_t , uint8_t , uint8_t , uint8_t * );
  19:IO_drivers/rtc.c **** static uint8_t SetTimeDS3231 (uint8_t , uint8_t , uint8_t , uint8_t *);
  20:IO_drivers/rtc.c **** static uint8_t RTC_ConvertToDec(uint8_t );
  21:IO_drivers/rtc.c **** static uint8_t RTC_ConvertToBinDec(uint8_t );
  22:IO_drivers/rtc.c **** static uint8_t GetTime_DS3231 (void);
  23:IO_drivers/rtc.c **** static void convert_time (char * , unsigned char * , unsigned char );
  24:IO_drivers/rtc.c **** static void CalcUNIXtime_from_DS3231 (uint32_t * UNIX_time, uint8_t * time_data);
  25:IO_drivers/rtc.c **** static void CalcTimeStamp_from_UART (uint32_t );
  26:IO_drivers/rtc.c **** static void copy_TMdata(uint8_t *);
  27:IO_drivers/rtc.c **** 
  28:IO_drivers/rtc.c **** 
  29:IO_drivers/rtc.c **** //variables----------------------------------------------------------------------------------//
  30:IO_drivers/rtc.c **** struct TM TimeStamp;
  31:IO_drivers/rtc.c **** rtc_data data = {0}; //—Å—Ç—Ä—É–∫—Ç—É—Ä–∞ —Å –Ω–∞—Å—Ç—Ä–æ–π–∫–∞–º–∏ –≤—Ä–µ–º–µ–Ω–∏
  32:IO_drivers/rtc.c **** I2C_status_t status = I2C_OK;
ARM GAS  /tmp/ccAGdX81.s 			page 2


  33:IO_drivers/rtc.c **** 
  34:IO_drivers/rtc.c **** //–º–∞—Å—Å–∏–≤ —Å –∫–æ–ª–∏—á–µ—Å—Ç–≤–æ–º –¥–Ω–µ–π –≤ –ø—Ä–µ–¥—ã–¥—É—â–µ–º –º–µ—Å—è—Ü–µ, [0][12] - –
  35:IO_drivers/rtc.c **** const unsigned int pred_sum [2][12] =	
  36:IO_drivers/rtc.c **** { 
  37:IO_drivers/rtc.c **** 	{0,31,59,90,120,151,181,212,243,273,304,334}, 
  38:IO_drivers/rtc.c **** 	{0,31,60,91,121,152,182,213,244,274,305,335} 
  39:IO_drivers/rtc.c **** };
  40:IO_drivers/rtc.c **** 
  41:IO_drivers/rtc.c **** //FUNCTIONS----------------------------------------------------------------------------------//
  42:IO_drivers/rtc.c **** static uint8_t GetDataDS3231 (uint8_t RTC_adress, uint8_t registr_adress, uint8_t sizebuf, uint8_t 
  43:IO_drivers/rtc.c **** {
  44:IO_drivers/rtc.c **** 	status = I2C_OK;
  45:IO_drivers/rtc.c **** 
  46:IO_drivers/rtc.c **** 	if ((status = I2C_ReadBuffer (registr_adress,  (uint8_t*)RTC_buffer, (uint16_t) sizebuf)) == I2C_O
  47:IO_drivers/rtc.c **** 	{
  48:IO_drivers/rtc.c **** 		for (uint8_t count = 0; count < sizebuf; count++)
  49:IO_drivers/rtc.c **** 		{
  50:IO_drivers/rtc.c **** 			*(RTC_buffer+count) = RTC_ConvertToDec(*(RTC_buffer+count)); //–ø–µ—Ä–µ–≤–æ–¥ —á–∏—Å–ª–∞ –∏–∑ –¥
  51:IO_drivers/rtc.c **** 		}
  52:IO_drivers/rtc.c **** 	}
  53:IO_drivers/rtc.c **** 	else
  54:IO_drivers/rtc.c **** 	{
  55:IO_drivers/rtc.c **** 		for (uint8_t count = 0; count < sizebuf; count++)
  56:IO_drivers/rtc.c **** 		{	*(RTC_buffer+count) = 0; }
  57:IO_drivers/rtc.c **** 	}
  58:IO_drivers/rtc.c **** 	return  status;
  59:IO_drivers/rtc.c **** }
  60:IO_drivers/rtc.c **** 
  61:IO_drivers/rtc.c **** //--------------------------------------------------------------------------------------------//
  62:IO_drivers/rtc.c **** uint8_t GetTempDS3231 (uint8_t  RTC_adress, uint8_t registr_adress,  uint8_t * temp_buffer)
  63:IO_drivers/rtc.c **** {
  64:IO_drivers/rtc.c **** 	status = I2C_OK;
  65:IO_drivers/rtc.c **** 	if ((status = I2C_ReadByte (registr_adress,  temp_buffer)) != I2C_OK)
  66:IO_drivers/rtc.c **** 	{	*temp_buffer = 0;	}	
  67:IO_drivers/rtc.c **** 	return  status;
  68:IO_drivers/rtc.c **** }
  69:IO_drivers/rtc.c **** 
  70:IO_drivers/rtc.c **** //-------------------------------------------------------------------------------------------//
  71:IO_drivers/rtc.c **** static uint8_t SetTimeDS3231 (uint8_t RTC_adress, uint8_t registr_adr, uint8_t sizebuf, uint8_t *RT
  72:IO_drivers/rtc.c **** {		
  73:IO_drivers/rtc.c **** 	uint8_t count = 0;
  74:IO_drivers/rtc.c **** 	status = I2C_OK;
  75:IO_drivers/rtc.c **** 
  76:IO_drivers/rtc.c **** 	for (count = 0; count < sizebuf; count++) {     //—Ñ–æ—Ä–º–∏—Ä–æ–≤–∞–Ω–∏–µ —Å–æ–æ–±—â–µ–Ω–∏—è –¥–ª
  77:IO_drivers/rtc.c **** 		*(RTC_buffer+count)  = RTC_ConvertToBinDec(*(RTC_buffer+count));  //–ø–µ—Ä–µ–≤–æ–¥ —á–∏—Å–ª–∞ –≤ 
  78:IO_drivers/rtc.c **** 	}
  79:IO_drivers/rtc.c **** 
  80:IO_drivers/rtc.c **** 	for (count = 0; count < sizebuf; count++)
  81:IO_drivers/rtc.c **** 	{	 
  82:IO_drivers/rtc.c **** 		status = I2C_WriteBuffer ((uint16_t)registr_adr, RTC_buffer, sizebuf);
  83:IO_drivers/rtc.c **** 	}	
  84:IO_drivers/rtc.c **** 	
  85:IO_drivers/rtc.c **** 	return  status;
  86:IO_drivers/rtc.c **** }
  87:IO_drivers/rtc.c **** 
  88:IO_drivers/rtc.c **** //-------------—Ñ-—è –ø–µ—Ä–µ–≤–æ–¥–∞ —á–∏—Å–ª–∞ –∏–∑ –¥–≤–æ–∏—á–Ω–æ-–¥–µ—Å—è—Ç–∏—á–Ω–æ–≥–æ –ø—Ä–µ–
  89:IO_drivers/rtc.c **** static uint8_t RTC_ConvertToDec(uint8_t digit)
ARM GAS  /tmp/ccAGdX81.s 			page 3


  90:IO_drivers/rtc.c **** {
  27              		.loc 1 90 1 view -0
  28              		.cfi_startproc
  29              		@ args = 0, pretend = 0, frame = 0
  30              		@ frame_needed = 0, uses_anonymous_args = 0
  31              		@ link register save eliminated.
  91:IO_drivers/rtc.c **** 	uint8_t ch = ((digit>>4)*10 + (0x0F & digit));
  32              		.loc 1 91 2 view .LVU1
  33              		.loc 1 91 30 is_stmt 0 view .LVU2
  34 0000 0309     		lsrs	r3, r0, #4
  35 0002 03EB8303 		add	r3, r3, r3, lsl #2
  36              		.loc 1 91 38 view .LVU3
  37 0006 00F00F00 		and	r0, r0, #15
  38              	.LVL1:
  39              		.loc 1 91 10 view .LVU4
  40 000a 00EB4300 		add	r0, r0, r3, lsl #1
  41              	.LVL2:
  92:IO_drivers/rtc.c **** 	return ch;
  42              		.loc 1 92 2 is_stmt 1 view .LVU5
  93:IO_drivers/rtc.c **** }
  43              		.loc 1 93 1 is_stmt 0 view .LVU6
  44 000e C0B2     		uxtb	r0, r0
  45              		.loc 1 93 1 view .LVU7
  46 0010 7047     		bx	lr
  47              		.cfi_endproc
  48              	.LFE820:
  50              		.section	.text.RTC_ConvertToBinDec,"ax",%progbits
  51              		.align	1
  52              		.syntax unified
  53              		.thumb
  54              		.thumb_func
  56              	RTC_ConvertToBinDec:
  57              	.LVL3:
  58              	.LFB821:
  94:IO_drivers/rtc.c **** 
  95:IO_drivers/rtc.c **** //-------------—Ñ-—è –ø–µ—Ä–µ–≤–æ–¥–∞ —á–∏—Å–ª–∞ –∏–∑ –æ–±—ã—á–Ω–æ–≥–æ –≤ –¥–≤–æ–∏—á–Ω–æ-–¥–µ—Å—è—Ç
  96:IO_drivers/rtc.c **** static uint8_t RTC_ConvertToBinDec(uint8_t digit)
  97:IO_drivers/rtc.c **** {
  59              		.loc 1 97 1 is_stmt 1 view -0
  60              		.cfi_startproc
  61              		@ args = 0, pretend = 0, frame = 0
  62              		@ frame_needed = 0, uses_anonymous_args = 0
  63              		@ link register save eliminated.
  98:IO_drivers/rtc.c **** 	uint8_t ch = ((digit/10) << 4) + (digit%10);
  64              		.loc 1 98 2 view .LVU9
  65              		.loc 1 98 27 is_stmt 0 view .LVU10
  66 0000 064B     		ldr	r3, .L3
  67 0002 A3FB0023 		umull	r2, r3, r3, r0
  68 0006 DB08     		lsrs	r3, r3, #3
  69 0008 1A01     		lsls	r2, r3, #4
  70 000a D2B2     		uxtb	r2, r2
  71              		.loc 1 98 33 view .LVU11
  72 000c 03EB8303 		add	r3, r3, r3, lsl #2
  73 0010 A0EB4300 		sub	r0, r0, r3, lsl #1
  74              	.LVL4:
  75              		.loc 1 98 33 view .LVU12
  76 0014 C0B2     		uxtb	r0, r0
ARM GAS  /tmp/ccAGdX81.s 			page 4


  77              		.loc 1 98 10 view .LVU13
  78 0016 1044     		add	r0, r0, r2
  79              	.LVL5:
  99:IO_drivers/rtc.c **** 	return ch;
  80              		.loc 1 99 2 is_stmt 1 view .LVU14
 100:IO_drivers/rtc.c **** }
  81              		.loc 1 100 1 is_stmt 0 view .LVU15
  82 0018 C0B2     		uxtb	r0, r0
  83              		.loc 1 100 1 view .LVU16
  84 001a 7047     		bx	lr
  85              	.L4:
  86              		.align	2
  87              	.L3:
  88 001c CDCCCCCC 		.word	-858993459
  89              		.cfi_endproc
  90              	.LFE821:
  92              		.section	.text.convert_time,"ax",%progbits
  93              		.align	1
  94              		.syntax unified
  95              		.thumb
  96              		.thumb_func
  98              	convert_time:
  99              	.LVL6:
 100              	.LFB823:
 101:IO_drivers/rtc.c **** 
 102:IO_drivers/rtc.c **** //---------------------------------------------------------------------------------------------//
 103:IO_drivers/rtc.c **** static uint8_t GetTime_DS3231 (void)
 104:IO_drivers/rtc.c **** {
 105:IO_drivers/rtc.c **** 	status = I2C_OK;
 106:IO_drivers/rtc.c **** 	status = GetDataDS3231(RTC_ADDRESS, FIRST_REGISTR_TIME, TIME_NUMBER, data.DS3231_getdata); //–ø–æ–
 107:IO_drivers/rtc.c ****     status = GetDataDS3231(RTC_ADDRESS, FIRST_REGISTR_DATE, TIME_NUMBER, data.DS3231_getdata+3); //
 108:IO_drivers/rtc.c **** 	return status;
 109:IO_drivers/rtc.c **** }
 110:IO_drivers/rtc.c **** 
 111:IO_drivers/rtc.c **** //--------------------–ø–µ—Ä–µ–≤–æ–¥ –¥–∞–Ω–Ω—ã—Ö –≤—Ä–µ–º–µ–Ω–∏ –∏–∑ —á–∏—Å–ª–æ–≤–æ–π —Ñ–æ—Ä–º—ã –
 112:IO_drivers/rtc.c **** static void convert_time (char * mod_time_data, uint8_t * time_data, uint8_t time_size)
 113:IO_drivers/rtc.c **** {
 101              		.loc 1 113 1 is_stmt 1 view -0
 102              		.cfi_startproc
 103              		@ args = 0, pretend = 0, frame = 0
 104              		@ frame_needed = 0, uses_anonymous_args = 0
 114:IO_drivers/rtc.c **** 		
 115:IO_drivers/rtc.c **** 	for (int8_t count = (time_size-1); count >= 0; count--)
 105              		.loc 1 115 2 view .LVU18
 106              	.LBB2:
 107              		.loc 1 115 7 view .LVU19
 108              		.loc 1 115 32 is_stmt 0 view .LVU20
 109 0000 02F1FF3C 		add	ip, r2, #-1
 110              		.loc 1 115 14 view .LVU21
 111 0004 4FFA8CFC 		sxtb	ip, ip
 112              	.LVL7:
 113              		.loc 1 115 37 is_stmt 1 view .LVU22
 114              		.loc 1 115 2 is_stmt 0 view .LVU23
 115 0008 BCF1000F 		cmp	ip, #0
 116 000c 1EDB     		blt	.L11
 117              	.LBE2:
 113:IO_drivers/rtc.c **** 		
ARM GAS  /tmp/ccAGdX81.s 			page 5


 118              		.loc 1 113 1 view .LVU24
 119 000e 10B5     		push	{r4, lr}
 120              	.LCFI0:
 121              		.cfi_def_cfa_offset 8
 122              		.cfi_offset 4, -8
 123              		.cfi_offset 14, -4
 124              	.LVL8:
 125              	.L7:
 126              	.LBB3:
 116:IO_drivers/rtc.c **** 	{
 117:IO_drivers/rtc.c **** 		*mod_time_data++ = (*(time_data + count) / 10) + 0x30; //—á–∞—Å—ã/–º–∏–Ω—É—Ç—ã/—Å–µ–∫—É–Ω–¥—ã
 127              		.loc 1 117 3 is_stmt 1 discriminator 3 view .LVU25
 128              		.loc 1 117 23 is_stmt 0 discriminator 3 view .LVU26
 129 0010 11F80C20 		ldrb	r2, [r1, ip]	@ zero_extendqisi2
 130              	.LVL9:
 131              		.loc 1 117 50 discriminator 3 view .LVU27
 132 0014 0E4B     		ldr	r3, .L12
 133 0016 A3FB02E2 		umull	lr, r2, r3, r2
 134 001a D208     		lsrs	r2, r2, #3
 135 001c 3032     		adds	r2, r2, #48
 136              		.loc 1 117 20 discriminator 3 view .LVU28
 137 001e 8646     		mov	lr, r0
 138 0020 0EF8022B 		strb	r2, [lr], #2
 118:IO_drivers/rtc.c **** 		*mod_time_data++ = (*(time_data + count) % 10) + 0x30;
 139              		.loc 1 118 3 is_stmt 1 discriminator 3 view .LVU29
 140              		.loc 1 118 23 is_stmt 0 discriminator 3 view .LVU30
 141 0024 11F80C20 		ldrb	r2, [r1, ip]	@ zero_extendqisi2
 142              	.LVL10:
 143              		.loc 1 118 50 discriminator 3 view .LVU31
 144 0028 A3FB0243 		umull	r4, r3, r3, r2
 145 002c DB08     		lsrs	r3, r3, #3
 146 002e 03EB8303 		add	r3, r3, r3, lsl #2
 147 0032 A2EB4303 		sub	r3, r2, r3, lsl #1
 148 0036 3033     		adds	r3, r3, #48
 149              		.loc 1 118 20 discriminator 3 view .LVU32
 150 0038 4370     		strb	r3, [r0, #1]
 115:IO_drivers/rtc.c **** 	{
 151              		.loc 1 115 49 is_stmt 1 discriminator 3 view .LVU33
 115:IO_drivers/rtc.c **** 	{
 152              		.loc 1 115 54 is_stmt 0 discriminator 3 view .LVU34
 153 003a 0CF1FF3C 		add	ip, ip, #-1
 154              	.LVL11:
 115:IO_drivers/rtc.c **** 	{
 155              		.loc 1 115 54 discriminator 3 view .LVU35
 156 003e 4FFA8CFC 		sxtb	ip, ip
 157              	.LVL12:
 158              		.loc 1 118 17 discriminator 3 view .LVU36
 159 0042 7046     		mov	r0, lr
 115:IO_drivers/rtc.c **** 	{
 160              		.loc 1 115 37 is_stmt 1 discriminator 3 view .LVU37
 115:IO_drivers/rtc.c **** 	{
 161              		.loc 1 115 2 is_stmt 0 discriminator 3 view .LVU38
 162 0044 BCF1000F 		cmp	ip, #0
 163 0048 E2DA     		bge	.L7
 164              	.LBE3:
 119:IO_drivers/rtc.c **** 	}
 120:IO_drivers/rtc.c **** }
ARM GAS  /tmp/ccAGdX81.s 			page 6


 165              		.loc 1 120 1 view .LVU39
 166 004a 10BD     		pop	{r4, pc}
 167              	.LVL13:
 168              	.L11:
 169              	.LCFI1:
 170              		.cfi_def_cfa_offset 0
 171              		.cfi_restore 4
 172              		.cfi_restore 14
 173              		.loc 1 120 1 view .LVU40
 174 004c 7047     		bx	lr
 175              	.L13:
 176 004e 00BF     		.align	2
 177              	.L12:
 178 0050 CDCCCCCC 		.word	-858993459
 179              		.cfi_endproc
 180              	.LFE823:
 182              		.section	.text.copy_TMdata,"ax",%progbits
 183              		.align	1
 184              		.syntax unified
 185              		.thumb
 186              		.thumb_func
 188              	copy_TMdata:
 189              	.LVL14:
 190              	.LFB827:
 121:IO_drivers/rtc.c **** 
 122:IO_drivers/rtc.c **** //---------------------------------------------------------------------------------------------//
 123:IO_drivers/rtc.c **** static void CalcUNIXtime_from_DS3231 (uint32_t * UNIX_time, uint8_t * time_data)
 124:IO_drivers/rtc.c **** {
 125:IO_drivers/rtc.c **** 	TimeStamp.tm_sec = *time_data;
 126:IO_drivers/rtc.c **** 	TimeStamp.tm_min = *(time_data+1);
 127:IO_drivers/rtc.c **** 	TimeStamp.tm_hour = *(time_data+2);
 128:IO_drivers/rtc.c **** 	TimeStamp.tm_mday = *(time_data+3)-1;
 129:IO_drivers/rtc.c **** 	TimeStamp.tm_mon = *(time_data+4);			
 130:IO_drivers/rtc.c **** 	TimeStamp.tm_year = *(time_data+5) + (2000 - 1900);
 131:IO_drivers/rtc.c **** 	*UNIX_time =  (uint32_t	) mktime64(&TimeStamp); //–ø–µ—Ä–µ–≤–æ–¥ –ø–æ–ª—É—á–µ–Ω–Ω–æ–π –¥–∞—Ç—ã –≤ 
 132:IO_drivers/rtc.c **** }
 133:IO_drivers/rtc.c **** 
 134:IO_drivers/rtc.c **** //------------------–ø–æ–ª—É—á–µ–Ω–∏–µ –¥–∞–Ω–Ω—ã—Ö –≤—Ä–µ–º–µ–Ω–∏ –∏–∑ DS3231 –∏ —Ä–∞—Å—á—ë—Ç UNIX
 135:IO_drivers/rtc.c **** uint32_t GetUnixTime_from_DS3231 (void)
 136:IO_drivers/rtc.c **** {
 137:IO_drivers/rtc.c **** 	status = I2C_OK;
 138:IO_drivers/rtc.c ****     status = GetTime_DS3231 ();
 139:IO_drivers/rtc.c **** 
 140:IO_drivers/rtc.c **** 	if (status == I2C_OK)
 141:IO_drivers/rtc.c **** 	{	
 142:IO_drivers/rtc.c **** 		convert_time (data.time, data.DS3231_getdata, NUMB_DIGITS_BOARD/2); //—Ñ–æ—Ä–º–∏—Ä–æ–≤–∞–Ω–∏–µ —Å
 143:IO_drivers/rtc.c **** 		CalcUNIXtime_from_DS3231 (&data.DS3231_UNIXtime, data.DS3231_getdata);  //—Ä–∞—Å—á—ë—Ç UNIX –≤—Ä–
 144:IO_drivers/rtc.c **** 		return data.DS3231_UNIXtime;
 145:IO_drivers/rtc.c **** 	}
 146:IO_drivers/rtc.c **** 	else
 147:IO_drivers/rtc.c **** 	{ return 0;	}
 148:IO_drivers/rtc.c **** 
 149:IO_drivers/rtc.c **** }
 150:IO_drivers/rtc.c **** 
 151:IO_drivers/rtc.c **** //---------------------------------------------------------------------------------------------//
 152:IO_drivers/rtc.c **** static void CalcTimeStamp_from_UART (uint32_t UART_UNIXtime)
 153:IO_drivers/rtc.c **** {
ARM GAS  /tmp/ccAGdX81.s 			page 7


 154:IO_drivers/rtc.c **** 	int64_t buf = (uint64_t)UART_UNIXtime;
 155:IO_drivers/rtc.c **** 	TimeStamp = *gmtime64_r (&buf, &TimeStamp);
 156:IO_drivers/rtc.c **** 
 157:IO_drivers/rtc.c **** }
 158:IO_drivers/rtc.c **** 
 159:IO_drivers/rtc.c **** //---------------------------------------------------------------------------------------------//
 160:IO_drivers/rtc.c **** static void copy_TMdata(uint8_t *RTC_buffer)
 161:IO_drivers/rtc.c **** {
 191              		.loc 1 161 1 is_stmt 1 view -0
 192              		.cfi_startproc
 193              		@ args = 0, pretend = 0, frame = 0
 194              		@ frame_needed = 0, uses_anonymous_args = 0
 195              		@ link register save eliminated.
 162:IO_drivers/rtc.c **** 	*RTC_buffer 		=  TimeStamp.tm_sec;
 196              		.loc 1 162 2 view .LVU42
 197              		.loc 1 162 28 is_stmt 0 view .LVU43
 198 0000 074B     		ldr	r3, .L15
 199 0002 1A68     		ldr	r2, [r3]
 200              		.loc 1 162 16 view .LVU44
 201 0004 0270     		strb	r2, [r0]
 163:IO_drivers/rtc.c **** 	*(RTC_buffer+1) 	=  TimeStamp.tm_min;
 202              		.loc 1 163 2 is_stmt 1 view .LVU45
 203              		.loc 1 163 31 is_stmt 0 view .LVU46
 204 0006 5A68     		ldr	r2, [r3, #4]
 205              		.loc 1 163 19 view .LVU47
 206 0008 4270     		strb	r2, [r0, #1]
 164:IO_drivers/rtc.c **** 	*(RTC_buffer+2) 	=  TimeStamp.tm_hour;
 207              		.loc 1 164 2 is_stmt 1 view .LVU48
 208              		.loc 1 164 31 is_stmt 0 view .LVU49
 209 000a 9A68     		ldr	r2, [r3, #8]
 210              		.loc 1 164 19 view .LVU50
 211 000c 8270     		strb	r2, [r0, #2]
 165:IO_drivers/rtc.c **** 	*(RTC_buffer+3) 	=  (TimeStamp.tm_mday);
 212              		.loc 1 165 2 is_stmt 1 view .LVU51
 213              		.loc 1 165 32 is_stmt 0 view .LVU52
 214 000e DA68     		ldr	r2, [r3, #12]
 215              		.loc 1 165 19 view .LVU53
 216 0010 C270     		strb	r2, [r0, #3]
 166:IO_drivers/rtc.c **** 	*(RTC_buffer+4) 	=  (TimeStamp.tm_mon) + 1; //–≤ —Å—Ç—Ä—É–∫—Ç—É—Ä–µ TimeStamp –º–µ—Å—è—Ü–∞ –æ—Ç 0 
 217              		.loc 1 166 2 is_stmt 1 view .LVU54
 218              		.loc 1 166 32 is_stmt 0 view .LVU55
 219 0012 1A69     		ldr	r2, [r3, #16]
 220              		.loc 1 166 41 view .LVU56
 221 0014 0132     		adds	r2, r2, #1
 222              		.loc 1 166 19 view .LVU57
 223 0016 0271     		strb	r2, [r0, #4]
 167:IO_drivers/rtc.c **** 	*(RTC_buffer+5) 	=  TimeStamp.tm_year - (2000 - 1900);
 224              		.loc 1 167 2 is_stmt 1 view .LVU58
 225              		.loc 1 167 31 is_stmt 0 view .LVU59
 226 0018 5B69     		ldr	r3, [r3, #20]
 227              		.loc 1 167 40 view .LVU60
 228 001a 643B     		subs	r3, r3, #100
 229              		.loc 1 167 19 view .LVU61
 230 001c 4371     		strb	r3, [r0, #5]
 168:IO_drivers/rtc.c **** }
 231              		.loc 1 168 1 view .LVU62
 232 001e 7047     		bx	lr
ARM GAS  /tmp/ccAGdX81.s 			page 8


 233              	.L16:
 234              		.align	2
 235              	.L15:
 236 0020 00000000 		.word	.LANCHOR0
 237              		.cfi_endproc
 238              	.LFE827:
 240              		.section	.text.GetDataDS3231,"ax",%progbits
 241              		.align	1
 242              		.syntax unified
 243              		.thumb
 244              		.thumb_func
 246              	GetDataDS3231:
 247              	.LVL15:
 248              	.LFB817:
  43:IO_drivers/rtc.c **** 	status = I2C_OK;
 249              		.loc 1 43 1 is_stmt 1 view -0
 250              		.cfi_startproc
 251              		@ args = 0, pretend = 0, frame = 0
 252              		@ frame_needed = 0, uses_anonymous_args = 0
  43:IO_drivers/rtc.c **** 	status = I2C_OK;
 253              		.loc 1 43 1 is_stmt 0 view .LVU64
 254 0000 F8B5     		push	{r3, r4, r5, r6, r7, lr}
 255              	.LCFI2:
 256              		.cfi_def_cfa_offset 24
 257              		.cfi_offset 3, -24
 258              		.cfi_offset 4, -20
 259              		.cfi_offset 5, -16
 260              		.cfi_offset 6, -12
 261              		.cfi_offset 7, -8
 262              		.cfi_offset 14, -4
 263 0002 0846     		mov	r0, r1
 264              	.LVL16:
  43:IO_drivers/rtc.c **** 	status = I2C_OK;
 265              		.loc 1 43 1 view .LVU65
 266 0004 1646     		mov	r6, r2
 267 0006 1D46     		mov	r5, r3
  44:IO_drivers/rtc.c **** 
 268              		.loc 1 44 2 is_stmt 1 view .LVU66
  44:IO_drivers/rtc.c **** 
 269              		.loc 1 44 9 is_stmt 0 view .LVU67
 270 0008 0E4F     		ldr	r7, .L24
 271 000a 0023     		movs	r3, #0
 272              	.LVL17:
  44:IO_drivers/rtc.c **** 
 273              		.loc 1 44 9 view .LVU68
 274 000c 3B70     		strb	r3, [r7]
  46:IO_drivers/rtc.c **** 	{
 275              		.loc 1 46 2 is_stmt 1 view .LVU69
  46:IO_drivers/rtc.c **** 	{
 276              		.loc 1 46 16 is_stmt 0 view .LVU70
 277 000e 2946     		mov	r1, r5
 278              	.LVL18:
  46:IO_drivers/rtc.c **** 	{
 279              		.loc 1 46 16 view .LVU71
 280 0010 FFF7FEFF 		bl	I2C_ReadBuffer
 281              	.LVL19:
  46:IO_drivers/rtc.c **** 	{
ARM GAS  /tmp/ccAGdX81.s 			page 9


 282              		.loc 1 46 16 view .LVU72
 283 0014 0446     		mov	r4, r0
  46:IO_drivers/rtc.c **** 	{
 284              		.loc 1 46 14 view .LVU73
 285 0016 3870     		strb	r0, [r7]
  46:IO_drivers/rtc.c **** 	{
 286              		.loc 1 46 5 view .LVU74
 287 0018 38B1     		cbz	r0, .L18
 288              	.LBB4:
  55:IO_drivers/rtc.c **** 		{	*(RTC_buffer+count) = 0; }
 289              		.loc 1 55 16 view .LVU75
 290 001a 0020     		movs	r0, #0
 291 001c 0EE0     		b	.L19
 292              	.LVL20:
 293              	.L20:
  55:IO_drivers/rtc.c **** 		{	*(RTC_buffer+count) = 0; }
 294              		.loc 1 55 16 view .LVU76
 295              	.LBE4:
 296              	.LBB5:
  50:IO_drivers/rtc.c **** 		}
 297              		.loc 1 50 4 is_stmt 1 discriminator 3 view .LVU77
  50:IO_drivers/rtc.c **** 		}
 298              		.loc 1 50 26 is_stmt 0 discriminator 3 view .LVU78
 299 001e 285D     		ldrb	r0, [r5, r4]	@ zero_extendqisi2
 300 0020 FFF7FEFF 		bl	RTC_ConvertToDec
 301              	.LVL21:
  50:IO_drivers/rtc.c **** 		}
 302              		.loc 1 50 24 discriminator 3 view .LVU79
 303 0024 2855     		strb	r0, [r5, r4]
  48:IO_drivers/rtc.c **** 		{
 304              		.loc 1 48 44 is_stmt 1 discriminator 3 view .LVU80
  48:IO_drivers/rtc.c **** 		{
 305              		.loc 1 48 49 is_stmt 0 discriminator 3 view .LVU81
 306 0026 0134     		adds	r4, r4, #1
 307              	.LVL22:
  48:IO_drivers/rtc.c **** 		{
 308              		.loc 1 48 49 discriminator 3 view .LVU82
 309 0028 E4B2     		uxtb	r4, r4
 310              	.LVL23:
 311              	.L18:
  48:IO_drivers/rtc.c **** 		{
 312              		.loc 1 48 27 is_stmt 1 discriminator 1 view .LVU83
  48:IO_drivers/rtc.c **** 		{
 313              		.loc 1 48 3 is_stmt 0 discriminator 1 view .LVU84
 314 002a B442     		cmp	r4, r6
 315 002c F7D3     		bcc	.L20
 316              	.LVL24:
 317              	.L21:
  48:IO_drivers/rtc.c **** 		{
 318              		.loc 1 48 3 discriminator 1 view .LVU85
 319              	.LBE5:
  58:IO_drivers/rtc.c **** }
 320              		.loc 1 58 2 is_stmt 1 view .LVU86
  59:IO_drivers/rtc.c **** 
 321              		.loc 1 59 1 is_stmt 0 view .LVU87
 322 002e 054B     		ldr	r3, .L24
 323 0030 1878     		ldrb	r0, [r3]	@ zero_extendqisi2
ARM GAS  /tmp/ccAGdX81.s 			page 10


 324 0032 F8BD     		pop	{r3, r4, r5, r6, r7, pc}
 325              	.LVL25:
 326              	.L22:
 327              	.LBB6:
  56:IO_drivers/rtc.c **** 	}
 328              		.loc 1 56 5 is_stmt 1 discriminator 3 view .LVU88
  56:IO_drivers/rtc.c **** 	}
 329              		.loc 1 56 25 is_stmt 0 discriminator 3 view .LVU89
 330 0034 0023     		movs	r3, #0
 331 0036 2B54     		strb	r3, [r5, r0]
  55:IO_drivers/rtc.c **** 		{	*(RTC_buffer+count) = 0; }
 332              		.loc 1 55 44 is_stmt 1 discriminator 3 view .LVU90
  55:IO_drivers/rtc.c **** 		{	*(RTC_buffer+count) = 0; }
 333              		.loc 1 55 49 is_stmt 0 discriminator 3 view .LVU91
 334 0038 0130     		adds	r0, r0, #1
 335              	.LVL26:
  55:IO_drivers/rtc.c **** 		{	*(RTC_buffer+count) = 0; }
 336              		.loc 1 55 49 discriminator 3 view .LVU92
 337 003a C0B2     		uxtb	r0, r0
 338              	.LVL27:
 339              	.L19:
  55:IO_drivers/rtc.c **** 		{	*(RTC_buffer+count) = 0; }
 340              		.loc 1 55 27 is_stmt 1 discriminator 1 view .LVU93
  55:IO_drivers/rtc.c **** 		{	*(RTC_buffer+count) = 0; }
 341              		.loc 1 55 3 is_stmt 0 discriminator 1 view .LVU94
 342 003c B042     		cmp	r0, r6
 343 003e F9D3     		bcc	.L22
 344 0040 F5E7     		b	.L21
 345              	.L25:
 346 0042 00BF     		.align	2
 347              	.L24:
 348 0044 00000000 		.word	.LANCHOR1
 349              	.LBE6:
 350              		.cfi_endproc
 351              	.LFE817:
 353              		.section	.text.GetTime_DS3231,"ax",%progbits
 354              		.align	1
 355              		.syntax unified
 356              		.thumb
 357              		.thumb_func
 359              	GetTime_DS3231:
 360              	.LFB822:
 104:IO_drivers/rtc.c **** 	status = I2C_OK;
 361              		.loc 1 104 1 is_stmt 1 view -0
 362              		.cfi_startproc
 363              		@ args = 0, pretend = 0, frame = 0
 364              		@ frame_needed = 0, uses_anonymous_args = 0
 365 0000 38B5     		push	{r3, r4, r5, lr}
 366              	.LCFI3:
 367              		.cfi_def_cfa_offset 16
 368              		.cfi_offset 3, -16
 369              		.cfi_offset 4, -12
 370              		.cfi_offset 5, -8
 371              		.cfi_offset 14, -4
 105:IO_drivers/rtc.c **** 	status = GetDataDS3231(RTC_ADDRESS, FIRST_REGISTR_TIME, TIME_NUMBER, data.DS3231_getdata); //–ø–æ–
 372              		.loc 1 105 2 view .LVU96
 105:IO_drivers/rtc.c **** 	status = GetDataDS3231(RTC_ADDRESS, FIRST_REGISTR_TIME, TIME_NUMBER, data.DS3231_getdata); //–ø–æ–
ARM GAS  /tmp/ccAGdX81.s 			page 11


 373              		.loc 1 105 9 is_stmt 0 view .LVU97
 374 0002 094C     		ldr	r4, .L28
 375 0004 0021     		movs	r1, #0
 376 0006 2170     		strb	r1, [r4]
 106:IO_drivers/rtc.c ****     status = GetDataDS3231(RTC_ADDRESS, FIRST_REGISTR_DATE, TIME_NUMBER, data.DS3231_getdata+3); //
 377              		.loc 1 106 2 is_stmt 1 view .LVU98
 106:IO_drivers/rtc.c ****     status = GetDataDS3231(RTC_ADDRESS, FIRST_REGISTR_DATE, TIME_NUMBER, data.DS3231_getdata+3); //
 378              		.loc 1 106 11 is_stmt 0 view .LVU99
 379 0008 084D     		ldr	r5, .L28+4
 380 000a 2B46     		mov	r3, r5
 381 000c 0322     		movs	r2, #3
 382 000e D020     		movs	r0, #208
 383 0010 FFF7FEFF 		bl	GetDataDS3231
 384              	.LVL28:
 106:IO_drivers/rtc.c ****     status = GetDataDS3231(RTC_ADDRESS, FIRST_REGISTR_DATE, TIME_NUMBER, data.DS3231_getdata+3); //
 385              		.loc 1 106 9 view .LVU100
 386 0014 2070     		strb	r0, [r4]
 107:IO_drivers/rtc.c **** 	return status;
 387              		.loc 1 107 5 is_stmt 1 view .LVU101
 107:IO_drivers/rtc.c **** 	return status;
 388              		.loc 1 107 14 is_stmt 0 view .LVU102
 389 0016 EB1C     		adds	r3, r5, #3
 390 0018 0322     		movs	r2, #3
 391 001a 0421     		movs	r1, #4
 392 001c D020     		movs	r0, #208
 393 001e FFF7FEFF 		bl	GetDataDS3231
 394              	.LVL29:
 107:IO_drivers/rtc.c **** 	return status;
 395              		.loc 1 107 12 view .LVU103
 396 0022 2070     		strb	r0, [r4]
 108:IO_drivers/rtc.c **** }
 397              		.loc 1 108 2 is_stmt 1 view .LVU104
 109:IO_drivers/rtc.c **** 
 398              		.loc 1 109 1 is_stmt 0 view .LVU105
 399 0024 38BD     		pop	{r3, r4, r5, pc}
 400              	.L29:
 401 0026 00BF     		.align	2
 402              	.L28:
 403 0028 00000000 		.word	.LANCHOR1
 404 002c 00000000 		.word	.LANCHOR2
 405              		.cfi_endproc
 406              	.LFE822:
 408              		.section	.text.CalcUNIXtime_from_DS3231,"ax",%progbits
 409              		.align	1
 410              		.syntax unified
 411              		.thumb
 412              		.thumb_func
 414              	CalcUNIXtime_from_DS3231:
 415              	.LVL30:
 416              	.LFB824:
 124:IO_drivers/rtc.c **** 	TimeStamp.tm_sec = *time_data;
 417              		.loc 1 124 1 is_stmt 1 view -0
 418              		.cfi_startproc
 419              		@ args = 0, pretend = 0, frame = 0
 420              		@ frame_needed = 0, uses_anonymous_args = 0
 124:IO_drivers/rtc.c **** 	TimeStamp.tm_sec = *time_data;
 421              		.loc 1 124 1 is_stmt 0 view .LVU107
ARM GAS  /tmp/ccAGdX81.s 			page 12


 422 0000 10B5     		push	{r4, lr}
 423              	.LCFI4:
 424              		.cfi_def_cfa_offset 8
 425              		.cfi_offset 4, -8
 426              		.cfi_offset 14, -4
 427 0002 0446     		mov	r4, r0
 125:IO_drivers/rtc.c **** 	TimeStamp.tm_min = *(time_data+1);
 428              		.loc 1 125 2 is_stmt 1 view .LVU108
 125:IO_drivers/rtc.c **** 	TimeStamp.tm_min = *(time_data+1);
 429              		.loc 1 125 21 is_stmt 0 view .LVU109
 430 0004 0B78     		ldrb	r3, [r1]	@ zero_extendqisi2
 125:IO_drivers/rtc.c **** 	TimeStamp.tm_min = *(time_data+1);
 431              		.loc 1 125 19 view .LVU110
 432 0006 0948     		ldr	r0, .L32
 433              	.LVL31:
 125:IO_drivers/rtc.c **** 	TimeStamp.tm_min = *(time_data+1);
 434              		.loc 1 125 19 view .LVU111
 435 0008 0360     		str	r3, [r0]
 126:IO_drivers/rtc.c **** 	TimeStamp.tm_hour = *(time_data+2);
 436              		.loc 1 126 2 is_stmt 1 view .LVU112
 126:IO_drivers/rtc.c **** 	TimeStamp.tm_hour = *(time_data+2);
 437              		.loc 1 126 21 is_stmt 0 view .LVU113
 438 000a 4B78     		ldrb	r3, [r1, #1]	@ zero_extendqisi2
 126:IO_drivers/rtc.c **** 	TimeStamp.tm_hour = *(time_data+2);
 439              		.loc 1 126 19 view .LVU114
 440 000c 4360     		str	r3, [r0, #4]
 127:IO_drivers/rtc.c **** 	TimeStamp.tm_mday = *(time_data+3)-1;
 441              		.loc 1 127 2 is_stmt 1 view .LVU115
 127:IO_drivers/rtc.c **** 	TimeStamp.tm_mday = *(time_data+3)-1;
 442              		.loc 1 127 22 is_stmt 0 view .LVU116
 443 000e 8B78     		ldrb	r3, [r1, #2]	@ zero_extendqisi2
 127:IO_drivers/rtc.c **** 	TimeStamp.tm_mday = *(time_data+3)-1;
 444              		.loc 1 127 20 view .LVU117
 445 0010 8360     		str	r3, [r0, #8]
 128:IO_drivers/rtc.c **** 	TimeStamp.tm_mon = *(time_data+4);			
 446              		.loc 1 128 2 is_stmt 1 view .LVU118
 128:IO_drivers/rtc.c **** 	TimeStamp.tm_mon = *(time_data+4);			
 447              		.loc 1 128 22 is_stmt 0 view .LVU119
 448 0012 CB78     		ldrb	r3, [r1, #3]	@ zero_extendqisi2
 128:IO_drivers/rtc.c **** 	TimeStamp.tm_mon = *(time_data+4);			
 449              		.loc 1 128 36 view .LVU120
 450 0014 013B     		subs	r3, r3, #1
 128:IO_drivers/rtc.c **** 	TimeStamp.tm_mon = *(time_data+4);			
 451              		.loc 1 128 20 view .LVU121
 452 0016 C360     		str	r3, [r0, #12]
 129:IO_drivers/rtc.c **** 	TimeStamp.tm_year = *(time_data+5) + (2000 - 1900);
 453              		.loc 1 129 2 is_stmt 1 view .LVU122
 129:IO_drivers/rtc.c **** 	TimeStamp.tm_year = *(time_data+5) + (2000 - 1900);
 454              		.loc 1 129 21 is_stmt 0 view .LVU123
 455 0018 0B79     		ldrb	r3, [r1, #4]	@ zero_extendqisi2
 129:IO_drivers/rtc.c **** 	TimeStamp.tm_year = *(time_data+5) + (2000 - 1900);
 456              		.loc 1 129 19 view .LVU124
 457 001a 0361     		str	r3, [r0, #16]
 130:IO_drivers/rtc.c **** 	*UNIX_time =  (uint32_t	) mktime64(&TimeStamp); //–ø–µ—Ä–µ–≤–æ–¥ –ø–æ–ª—É—á–µ–Ω–Ω–æ–π –¥–∞—Ç—ã –≤ 
 458              		.loc 1 130 2 is_stmt 1 view .LVU125
 130:IO_drivers/rtc.c **** 	*UNIX_time =  (uint32_t	) mktime64(&TimeStamp); //–ø–µ—Ä–µ–≤–æ–¥ –ø–æ–ª—É—á–µ–Ω–Ω–æ–π –¥–∞—Ç—ã –≤ 
 459              		.loc 1 130 22 is_stmt 0 view .LVU126
ARM GAS  /tmp/ccAGdX81.s 			page 13


 460 001c 4B79     		ldrb	r3, [r1, #5]	@ zero_extendqisi2
 130:IO_drivers/rtc.c **** 	*UNIX_time =  (uint32_t	) mktime64(&TimeStamp); //–ø–µ—Ä–µ–≤–æ–¥ –ø–æ–ª—É—á–µ–Ω–Ω–æ–π –¥–∞—Ç—ã –≤ 
 461              		.loc 1 130 37 view .LVU127
 462 001e 6433     		adds	r3, r3, #100
 130:IO_drivers/rtc.c **** 	*UNIX_time =  (uint32_t	) mktime64(&TimeStamp); //–ø–µ—Ä–µ–≤–æ–¥ –ø–æ–ª—É—á–µ–Ω–Ω–æ–π –¥–∞—Ç—ã –≤ 
 463              		.loc 1 130 20 view .LVU128
 464 0020 4361     		str	r3, [r0, #20]
 131:IO_drivers/rtc.c **** }
 465              		.loc 1 131 2 is_stmt 1 view .LVU129
 131:IO_drivers/rtc.c **** }
 466              		.loc 1 131 28 is_stmt 0 view .LVU130
 467 0022 FFF7FEFF 		bl	mktime64
 468              	.LVL32:
 131:IO_drivers/rtc.c **** }
 469              		.loc 1 131 13 view .LVU131
 470 0026 2060     		str	r0, [r4]
 132:IO_drivers/rtc.c **** 
 471              		.loc 1 132 1 view .LVU132
 472 0028 10BD     		pop	{r4, pc}
 473              	.LVL33:
 474              	.L33:
 132:IO_drivers/rtc.c **** 
 475              		.loc 1 132 1 view .LVU133
 476 002a 00BF     		.align	2
 477              	.L32:
 478 002c 00000000 		.word	.LANCHOR0
 479              		.cfi_endproc
 480              	.LFE824:
 482              		.section	.text.CalcTimeStamp_from_UART,"ax",%progbits
 483              		.align	1
 484              		.syntax unified
 485              		.thumb
 486              		.thumb_func
 488              	CalcTimeStamp_from_UART:
 489              	.LVL34:
 490              	.LFB826:
 153:IO_drivers/rtc.c **** 	int64_t buf = (uint64_t)UART_UNIXtime;
 491              		.loc 1 153 1 is_stmt 1 view -0
 492              		.cfi_startproc
 493              		@ args = 0, pretend = 0, frame = 8
 494              		@ frame_needed = 0, uses_anonymous_args = 0
 153:IO_drivers/rtc.c **** 	int64_t buf = (uint64_t)UART_UNIXtime;
 495              		.loc 1 153 1 is_stmt 0 view .LVU135
 496 0000 10B5     		push	{r4, lr}
 497              	.LCFI5:
 498              		.cfi_def_cfa_offset 8
 499              		.cfi_offset 4, -8
 500              		.cfi_offset 14, -4
 501 0002 82B0     		sub	sp, sp, #8
 502              	.LCFI6:
 503              		.cfi_def_cfa_offset 16
 154:IO_drivers/rtc.c **** 	TimeStamp = *gmtime64_r (&buf, &TimeStamp);
 504              		.loc 1 154 2 is_stmt 1 view .LVU136
 154:IO_drivers/rtc.c **** 	TimeStamp = *gmtime64_r (&buf, &TimeStamp);
 505              		.loc 1 154 10 is_stmt 0 view .LVU137
 506 0004 0090     		str	r0, [sp]
 507 0006 0023     		movs	r3, #0
ARM GAS  /tmp/ccAGdX81.s 			page 14


 508 0008 0193     		str	r3, [sp, #4]
 155:IO_drivers/rtc.c **** 
 509              		.loc 1 155 2 is_stmt 1 view .LVU138
 155:IO_drivers/rtc.c **** 
 510              		.loc 1 155 15 is_stmt 0 view .LVU139
 511 000a 094C     		ldr	r4, .L36
 512 000c 2146     		mov	r1, r4
 513 000e 6846     		mov	r0, sp
 514              	.LVL35:
 155:IO_drivers/rtc.c **** 
 515              		.loc 1 155 15 view .LVU140
 516 0010 FFF7FEFF 		bl	gmtime64_r
 517              	.LVL36:
 155:IO_drivers/rtc.c **** 
 518              		.loc 1 155 12 view .LVU141
 519 0014 A446     		mov	ip, r4
 520 0016 0446     		mov	r4, r0
 521 0018 0FCC     		ldmia	r4!, {r0, r1, r2, r3}
 522 001a ACE80F00 		stmia	ip!, {r0, r1, r2, r3}
 523 001e 0FCC     		ldmia	r4!, {r0, r1, r2, r3}
 524 0020 ACE80F00 		stmia	ip!, {r0, r1, r2, r3}
 525 0024 2368     		ldr	r3, [r4]
 526 0026 CCF80030 		str	r3, [ip]
 157:IO_drivers/rtc.c **** 
 527              		.loc 1 157 1 view .LVU142
 528 002a 02B0     		add	sp, sp, #8
 529              	.LCFI7:
 530              		.cfi_def_cfa_offset 8
 531              		@ sp needed
 532 002c 10BD     		pop	{r4, pc}
 533              	.L37:
 534 002e 00BF     		.align	2
 535              	.L36:
 536 0030 00000000 		.word	.LANCHOR0
 537              		.cfi_endproc
 538              	.LFE826:
 540              		.section	.text.SetTimeDS3231,"ax",%progbits
 541              		.align	1
 542              		.syntax unified
 543              		.thumb
 544              		.thumb_func
 546              	SetTimeDS3231:
 547              	.LVL37:
 548              	.LFB819:
  72:IO_drivers/rtc.c **** 	uint8_t count = 0;
 549              		.loc 1 72 1 is_stmt 1 view -0
 550              		.cfi_startproc
 551              		@ args = 0, pretend = 0, frame = 0
 552              		@ frame_needed = 0, uses_anonymous_args = 0
  72:IO_drivers/rtc.c **** 	uint8_t count = 0;
 553              		.loc 1 72 1 is_stmt 0 view .LVU144
 554 0000 F8B5     		push	{r3, r4, r5, r6, r7, lr}
 555              	.LCFI8:
 556              		.cfi_def_cfa_offset 24
 557              		.cfi_offset 3, -24
 558              		.cfi_offset 4, -20
 559              		.cfi_offset 5, -16
ARM GAS  /tmp/ccAGdX81.s 			page 15


 560              		.cfi_offset 6, -12
 561              		.cfi_offset 7, -8
 562              		.cfi_offset 14, -4
 563 0002 0F46     		mov	r7, r1
 564 0004 1546     		mov	r5, r2
 565 0006 1E46     		mov	r6, r3
  73:IO_drivers/rtc.c **** 	status = I2C_OK;
 566              		.loc 1 73 2 is_stmt 1 view .LVU145
 567              	.LVL38:
  74:IO_drivers/rtc.c **** 
 568              		.loc 1 74 2 view .LVU146
  74:IO_drivers/rtc.c **** 
 569              		.loc 1 74 9 is_stmt 0 view .LVU147
 570 0008 0024     		movs	r4, #0
 571 000a 0D4B     		ldr	r3, .L44
 572              	.LVL39:
  74:IO_drivers/rtc.c **** 
 573              		.loc 1 74 9 view .LVU148
 574 000c 1C70     		strb	r4, [r3]
  76:IO_drivers/rtc.c **** 		*(RTC_buffer+count)  = RTC_ConvertToBinDec(*(RTC_buffer+count));  //–ø–µ—Ä–µ–≤–æ–¥ —á–∏—Å–ª–∞ –≤ 
 575              		.loc 1 76 2 is_stmt 1 view .LVU149
  76:IO_drivers/rtc.c **** 		*(RTC_buffer+count)  = RTC_ConvertToBinDec(*(RTC_buffer+count));  //–ø–µ—Ä–µ–≤–æ–¥ —á–∏—Å–ª–∞ –≤ 
 576              		.loc 1 76 2 is_stmt 0 view .LVU150
 577 000e 05E0     		b	.L39
 578              	.LVL40:
 579              	.L40:
  77:IO_drivers/rtc.c **** 	}
 580              		.loc 1 77 3 is_stmt 1 discriminator 3 view .LVU151
  77:IO_drivers/rtc.c **** 	}
 581              		.loc 1 77 26 is_stmt 0 discriminator 3 view .LVU152
 582 0010 305D     		ldrb	r0, [r6, r4]	@ zero_extendqisi2
 583 0012 FFF7FEFF 		bl	RTC_ConvertToBinDec
 584              	.LVL41:
  77:IO_drivers/rtc.c **** 	}
 585              		.loc 1 77 24 discriminator 3 view .LVU153
 586 0016 3055     		strb	r0, [r6, r4]
  76:IO_drivers/rtc.c **** 		*(RTC_buffer+count)  = RTC_ConvertToBinDec(*(RTC_buffer+count));  //–ø–µ—Ä–µ–≤–æ–¥ —á–∏—Å–ª–∞ –≤ 
 587              		.loc 1 76 35 is_stmt 1 discriminator 3 view .LVU154
  76:IO_drivers/rtc.c **** 		*(RTC_buffer+count)  = RTC_ConvertToBinDec(*(RTC_buffer+count));  //–ø–µ—Ä–µ–≤–æ–¥ —á–∏—Å–ª–∞ –≤ 
 588              		.loc 1 76 40 is_stmt 0 discriminator 3 view .LVU155
 589 0018 0134     		adds	r4, r4, #1
 590              	.LVL42:
  76:IO_drivers/rtc.c **** 		*(RTC_buffer+count)  = RTC_ConvertToBinDec(*(RTC_buffer+count));  //–ø–µ—Ä–µ–≤–æ–¥ —á–∏—Å–ª–∞ –≤ 
 591              		.loc 1 76 40 discriminator 3 view .LVU156
 592 001a E4B2     		uxtb	r4, r4
 593              	.LVL43:
 594              	.L39:
  76:IO_drivers/rtc.c **** 		*(RTC_buffer+count)  = RTC_ConvertToBinDec(*(RTC_buffer+count));  //–ø–µ—Ä–µ–≤–æ–¥ —á–∏—Å–ª–∞ –≤ 
 595              		.loc 1 76 18 is_stmt 1 discriminator 1 view .LVU157
  76:IO_drivers/rtc.c **** 		*(RTC_buffer+count)  = RTC_ConvertToBinDec(*(RTC_buffer+count));  //–ø–µ—Ä–µ–≤–æ–¥ —á–∏—Å–ª–∞ –≤ 
 596              		.loc 1 76 2 is_stmt 0 discriminator 1 view .LVU158
 597 001c AC42     		cmp	r4, r5
 598 001e F7D3     		bcc	.L40
  80:IO_drivers/rtc.c **** 	{	 
 599              		.loc 1 80 13 view .LVU159
 600 0020 0024     		movs	r4, #0
 601              	.LVL44:
ARM GAS  /tmp/ccAGdX81.s 			page 16


  80:IO_drivers/rtc.c **** 	{	 
 602              		.loc 1 80 13 view .LVU160
 603 0022 08E0     		b	.L41
 604              	.LVL45:
 605              	.L42:
  82:IO_drivers/rtc.c **** 	}	
 606              		.loc 1 82 3 is_stmt 1 discriminator 3 view .LVU161
  82:IO_drivers/rtc.c **** 	}	
 607              		.loc 1 82 12 is_stmt 0 discriminator 3 view .LVU162
 608 0024 2A46     		mov	r2, r5
 609 0026 3146     		mov	r1, r6
 610 0028 3846     		mov	r0, r7
 611 002a FFF7FEFF 		bl	I2C_WriteBuffer
 612              	.LVL46:
  82:IO_drivers/rtc.c **** 	}	
 613              		.loc 1 82 10 discriminator 3 view .LVU163
 614 002e 044B     		ldr	r3, .L44
 615 0030 1870     		strb	r0, [r3]
  80:IO_drivers/rtc.c **** 	{	 
 616              		.loc 1 80 35 is_stmt 1 discriminator 3 view .LVU164
  80:IO_drivers/rtc.c **** 	{	 
 617              		.loc 1 80 40 is_stmt 0 discriminator 3 view .LVU165
 618 0032 0134     		adds	r4, r4, #1
 619              	.LVL47:
  80:IO_drivers/rtc.c **** 	{	 
 620              		.loc 1 80 40 discriminator 3 view .LVU166
 621 0034 E4B2     		uxtb	r4, r4
 622              	.LVL48:
 623              	.L41:
  80:IO_drivers/rtc.c **** 	{	 
 624              		.loc 1 80 18 is_stmt 1 discriminator 1 view .LVU167
  80:IO_drivers/rtc.c **** 	{	 
 625              		.loc 1 80 2 is_stmt 0 discriminator 1 view .LVU168
 626 0036 AC42     		cmp	r4, r5
 627 0038 F4D3     		bcc	.L42
  85:IO_drivers/rtc.c **** }
 628              		.loc 1 85 2 is_stmt 1 view .LVU169
  86:IO_drivers/rtc.c **** 
 629              		.loc 1 86 1 is_stmt 0 view .LVU170
 630 003a 014B     		ldr	r3, .L44
 631 003c 1878     		ldrb	r0, [r3]	@ zero_extendqisi2
 632 003e F8BD     		pop	{r3, r4, r5, r6, r7, pc}
 633              	.LVL49:
 634              	.L45:
  86:IO_drivers/rtc.c **** 
 635              		.loc 1 86 1 view .LVU171
 636              		.align	2
 637              	.L44:
 638 0040 00000000 		.word	.LANCHOR1
 639              		.cfi_endproc
 640              	.LFE819:
 642              		.section	.text.GetTempDS3231,"ax",%progbits
 643              		.align	1
 644              		.global	GetTempDS3231
 645              		.syntax unified
 646              		.thumb
 647              		.thumb_func
ARM GAS  /tmp/ccAGdX81.s 			page 17


 649              	GetTempDS3231:
 650              	.LVL50:
 651              	.LFB818:
  63:IO_drivers/rtc.c **** 	status = I2C_OK;
 652              		.loc 1 63 1 is_stmt 1 view -0
 653              		.cfi_startproc
 654              		@ args = 0, pretend = 0, frame = 0
 655              		@ frame_needed = 0, uses_anonymous_args = 0
  63:IO_drivers/rtc.c **** 	status = I2C_OK;
 656              		.loc 1 63 1 is_stmt 0 view .LVU173
 657 0000 38B5     		push	{r3, r4, r5, lr}
 658              	.LCFI9:
 659              		.cfi_def_cfa_offset 16
 660              		.cfi_offset 3, -16
 661              		.cfi_offset 4, -12
 662              		.cfi_offset 5, -8
 663              		.cfi_offset 14, -4
 664 0002 0846     		mov	r0, r1
 665              	.LVL51:
  63:IO_drivers/rtc.c **** 	status = I2C_OK;
 666              		.loc 1 63 1 view .LVU174
 667 0004 1446     		mov	r4, r2
  64:IO_drivers/rtc.c **** 	if ((status = I2C_ReadByte (registr_adress,  temp_buffer)) != I2C_OK)
 668              		.loc 1 64 2 is_stmt 1 view .LVU175
  64:IO_drivers/rtc.c **** 	if ((status = I2C_ReadByte (registr_adress,  temp_buffer)) != I2C_OK)
 669              		.loc 1 64 9 is_stmt 0 view .LVU176
 670 0006 064D     		ldr	r5, .L49
 671 0008 0023     		movs	r3, #0
 672 000a 2B70     		strb	r3, [r5]
  65:IO_drivers/rtc.c **** 	{	*temp_buffer = 0;	}	
 673              		.loc 1 65 2 is_stmt 1 view .LVU177
  65:IO_drivers/rtc.c **** 	{	*temp_buffer = 0;	}	
 674              		.loc 1 65 16 is_stmt 0 view .LVU178
 675 000c 1146     		mov	r1, r2
 676              	.LVL52:
  65:IO_drivers/rtc.c **** 	{	*temp_buffer = 0;	}	
 677              		.loc 1 65 16 view .LVU179
 678 000e FFF7FEFF 		bl	I2C_ReadByte
 679              	.LVL53:
  65:IO_drivers/rtc.c **** 	{	*temp_buffer = 0;	}	
 680              		.loc 1 65 14 view .LVU180
 681 0012 2870     		strb	r0, [r5]
  65:IO_drivers/rtc.c **** 	{	*temp_buffer = 0;	}	
 682              		.loc 1 65 5 view .LVU181
 683 0014 08B1     		cbz	r0, .L47
  66:IO_drivers/rtc.c **** 	return  status;
 684              		.loc 1 66 4 is_stmt 1 view .LVU182
  66:IO_drivers/rtc.c **** 	return  status;
 685              		.loc 1 66 17 is_stmt 0 view .LVU183
 686 0016 0023     		movs	r3, #0
 687 0018 2370     		strb	r3, [r4]
 688              	.L47:
  67:IO_drivers/rtc.c **** }
 689              		.loc 1 67 2 is_stmt 1 view .LVU184
  68:IO_drivers/rtc.c **** 
 690              		.loc 1 68 1 is_stmt 0 view .LVU185
 691 001a 014B     		ldr	r3, .L49
ARM GAS  /tmp/ccAGdX81.s 			page 18


 692 001c 1878     		ldrb	r0, [r3]	@ zero_extendqisi2
 693 001e 38BD     		pop	{r3, r4, r5, pc}
 694              	.LVL54:
 695              	.L50:
  68:IO_drivers/rtc.c **** 
 696              		.loc 1 68 1 view .LVU186
 697              		.align	2
 698              	.L49:
 699 0020 00000000 		.word	.LANCHOR1
 700              		.cfi_endproc
 701              	.LFE818:
 703              		.section	.text.GetUnixTime_from_DS3231,"ax",%progbits
 704              		.align	1
 705              		.global	GetUnixTime_from_DS3231
 706              		.syntax unified
 707              		.thumb
 708              		.thumb_func
 710              	GetUnixTime_from_DS3231:
 711              	.LFB825:
 136:IO_drivers/rtc.c **** 	status = I2C_OK;
 712              		.loc 1 136 1 is_stmt 1 view -0
 713              		.cfi_startproc
 714              		@ args = 0, pretend = 0, frame = 0
 715              		@ frame_needed = 0, uses_anonymous_args = 0
 716 0000 10B5     		push	{r4, lr}
 717              	.LCFI10:
 718              		.cfi_def_cfa_offset 8
 719              		.cfi_offset 4, -8
 720              		.cfi_offset 14, -4
 137:IO_drivers/rtc.c ****     status = GetTime_DS3231 ();
 721              		.loc 1 137 2 view .LVU188
 137:IO_drivers/rtc.c ****     status = GetTime_DS3231 ();
 722              		.loc 1 137 9 is_stmt 0 view .LVU189
 723 0002 0B4C     		ldr	r4, .L56
 724 0004 0023     		movs	r3, #0
 725 0006 2370     		strb	r3, [r4]
 138:IO_drivers/rtc.c **** 
 726              		.loc 1 138 5 is_stmt 1 view .LVU190
 138:IO_drivers/rtc.c **** 
 727              		.loc 1 138 14 is_stmt 0 view .LVU191
 728 0008 FFF7FEFF 		bl	GetTime_DS3231
 729              	.LVL55:
 138:IO_drivers/rtc.c **** 
 730              		.loc 1 138 12 view .LVU192
 731 000c 2070     		strb	r0, [r4]
 140:IO_drivers/rtc.c **** 	{	
 732              		.loc 1 140 2 is_stmt 1 view .LVU193
 140:IO_drivers/rtc.c **** 	{	
 733              		.loc 1 140 5 is_stmt 0 view .LVU194
 734 000e 08B1     		cbz	r0, .L55
 147:IO_drivers/rtc.c **** 
 735              		.loc 1 147 11 view .LVU195
 736 0010 0020     		movs	r0, #0
 737              	.L51:
 149:IO_drivers/rtc.c **** 
 738              		.loc 1 149 1 view .LVU196
 739 0012 10BD     		pop	{r4, pc}
ARM GAS  /tmp/ccAGdX81.s 			page 19


 740              	.L55:
 142:IO_drivers/rtc.c **** 		CalcUNIXtime_from_DS3231 (&data.DS3231_UNIXtime, data.DS3231_getdata);  //—Ä–∞—Å—á—ë—Ç UNIX –≤—Ä–
 741              		.loc 1 142 3 is_stmt 1 view .LVU197
 742 0014 074C     		ldr	r4, .L56+4
 743 0016 0322     		movs	r2, #3
 744 0018 2146     		mov	r1, r4
 745 001a 04F10C00 		add	r0, r4, #12
 746 001e FFF7FEFF 		bl	convert_time
 747              	.LVL56:
 143:IO_drivers/rtc.c **** 		return data.DS3231_UNIXtime;
 748              		.loc 1 143 3 view .LVU198
 749 0022 2146     		mov	r1, r4
 750 0024 04F11400 		add	r0, r4, #20
 751 0028 FFF7FEFF 		bl	CalcUNIXtime_from_DS3231
 752              	.LVL57:
 144:IO_drivers/rtc.c **** 	}
 753              		.loc 1 144 3 view .LVU199
 144:IO_drivers/rtc.c **** 	}
 754              		.loc 1 144 14 is_stmt 0 view .LVU200
 755 002c 6069     		ldr	r0, [r4, #20]
 756 002e F0E7     		b	.L51
 757              	.L57:
 758              		.align	2
 759              	.L56:
 760 0030 00000000 		.word	.LANCHOR1
 761 0034 00000000 		.word	.LANCHOR2
 762              		.cfi_endproc
 763              	.LFE825:
 765              		.section	.text.PrepareSendTimedata_to_DS3231,"ax",%progbits
 766              		.align	1
 767              		.global	PrepareSendTimedata_to_DS3231
 768              		.syntax unified
 769              		.thumb
 770              		.thumb_func
 772              	PrepareSendTimedata_to_DS3231:
 773              	.LVL58:
 774              	.LFB828:
 169:IO_drivers/rtc.c **** 
 170:IO_drivers/rtc.c **** //------------–ø–µ—Ä–µ–≤–æ–¥ UNIX –≤—Ä–µ–º–µ–Ω–∏ –≤ —Å—Ç—Ä—É–∫—Ç—É—Ä—É –∏ –∑–∞–ø–∏—Å—å –ø–æ–ª—É—á–µ
 171:IO_drivers/rtc.c **** uint8_t PrepareSendTimedata_to_DS3231 (uint32_t UART_UnixTime)
 172:IO_drivers/rtc.c **** {
 775              		.loc 1 172 1 is_stmt 1 view -0
 776              		.cfi_startproc
 777              		@ args = 0, pretend = 0, frame = 0
 778              		@ frame_needed = 0, uses_anonymous_args = 0
 779              		.loc 1 172 1 is_stmt 0 view .LVU202
 780 0000 F8B5     		push	{r3, r4, r5, r6, r7, lr}
 781              	.LCFI11:
 782              		.cfi_def_cfa_offset 24
 783              		.cfi_offset 3, -24
 784              		.cfi_offset 4, -20
 785              		.cfi_offset 5, -16
 786              		.cfi_offset 6, -12
 787              		.cfi_offset 7, -8
 788              		.cfi_offset 14, -4
 173:IO_drivers/rtc.c **** 	status = I2C_OK;
 789              		.loc 1 173 2 is_stmt 1 view .LVU203
ARM GAS  /tmp/ccAGdX81.s 			page 20


 790              		.loc 1 173 9 is_stmt 0 view .LVU204
 791 0002 0D4C     		ldr	r4, .L60
 792 0004 0026     		movs	r6, #0
 793 0006 2670     		strb	r6, [r4]
 174:IO_drivers/rtc.c **** 	CalcTimeStamp_from_UART (UART_UnixTime);
 794              		.loc 1 174 2 is_stmt 1 view .LVU205
 795 0008 FFF7FEFF 		bl	CalcTimeStamp_from_UART
 796              	.LVL59:
 175:IO_drivers/rtc.c **** 	copy_TMdata(data.DS3231_putdata);
 797              		.loc 1 175 2 view .LVU206
 798 000c 0B4D     		ldr	r5, .L60+4
 799 000e AF1D     		adds	r7, r5, #6
 800 0010 3846     		mov	r0, r7
 801 0012 FFF7FEFF 		bl	copy_TMdata
 802              	.LVL60:
 176:IO_drivers/rtc.c ****     status = SetTimeDS3231 (RTC_ADDRESS, FIRST_REGISTR_TIME, TIME_NUMBER, data.DS3231_putdata);
 803              		.loc 1 176 5 view .LVU207
 804              		.loc 1 176 14 is_stmt 0 view .LVU208
 805 0016 3B46     		mov	r3, r7
 806 0018 0322     		movs	r2, #3
 807 001a 3146     		mov	r1, r6
 808 001c D020     		movs	r0, #208
 809 001e FFF7FEFF 		bl	SetTimeDS3231
 810              	.LVL61:
 811              		.loc 1 176 12 view .LVU209
 812 0022 2070     		strb	r0, [r4]
 177:IO_drivers/rtc.c ****     status = SetTimeDS3231 (RTC_ADDRESS, FIRST_REGISTR_DATE, TIME_NUMBER, data.DS3231_putdata+3);
 813              		.loc 1 177 5 is_stmt 1 view .LVU210
 814              		.loc 1 177 14 is_stmt 0 view .LVU211
 815 0024 05F10903 		add	r3, r5, #9
 816 0028 0322     		movs	r2, #3
 817 002a 0421     		movs	r1, #4
 818 002c D020     		movs	r0, #208
 819 002e FFF7FEFF 		bl	SetTimeDS3231
 820              	.LVL62:
 821              		.loc 1 177 12 view .LVU212
 822 0032 2070     		strb	r0, [r4]
 178:IO_drivers/rtc.c **** 	return status;
 823              		.loc 1 178 2 is_stmt 1 view .LVU213
 179:IO_drivers/rtc.c **** }
 824              		.loc 1 179 1 is_stmt 0 view .LVU214
 825 0034 F8BD     		pop	{r3, r4, r5, r6, r7, pc}
 826              	.L61:
 827 0036 00BF     		.align	2
 828              	.L60:
 829 0038 00000000 		.word	.LANCHOR1
 830 003c 00000000 		.word	.LANCHOR2
 831              		.cfi_endproc
 832              	.LFE828:
 834              		.section	.text.return_HandleTimeBuff,"ax",%progbits
 835              		.align	1
 836              		.global	return_HandleTimeBuff
 837              		.syntax unified
 838              		.thumb
 839              		.thumb_func
 841              	return_HandleTimeBuff:
 842              	.LFB829:
ARM GAS  /tmp/ccAGdX81.s 			page 21


 180:IO_drivers/rtc.c **** 
 181:IO_drivers/rtc.c **** //----------–≤–æ–∑–≤—Ä–∞—Ç —É–∫–∞–∑–∞—Ç–µ–ª—è –Ω–∞ —Å–∏–º–≤–æ–ª—å–Ω—ã–π –º–∞—Å—Å–∏–≤ —Å –¥–∞–Ω–Ω—ã–
 182:IO_drivers/rtc.c **** char * return_HandleTimeBuff (void)
 183:IO_drivers/rtc.c **** {
 843              		.loc 1 183 1 is_stmt 1 view -0
 844              		.cfi_startproc
 845              		@ args = 0, pretend = 0, frame = 0
 846              		@ frame_needed = 0, uses_anonymous_args = 0
 847              		@ link register save eliminated.
 184:IO_drivers/rtc.c **** 	return data.time; 
 848              		.loc 1 184 2 view .LVU216
 185:IO_drivers/rtc.c **** }
 849              		.loc 1 185 1 is_stmt 0 view .LVU217
 850 0000 0048     		ldr	r0, .L63
 851 0002 7047     		bx	lr
 852              	.L64:
 853              		.align	2
 854              	.L63:
 855 0004 0C000000 		.word	.LANCHOR2+12
 856              		.cfi_endproc
 857              	.LFE829:
 859              		.global	pred_sum
 860              		.global	status
 861              		.global	data
 862              		.global	TimeStamp
 863              		.section	.bss.TimeStamp,"aw",%nobits
 864              		.align	2
 865              		.set	.LANCHOR0,. + 0
 868              	TimeStamp:
 869 0000 00000000 		.space	36
 869      00000000 
 869      00000000 
 869      00000000 
 869      00000000 
 870              		.section	.bss.data,"aw",%nobits
 871              		.align	2
 872              		.set	.LANCHOR2,. + 0
 875              	data:
 876 0000 00000000 		.space	24
 876      00000000 
 876      00000000 
 876      00000000 
 876      00000000 
 877              		.section	.bss.status,"aw",%nobits
 878              		.set	.LANCHOR1,. + 0
 881              	status:
 882 0000 00       		.space	1
 883              		.section	.rodata.pred_sum,"a"
 884              		.align	2
 887              	pred_sum:
 888 0000 00000000 		.word	0
 889 0004 1F000000 		.word	31
 890 0008 3B000000 		.word	59
 891 000c 5A000000 		.word	90
 892 0010 78000000 		.word	120
 893 0014 97000000 		.word	151
 894 0018 B5000000 		.word	181
ARM GAS  /tmp/ccAGdX81.s 			page 22


 895 001c D4000000 		.word	212
 896 0020 F3000000 		.word	243
 897 0024 11010000 		.word	273
 898 0028 30010000 		.word	304
 899 002c 4E010000 		.word	334
 900 0030 00000000 		.word	0
 901 0034 1F000000 		.word	31
 902 0038 3C000000 		.word	60
 903 003c 5B000000 		.word	91
 904 0040 79000000 		.word	121
 905 0044 98000000 		.word	152
 906 0048 B6000000 		.word	182
 907 004c D5000000 		.word	213
 908 0050 F4000000 		.word	244
 909 0054 12010000 		.word	274
 910 0058 31010000 		.word	305
 911 005c 4F010000 		.word	335
 912              		.text
 913              	.Letext0:
 914              		.file 2 "/home/arashamf/soft/ARM_toolchains/gcc-arm-none-eabi-10.3-2021.10/arm-none-eabi/include/m
 915              		.file 3 "/home/arashamf/soft/ARM_toolchains/gcc-arm-none-eabi-10.3-2021.10/arm-none-eabi/include/s
 916              		.file 4 "Drivers/STM32L1xx_HAL_Driver/Inc/stm32l1xx_ll_dma.h"
 917              		.file 5 "Drivers/STM32L1xx_HAL_Driver/Inc/stm32l1xx_ll_tim.h"
 918              		.file 6 "Core/Inc/i2c.h"
 919              		.file 7 "Core/Inc/typedef.h"
 920              		.file 8 "/home/arashamf/soft/ARM_toolchains/gcc-arm-none-eabi-10.3-2021.10/arm-none-eabi/include/t
 921              		.file 9 "timer64/time64.h"
ARM GAS  /tmp/ccAGdX81.s 			page 23


DEFINED SYMBOLS
                            *ABS*:0000000000000000 rtc.c
     /tmp/ccAGdX81.s:18     .text.RTC_ConvertToDec:0000000000000000 $t
     /tmp/ccAGdX81.s:23     .text.RTC_ConvertToDec:0000000000000000 RTC_ConvertToDec
     /tmp/ccAGdX81.s:51     .text.RTC_ConvertToBinDec:0000000000000000 $t
     /tmp/ccAGdX81.s:56     .text.RTC_ConvertToBinDec:0000000000000000 RTC_ConvertToBinDec
     /tmp/ccAGdX81.s:88     .text.RTC_ConvertToBinDec:000000000000001c $d
     /tmp/ccAGdX81.s:93     .text.convert_time:0000000000000000 $t
     /tmp/ccAGdX81.s:98     .text.convert_time:0000000000000000 convert_time
     /tmp/ccAGdX81.s:178    .text.convert_time:0000000000000050 $d
     /tmp/ccAGdX81.s:183    .text.copy_TMdata:0000000000000000 $t
     /tmp/ccAGdX81.s:188    .text.copy_TMdata:0000000000000000 copy_TMdata
     /tmp/ccAGdX81.s:236    .text.copy_TMdata:0000000000000020 $d
     /tmp/ccAGdX81.s:241    .text.GetDataDS3231:0000000000000000 $t
     /tmp/ccAGdX81.s:246    .text.GetDataDS3231:0000000000000000 GetDataDS3231
     /tmp/ccAGdX81.s:348    .text.GetDataDS3231:0000000000000044 $d
     /tmp/ccAGdX81.s:354    .text.GetTime_DS3231:0000000000000000 $t
     /tmp/ccAGdX81.s:359    .text.GetTime_DS3231:0000000000000000 GetTime_DS3231
     /tmp/ccAGdX81.s:403    .text.GetTime_DS3231:0000000000000028 $d
     /tmp/ccAGdX81.s:409    .text.CalcUNIXtime_from_DS3231:0000000000000000 $t
     /tmp/ccAGdX81.s:414    .text.CalcUNIXtime_from_DS3231:0000000000000000 CalcUNIXtime_from_DS3231
     /tmp/ccAGdX81.s:478    .text.CalcUNIXtime_from_DS3231:000000000000002c $d
     /tmp/ccAGdX81.s:483    .text.CalcTimeStamp_from_UART:0000000000000000 $t
     /tmp/ccAGdX81.s:488    .text.CalcTimeStamp_from_UART:0000000000000000 CalcTimeStamp_from_UART
     /tmp/ccAGdX81.s:536    .text.CalcTimeStamp_from_UART:0000000000000030 $d
     /tmp/ccAGdX81.s:541    .text.SetTimeDS3231:0000000000000000 $t
     /tmp/ccAGdX81.s:546    .text.SetTimeDS3231:0000000000000000 SetTimeDS3231
     /tmp/ccAGdX81.s:638    .text.SetTimeDS3231:0000000000000040 $d
     /tmp/ccAGdX81.s:643    .text.GetTempDS3231:0000000000000000 $t
     /tmp/ccAGdX81.s:649    .text.GetTempDS3231:0000000000000000 GetTempDS3231
     /tmp/ccAGdX81.s:699    .text.GetTempDS3231:0000000000000020 $d
     /tmp/ccAGdX81.s:704    .text.GetUnixTime_from_DS3231:0000000000000000 $t
     /tmp/ccAGdX81.s:710    .text.GetUnixTime_from_DS3231:0000000000000000 GetUnixTime_from_DS3231
     /tmp/ccAGdX81.s:760    .text.GetUnixTime_from_DS3231:0000000000000030 $d
     /tmp/ccAGdX81.s:766    .text.PrepareSendTimedata_to_DS3231:0000000000000000 $t
     /tmp/ccAGdX81.s:772    .text.PrepareSendTimedata_to_DS3231:0000000000000000 PrepareSendTimedata_to_DS3231
     /tmp/ccAGdX81.s:829    .text.PrepareSendTimedata_to_DS3231:0000000000000038 $d
     /tmp/ccAGdX81.s:835    .text.return_HandleTimeBuff:0000000000000000 $t
     /tmp/ccAGdX81.s:841    .text.return_HandleTimeBuff:0000000000000000 return_HandleTimeBuff
     /tmp/ccAGdX81.s:855    .text.return_HandleTimeBuff:0000000000000004 $d
     /tmp/ccAGdX81.s:887    .rodata.pred_sum:0000000000000000 pred_sum
     /tmp/ccAGdX81.s:881    .bss.status:0000000000000000 status
     /tmp/ccAGdX81.s:875    .bss.data:0000000000000000 data
     /tmp/ccAGdX81.s:868    .bss.TimeStamp:0000000000000000 TimeStamp
     /tmp/ccAGdX81.s:864    .bss.TimeStamp:0000000000000000 $d
     /tmp/ccAGdX81.s:871    .bss.data:0000000000000000 $d
     /tmp/ccAGdX81.s:882    .bss.status:0000000000000000 $d
     /tmp/ccAGdX81.s:884    .rodata.pred_sum:0000000000000000 $d

UNDEFINED SYMBOLS
I2C_ReadBuffer
mktime64
gmtime64_r
I2C_WriteBuffer
I2C_ReadByte
