ARM GAS  /tmp/ccIUEAAv.s 			page 1


   1              		.cpu cortex-m3
   2              		.arch armv7-m
   3              		.fpu softvfp
   4              		.eabi_attribute 20, 1
   5              		.eabi_attribute 21, 1
   6              		.eabi_attribute 23, 3
   7              		.eabi_attribute 24, 1
   8              		.eabi_attribute 25, 1
   9              		.eabi_attribute 26, 1
  10              		.eabi_attribute 30, 1
  11              		.eabi_attribute 34, 1
  12              		.eabi_attribute 18, 4
  13              		.file	"stm32l1xx_ll_pwr.c"
  14              		.text
  15              	.Ltext0:
  16              		.cfi_sections	.debug_frame
  17              		.section	.text.LL_PWR_DeInit,"ax",%progbits
  18              		.align	1
  19              		.global	LL_PWR_DeInit
  20              		.syntax unified
  21              		.thumb
  22              		.thumb_func
  24              	LL_PWR_DeInit:
  25              	.LFB129:
  26              		.file 1 "Drivers/STM32L1xx_HAL_Driver/Src/stm32l1xx_ll_pwr.c"
   1:Drivers/STM32L1xx_HAL_Driver/Src/stm32l1xx_ll_pwr.c **** /**
   2:Drivers/STM32L1xx_HAL_Driver/Src/stm32l1xx_ll_pwr.c ****   ******************************************************************************
   3:Drivers/STM32L1xx_HAL_Driver/Src/stm32l1xx_ll_pwr.c ****   * @file    stm32l1xx_ll_pwr.c
   4:Drivers/STM32L1xx_HAL_Driver/Src/stm32l1xx_ll_pwr.c ****   * @author  MCD Application Team
   5:Drivers/STM32L1xx_HAL_Driver/Src/stm32l1xx_ll_pwr.c ****   * @brief   PWR LL module driver.
   6:Drivers/STM32L1xx_HAL_Driver/Src/stm32l1xx_ll_pwr.c ****   ******************************************************************************
   7:Drivers/STM32L1xx_HAL_Driver/Src/stm32l1xx_ll_pwr.c ****   * @attention
   8:Drivers/STM32L1xx_HAL_Driver/Src/stm32l1xx_ll_pwr.c ****   *
   9:Drivers/STM32L1xx_HAL_Driver/Src/stm32l1xx_ll_pwr.c ****   * Copyright (c) 2017 STMicroelectronics.
  10:Drivers/STM32L1xx_HAL_Driver/Src/stm32l1xx_ll_pwr.c ****   * All rights reserved.
  11:Drivers/STM32L1xx_HAL_Driver/Src/stm32l1xx_ll_pwr.c ****   *
  12:Drivers/STM32L1xx_HAL_Driver/Src/stm32l1xx_ll_pwr.c ****   * This software is licensed under terms that can be found in the LICENSE file
  13:Drivers/STM32L1xx_HAL_Driver/Src/stm32l1xx_ll_pwr.c ****   * in the root directory of this software component.
  14:Drivers/STM32L1xx_HAL_Driver/Src/stm32l1xx_ll_pwr.c ****   * If no LICENSE file comes with this software, it is provided AS-IS.
  15:Drivers/STM32L1xx_HAL_Driver/Src/stm32l1xx_ll_pwr.c ****   *
  16:Drivers/STM32L1xx_HAL_Driver/Src/stm32l1xx_ll_pwr.c ****   ******************************************************************************
  17:Drivers/STM32L1xx_HAL_Driver/Src/stm32l1xx_ll_pwr.c ****   */
  18:Drivers/STM32L1xx_HAL_Driver/Src/stm32l1xx_ll_pwr.c **** #if defined(USE_FULL_LL_DRIVER)
  19:Drivers/STM32L1xx_HAL_Driver/Src/stm32l1xx_ll_pwr.c **** 
  20:Drivers/STM32L1xx_HAL_Driver/Src/stm32l1xx_ll_pwr.c **** /* Includes ------------------------------------------------------------------*/
  21:Drivers/STM32L1xx_HAL_Driver/Src/stm32l1xx_ll_pwr.c **** #include "stm32l1xx_ll_pwr.h"
  22:Drivers/STM32L1xx_HAL_Driver/Src/stm32l1xx_ll_pwr.c **** #include "stm32l1xx_ll_bus.h"
  23:Drivers/STM32L1xx_HAL_Driver/Src/stm32l1xx_ll_pwr.c **** 
  24:Drivers/STM32L1xx_HAL_Driver/Src/stm32l1xx_ll_pwr.c **** /** @addtogroup STM32L1xx_LL_Driver
  25:Drivers/STM32L1xx_HAL_Driver/Src/stm32l1xx_ll_pwr.c ****   * @{
  26:Drivers/STM32L1xx_HAL_Driver/Src/stm32l1xx_ll_pwr.c ****   */
  27:Drivers/STM32L1xx_HAL_Driver/Src/stm32l1xx_ll_pwr.c **** 
  28:Drivers/STM32L1xx_HAL_Driver/Src/stm32l1xx_ll_pwr.c **** #if defined(PWR)
  29:Drivers/STM32L1xx_HAL_Driver/Src/stm32l1xx_ll_pwr.c **** 
  30:Drivers/STM32L1xx_HAL_Driver/Src/stm32l1xx_ll_pwr.c **** /** @defgroup PWR_LL PWR
  31:Drivers/STM32L1xx_HAL_Driver/Src/stm32l1xx_ll_pwr.c ****   * @{
  32:Drivers/STM32L1xx_HAL_Driver/Src/stm32l1xx_ll_pwr.c ****   */
ARM GAS  /tmp/ccIUEAAv.s 			page 2


  33:Drivers/STM32L1xx_HAL_Driver/Src/stm32l1xx_ll_pwr.c **** 
  34:Drivers/STM32L1xx_HAL_Driver/Src/stm32l1xx_ll_pwr.c **** /* Private types -------------------------------------------------------------*/
  35:Drivers/STM32L1xx_HAL_Driver/Src/stm32l1xx_ll_pwr.c **** /* Private variables ---------------------------------------------------------*/
  36:Drivers/STM32L1xx_HAL_Driver/Src/stm32l1xx_ll_pwr.c **** /* Private constants ---------------------------------------------------------*/
  37:Drivers/STM32L1xx_HAL_Driver/Src/stm32l1xx_ll_pwr.c **** /* Private macros ------------------------------------------------------------*/
  38:Drivers/STM32L1xx_HAL_Driver/Src/stm32l1xx_ll_pwr.c **** /* Private function prototypes -----------------------------------------------*/
  39:Drivers/STM32L1xx_HAL_Driver/Src/stm32l1xx_ll_pwr.c **** 
  40:Drivers/STM32L1xx_HAL_Driver/Src/stm32l1xx_ll_pwr.c **** /* Exported functions --------------------------------------------------------*/
  41:Drivers/STM32L1xx_HAL_Driver/Src/stm32l1xx_ll_pwr.c **** /** @addtogroup PWR_LL_Exported_Functions
  42:Drivers/STM32L1xx_HAL_Driver/Src/stm32l1xx_ll_pwr.c ****   * @{
  43:Drivers/STM32L1xx_HAL_Driver/Src/stm32l1xx_ll_pwr.c ****   */
  44:Drivers/STM32L1xx_HAL_Driver/Src/stm32l1xx_ll_pwr.c **** 
  45:Drivers/STM32L1xx_HAL_Driver/Src/stm32l1xx_ll_pwr.c **** /** @addtogroup PWR_LL_EF_Init
  46:Drivers/STM32L1xx_HAL_Driver/Src/stm32l1xx_ll_pwr.c ****   * @{
  47:Drivers/STM32L1xx_HAL_Driver/Src/stm32l1xx_ll_pwr.c ****   */
  48:Drivers/STM32L1xx_HAL_Driver/Src/stm32l1xx_ll_pwr.c **** 
  49:Drivers/STM32L1xx_HAL_Driver/Src/stm32l1xx_ll_pwr.c **** /**
  50:Drivers/STM32L1xx_HAL_Driver/Src/stm32l1xx_ll_pwr.c ****   * @brief  De-initialize the PWR registers to their default reset values.
  51:Drivers/STM32L1xx_HAL_Driver/Src/stm32l1xx_ll_pwr.c ****   * @retval An ErrorStatus enumeration value:
  52:Drivers/STM32L1xx_HAL_Driver/Src/stm32l1xx_ll_pwr.c ****   *          - SUCCESS: PWR registers are de-initialized
  53:Drivers/STM32L1xx_HAL_Driver/Src/stm32l1xx_ll_pwr.c ****   *          - ERROR: not applicable
  54:Drivers/STM32L1xx_HAL_Driver/Src/stm32l1xx_ll_pwr.c ****   */
  55:Drivers/STM32L1xx_HAL_Driver/Src/stm32l1xx_ll_pwr.c **** ErrorStatus LL_PWR_DeInit(void)
  56:Drivers/STM32L1xx_HAL_Driver/Src/stm32l1xx_ll_pwr.c **** {
  27              		.loc 1 56 1 view -0
  28              		.cfi_startproc
  29              		@ args = 0, pretend = 0, frame = 0
  30              		@ frame_needed = 0, uses_anonymous_args = 0
  31              		@ link register save eliminated.
  57:Drivers/STM32L1xx_HAL_Driver/Src/stm32l1xx_ll_pwr.c ****   /* Force reset of PWR clock */
  58:Drivers/STM32L1xx_HAL_Driver/Src/stm32l1xx_ll_pwr.c ****   LL_APB1_GRP1_ForceReset(LL_APB1_GRP1_PERIPH_PWR);
  32              		.loc 1 58 3 view .LVU1
  33              	.LVL0:
  34              	.LBB6:
  35              	.LBI6:
  36              		.file 2 "Drivers/STM32L1xx_HAL_Driver/Inc/stm32l1xx_ll_bus.h"
   1:Drivers/STM32L1xx_HAL_Driver/Inc/stm32l1xx_ll_bus.h **** /**
   2:Drivers/STM32L1xx_HAL_Driver/Inc/stm32l1xx_ll_bus.h ****   ******************************************************************************
   3:Drivers/STM32L1xx_HAL_Driver/Inc/stm32l1xx_ll_bus.h ****   * @file    stm32l1xx_ll_bus.h
   4:Drivers/STM32L1xx_HAL_Driver/Inc/stm32l1xx_ll_bus.h ****   * @author  MCD Application Team
   5:Drivers/STM32L1xx_HAL_Driver/Inc/stm32l1xx_ll_bus.h ****   * @brief   Header file of BUS LL module.
   6:Drivers/STM32L1xx_HAL_Driver/Inc/stm32l1xx_ll_bus.h **** 
   7:Drivers/STM32L1xx_HAL_Driver/Inc/stm32l1xx_ll_bus.h ****   @verbatim
   8:Drivers/STM32L1xx_HAL_Driver/Inc/stm32l1xx_ll_bus.h ****                       ##### RCC Limitations #####
   9:Drivers/STM32L1xx_HAL_Driver/Inc/stm32l1xx_ll_bus.h ****   ==============================================================================
  10:Drivers/STM32L1xx_HAL_Driver/Inc/stm32l1xx_ll_bus.h ****     [..]
  11:Drivers/STM32L1xx_HAL_Driver/Inc/stm32l1xx_ll_bus.h ****       A delay between an RCC peripheral clock enable and the effective peripheral
  12:Drivers/STM32L1xx_HAL_Driver/Inc/stm32l1xx_ll_bus.h ****       enabling should be taken into account in order to manage the peripheral read/write
  13:Drivers/STM32L1xx_HAL_Driver/Inc/stm32l1xx_ll_bus.h ****       from/to registers.
  14:Drivers/STM32L1xx_HAL_Driver/Inc/stm32l1xx_ll_bus.h ****       (+) This delay depends on the peripheral mapping.
  15:Drivers/STM32L1xx_HAL_Driver/Inc/stm32l1xx_ll_bus.h ****         (++) AHB & APB peripherals, 1 dummy read is necessary
  16:Drivers/STM32L1xx_HAL_Driver/Inc/stm32l1xx_ll_bus.h **** 
  17:Drivers/STM32L1xx_HAL_Driver/Inc/stm32l1xx_ll_bus.h ****     [..]
  18:Drivers/STM32L1xx_HAL_Driver/Inc/stm32l1xx_ll_bus.h ****       Workarounds:
  19:Drivers/STM32L1xx_HAL_Driver/Inc/stm32l1xx_ll_bus.h ****       (#) For AHB & APB peripherals, a dummy read to the peripheral register has been
  20:Drivers/STM32L1xx_HAL_Driver/Inc/stm32l1xx_ll_bus.h ****           inserted in each LL_{BUS}_GRP{x}_EnableClock() function.
  21:Drivers/STM32L1xx_HAL_Driver/Inc/stm32l1xx_ll_bus.h **** 
ARM GAS  /tmp/ccIUEAAv.s 			page 3


  22:Drivers/STM32L1xx_HAL_Driver/Inc/stm32l1xx_ll_bus.h ****   @endverbatim
  23:Drivers/STM32L1xx_HAL_Driver/Inc/stm32l1xx_ll_bus.h ****   ******************************************************************************
  24:Drivers/STM32L1xx_HAL_Driver/Inc/stm32l1xx_ll_bus.h ****   * @attention
  25:Drivers/STM32L1xx_HAL_Driver/Inc/stm32l1xx_ll_bus.h ****   *
  26:Drivers/STM32L1xx_HAL_Driver/Inc/stm32l1xx_ll_bus.h ****   * Copyright (c) 2017 STMicroelectronics.
  27:Drivers/STM32L1xx_HAL_Driver/Inc/stm32l1xx_ll_bus.h ****   * All rights reserved.
  28:Drivers/STM32L1xx_HAL_Driver/Inc/stm32l1xx_ll_bus.h ****   *
  29:Drivers/STM32L1xx_HAL_Driver/Inc/stm32l1xx_ll_bus.h ****   * This software is licensed under terms that can be found in the LICENSE file in
  30:Drivers/STM32L1xx_HAL_Driver/Inc/stm32l1xx_ll_bus.h ****   * the root directory of this software component.
  31:Drivers/STM32L1xx_HAL_Driver/Inc/stm32l1xx_ll_bus.h ****   * If no LICENSE file comes with this software, it is provided AS-IS.
  32:Drivers/STM32L1xx_HAL_Driver/Inc/stm32l1xx_ll_bus.h ****   ******************************************************************************
  33:Drivers/STM32L1xx_HAL_Driver/Inc/stm32l1xx_ll_bus.h ****   */
  34:Drivers/STM32L1xx_HAL_Driver/Inc/stm32l1xx_ll_bus.h **** 
  35:Drivers/STM32L1xx_HAL_Driver/Inc/stm32l1xx_ll_bus.h **** /* Define to prevent recursive inclusion -------------------------------------*/
  36:Drivers/STM32L1xx_HAL_Driver/Inc/stm32l1xx_ll_bus.h **** #ifndef __STM32L1xx_LL_BUS_H
  37:Drivers/STM32L1xx_HAL_Driver/Inc/stm32l1xx_ll_bus.h **** #define __STM32L1xx_LL_BUS_H
  38:Drivers/STM32L1xx_HAL_Driver/Inc/stm32l1xx_ll_bus.h **** 
  39:Drivers/STM32L1xx_HAL_Driver/Inc/stm32l1xx_ll_bus.h **** #ifdef __cplusplus
  40:Drivers/STM32L1xx_HAL_Driver/Inc/stm32l1xx_ll_bus.h **** extern "C" {
  41:Drivers/STM32L1xx_HAL_Driver/Inc/stm32l1xx_ll_bus.h **** #endif
  42:Drivers/STM32L1xx_HAL_Driver/Inc/stm32l1xx_ll_bus.h **** 
  43:Drivers/STM32L1xx_HAL_Driver/Inc/stm32l1xx_ll_bus.h **** /* Includes ------------------------------------------------------------------*/
  44:Drivers/STM32L1xx_HAL_Driver/Inc/stm32l1xx_ll_bus.h **** #include "stm32l1xx.h"
  45:Drivers/STM32L1xx_HAL_Driver/Inc/stm32l1xx_ll_bus.h **** 
  46:Drivers/STM32L1xx_HAL_Driver/Inc/stm32l1xx_ll_bus.h **** /** @addtogroup STM32L1xx_LL_Driver
  47:Drivers/STM32L1xx_HAL_Driver/Inc/stm32l1xx_ll_bus.h ****   * @{
  48:Drivers/STM32L1xx_HAL_Driver/Inc/stm32l1xx_ll_bus.h ****   */
  49:Drivers/STM32L1xx_HAL_Driver/Inc/stm32l1xx_ll_bus.h **** 
  50:Drivers/STM32L1xx_HAL_Driver/Inc/stm32l1xx_ll_bus.h **** #if defined(RCC)
  51:Drivers/STM32L1xx_HAL_Driver/Inc/stm32l1xx_ll_bus.h **** 
  52:Drivers/STM32L1xx_HAL_Driver/Inc/stm32l1xx_ll_bus.h **** /** @defgroup BUS_LL BUS
  53:Drivers/STM32L1xx_HAL_Driver/Inc/stm32l1xx_ll_bus.h ****   * @{
  54:Drivers/STM32L1xx_HAL_Driver/Inc/stm32l1xx_ll_bus.h ****   */
  55:Drivers/STM32L1xx_HAL_Driver/Inc/stm32l1xx_ll_bus.h **** 
  56:Drivers/STM32L1xx_HAL_Driver/Inc/stm32l1xx_ll_bus.h **** /* Private types -------------------------------------------------------------*/
  57:Drivers/STM32L1xx_HAL_Driver/Inc/stm32l1xx_ll_bus.h **** /* Private variables ---------------------------------------------------------*/
  58:Drivers/STM32L1xx_HAL_Driver/Inc/stm32l1xx_ll_bus.h **** 
  59:Drivers/STM32L1xx_HAL_Driver/Inc/stm32l1xx_ll_bus.h **** /* Private constants ---------------------------------------------------------*/
  60:Drivers/STM32L1xx_HAL_Driver/Inc/stm32l1xx_ll_bus.h **** 
  61:Drivers/STM32L1xx_HAL_Driver/Inc/stm32l1xx_ll_bus.h **** /* Private macros ------------------------------------------------------------*/
  62:Drivers/STM32L1xx_HAL_Driver/Inc/stm32l1xx_ll_bus.h **** 
  63:Drivers/STM32L1xx_HAL_Driver/Inc/stm32l1xx_ll_bus.h **** /* Exported types ------------------------------------------------------------*/
  64:Drivers/STM32L1xx_HAL_Driver/Inc/stm32l1xx_ll_bus.h **** /* Exported constants --------------------------------------------------------*/
  65:Drivers/STM32L1xx_HAL_Driver/Inc/stm32l1xx_ll_bus.h **** /** @defgroup BUS_LL_Exported_Constants BUS Exported Constants
  66:Drivers/STM32L1xx_HAL_Driver/Inc/stm32l1xx_ll_bus.h ****   * @{
  67:Drivers/STM32L1xx_HAL_Driver/Inc/stm32l1xx_ll_bus.h ****   */
  68:Drivers/STM32L1xx_HAL_Driver/Inc/stm32l1xx_ll_bus.h **** 
  69:Drivers/STM32L1xx_HAL_Driver/Inc/stm32l1xx_ll_bus.h **** /** @defgroup BUS_LL_EC_AHB1_GRP1_PERIPH  AHB1 GRP1 PERIPH
  70:Drivers/STM32L1xx_HAL_Driver/Inc/stm32l1xx_ll_bus.h ****   * @{
  71:Drivers/STM32L1xx_HAL_Driver/Inc/stm32l1xx_ll_bus.h ****   */
  72:Drivers/STM32L1xx_HAL_Driver/Inc/stm32l1xx_ll_bus.h **** #define LL_AHB1_GRP1_PERIPH_ALL            0xFFFFFFFFU
  73:Drivers/STM32L1xx_HAL_Driver/Inc/stm32l1xx_ll_bus.h **** #define LL_AHB1_GRP1_PERIPH_GPIOA          RCC_AHBENR_GPIOAEN
  74:Drivers/STM32L1xx_HAL_Driver/Inc/stm32l1xx_ll_bus.h **** #define LL_AHB1_GRP1_PERIPH_GPIOB          RCC_AHBENR_GPIOBEN
  75:Drivers/STM32L1xx_HAL_Driver/Inc/stm32l1xx_ll_bus.h **** #define LL_AHB1_GRP1_PERIPH_GPIOC          RCC_AHBENR_GPIOCEN
  76:Drivers/STM32L1xx_HAL_Driver/Inc/stm32l1xx_ll_bus.h **** #define LL_AHB1_GRP1_PERIPH_GPIOD          RCC_AHBENR_GPIODEN
  77:Drivers/STM32L1xx_HAL_Driver/Inc/stm32l1xx_ll_bus.h **** #if defined(GPIOE)
  78:Drivers/STM32L1xx_HAL_Driver/Inc/stm32l1xx_ll_bus.h **** #define LL_AHB1_GRP1_PERIPH_GPIOE          RCC_AHBENR_GPIOEEN
ARM GAS  /tmp/ccIUEAAv.s 			page 4


  79:Drivers/STM32L1xx_HAL_Driver/Inc/stm32l1xx_ll_bus.h **** #endif/*GPIOE*/
  80:Drivers/STM32L1xx_HAL_Driver/Inc/stm32l1xx_ll_bus.h **** #define LL_AHB1_GRP1_PERIPH_GPIOH          RCC_AHBENR_GPIOHEN
  81:Drivers/STM32L1xx_HAL_Driver/Inc/stm32l1xx_ll_bus.h **** #if defined(GPIOF)
  82:Drivers/STM32L1xx_HAL_Driver/Inc/stm32l1xx_ll_bus.h **** #define LL_AHB1_GRP1_PERIPH_GPIOF          RCC_AHBENR_GPIOFEN
  83:Drivers/STM32L1xx_HAL_Driver/Inc/stm32l1xx_ll_bus.h **** #endif/*GPIOF*/
  84:Drivers/STM32L1xx_HAL_Driver/Inc/stm32l1xx_ll_bus.h **** #if defined(GPIOG)
  85:Drivers/STM32L1xx_HAL_Driver/Inc/stm32l1xx_ll_bus.h **** #define LL_AHB1_GRP1_PERIPH_GPIOG          RCC_AHBENR_GPIOGEN
  86:Drivers/STM32L1xx_HAL_Driver/Inc/stm32l1xx_ll_bus.h **** #endif/*GPIOG*/
  87:Drivers/STM32L1xx_HAL_Driver/Inc/stm32l1xx_ll_bus.h **** #define LL_AHB1_GRP1_PERIPH_SRAM           RCC_AHBLPENR_SRAMLPEN
  88:Drivers/STM32L1xx_HAL_Driver/Inc/stm32l1xx_ll_bus.h **** #define LL_AHB1_GRP1_PERIPH_CRC            RCC_AHBENR_CRCEN
  89:Drivers/STM32L1xx_HAL_Driver/Inc/stm32l1xx_ll_bus.h **** #define LL_AHB1_GRP1_PERIPH_FLASH          RCC_AHBENR_FLITFEN
  90:Drivers/STM32L1xx_HAL_Driver/Inc/stm32l1xx_ll_bus.h **** #define LL_AHB1_GRP1_PERIPH_DMA1           RCC_AHBENR_DMA1EN
  91:Drivers/STM32L1xx_HAL_Driver/Inc/stm32l1xx_ll_bus.h **** #if defined(DMA2)
  92:Drivers/STM32L1xx_HAL_Driver/Inc/stm32l1xx_ll_bus.h **** #define LL_AHB1_GRP1_PERIPH_DMA2           RCC_AHBENR_DMA2EN
  93:Drivers/STM32L1xx_HAL_Driver/Inc/stm32l1xx_ll_bus.h **** #endif/*DMA2*/
  94:Drivers/STM32L1xx_HAL_Driver/Inc/stm32l1xx_ll_bus.h **** #if defined(AES)
  95:Drivers/STM32L1xx_HAL_Driver/Inc/stm32l1xx_ll_bus.h **** #define LL_AHB1_GRP1_PERIPH_CRYP           RCC_AHBENR_AESEN
  96:Drivers/STM32L1xx_HAL_Driver/Inc/stm32l1xx_ll_bus.h **** #endif/*AES*/
  97:Drivers/STM32L1xx_HAL_Driver/Inc/stm32l1xx_ll_bus.h **** #if defined(FSMC_Bank1)
  98:Drivers/STM32L1xx_HAL_Driver/Inc/stm32l1xx_ll_bus.h **** #define LL_AHB1_GRP1_PERIPH_FSMC           RCC_AHBENR_FSMCEN
  99:Drivers/STM32L1xx_HAL_Driver/Inc/stm32l1xx_ll_bus.h **** #endif/*FSMC_Bank1*/
 100:Drivers/STM32L1xx_HAL_Driver/Inc/stm32l1xx_ll_bus.h **** /**
 101:Drivers/STM32L1xx_HAL_Driver/Inc/stm32l1xx_ll_bus.h ****   * @}
 102:Drivers/STM32L1xx_HAL_Driver/Inc/stm32l1xx_ll_bus.h ****   */
 103:Drivers/STM32L1xx_HAL_Driver/Inc/stm32l1xx_ll_bus.h **** 
 104:Drivers/STM32L1xx_HAL_Driver/Inc/stm32l1xx_ll_bus.h **** /** @defgroup BUS_LL_EC_APB1_GRP1_PERIPH  APB1 GRP1 PERIPH
 105:Drivers/STM32L1xx_HAL_Driver/Inc/stm32l1xx_ll_bus.h ****   * @{
 106:Drivers/STM32L1xx_HAL_Driver/Inc/stm32l1xx_ll_bus.h ****   */
 107:Drivers/STM32L1xx_HAL_Driver/Inc/stm32l1xx_ll_bus.h **** #define LL_APB1_GRP1_PERIPH_ALL            0xFFFFFFFFU
 108:Drivers/STM32L1xx_HAL_Driver/Inc/stm32l1xx_ll_bus.h **** #define LL_APB1_GRP1_PERIPH_TIM2           RCC_APB1ENR_TIM2EN
 109:Drivers/STM32L1xx_HAL_Driver/Inc/stm32l1xx_ll_bus.h **** #define LL_APB1_GRP1_PERIPH_TIM3           RCC_APB1ENR_TIM3EN
 110:Drivers/STM32L1xx_HAL_Driver/Inc/stm32l1xx_ll_bus.h **** #define LL_APB1_GRP1_PERIPH_TIM4           RCC_APB1ENR_TIM4EN
 111:Drivers/STM32L1xx_HAL_Driver/Inc/stm32l1xx_ll_bus.h **** #if defined(TIM5)
 112:Drivers/STM32L1xx_HAL_Driver/Inc/stm32l1xx_ll_bus.h **** #define LL_APB1_GRP1_PERIPH_TIM5           RCC_APB1ENR_TIM5EN
 113:Drivers/STM32L1xx_HAL_Driver/Inc/stm32l1xx_ll_bus.h **** #endif /*TIM5*/
 114:Drivers/STM32L1xx_HAL_Driver/Inc/stm32l1xx_ll_bus.h **** #define LL_APB1_GRP1_PERIPH_TIM6           RCC_APB1ENR_TIM6EN
 115:Drivers/STM32L1xx_HAL_Driver/Inc/stm32l1xx_ll_bus.h **** #define LL_APB1_GRP1_PERIPH_TIM7           RCC_APB1ENR_TIM7EN
 116:Drivers/STM32L1xx_HAL_Driver/Inc/stm32l1xx_ll_bus.h **** #if defined(LCD)
 117:Drivers/STM32L1xx_HAL_Driver/Inc/stm32l1xx_ll_bus.h **** #define LL_APB1_GRP1_PERIPH_LCD            RCC_APB1ENR_LCDEN
 118:Drivers/STM32L1xx_HAL_Driver/Inc/stm32l1xx_ll_bus.h **** #endif /*LCD*/
 119:Drivers/STM32L1xx_HAL_Driver/Inc/stm32l1xx_ll_bus.h **** #define LL_APB1_GRP1_PERIPH_WWDG           RCC_APB1ENR_WWDGEN
 120:Drivers/STM32L1xx_HAL_Driver/Inc/stm32l1xx_ll_bus.h **** #define LL_APB1_GRP1_PERIPH_SPI2           RCC_APB1ENR_SPI2EN
 121:Drivers/STM32L1xx_HAL_Driver/Inc/stm32l1xx_ll_bus.h **** #if defined(SPI3)
 122:Drivers/STM32L1xx_HAL_Driver/Inc/stm32l1xx_ll_bus.h **** #define LL_APB1_GRP1_PERIPH_SPI3           RCC_APB1ENR_SPI3EN
 123:Drivers/STM32L1xx_HAL_Driver/Inc/stm32l1xx_ll_bus.h **** #endif /*SPI3*/
 124:Drivers/STM32L1xx_HAL_Driver/Inc/stm32l1xx_ll_bus.h **** #define LL_APB1_GRP1_PERIPH_USART2         RCC_APB1ENR_USART2EN
 125:Drivers/STM32L1xx_HAL_Driver/Inc/stm32l1xx_ll_bus.h **** #define LL_APB1_GRP1_PERIPH_USART3         RCC_APB1ENR_USART3EN
 126:Drivers/STM32L1xx_HAL_Driver/Inc/stm32l1xx_ll_bus.h **** #if defined(UART4)
 127:Drivers/STM32L1xx_HAL_Driver/Inc/stm32l1xx_ll_bus.h **** #define LL_APB1_GRP1_PERIPH_UART4          RCC_APB1ENR_UART4EN
 128:Drivers/STM32L1xx_HAL_Driver/Inc/stm32l1xx_ll_bus.h **** #endif /*UART4*/
 129:Drivers/STM32L1xx_HAL_Driver/Inc/stm32l1xx_ll_bus.h **** #if defined(UART5)
 130:Drivers/STM32L1xx_HAL_Driver/Inc/stm32l1xx_ll_bus.h **** #define LL_APB1_GRP1_PERIPH_UART5          RCC_APB1ENR_UART5EN
 131:Drivers/STM32L1xx_HAL_Driver/Inc/stm32l1xx_ll_bus.h **** #endif /*UART5*/
 132:Drivers/STM32L1xx_HAL_Driver/Inc/stm32l1xx_ll_bus.h **** #define LL_APB1_GRP1_PERIPH_I2C1           RCC_APB1ENR_I2C1EN
 133:Drivers/STM32L1xx_HAL_Driver/Inc/stm32l1xx_ll_bus.h **** #define LL_APB1_GRP1_PERIPH_I2C2           RCC_APB1ENR_I2C2EN
 134:Drivers/STM32L1xx_HAL_Driver/Inc/stm32l1xx_ll_bus.h **** #define LL_APB1_GRP1_PERIPH_USB            RCC_APB1ENR_USBEN
 135:Drivers/STM32L1xx_HAL_Driver/Inc/stm32l1xx_ll_bus.h **** #define LL_APB1_GRP1_PERIPH_PWR            RCC_APB1ENR_PWREN
ARM GAS  /tmp/ccIUEAAv.s 			page 5


 136:Drivers/STM32L1xx_HAL_Driver/Inc/stm32l1xx_ll_bus.h **** #define LL_APB1_GRP1_PERIPH_DAC1           RCC_APB1ENR_DACEN
 137:Drivers/STM32L1xx_HAL_Driver/Inc/stm32l1xx_ll_bus.h **** #define LL_APB1_GRP1_PERIPH_COMP           RCC_APB1ENR_COMPEN
 138:Drivers/STM32L1xx_HAL_Driver/Inc/stm32l1xx_ll_bus.h **** #if defined(OPAMP)
 139:Drivers/STM32L1xx_HAL_Driver/Inc/stm32l1xx_ll_bus.h **** /* Note: Peripherals COMP and OPAMP share the same clock domain */
 140:Drivers/STM32L1xx_HAL_Driver/Inc/stm32l1xx_ll_bus.h **** #define LL_APB1_GRP1_PERIPH_OPAMP          LL_APB1_GRP1_PERIPH_COMP
 141:Drivers/STM32L1xx_HAL_Driver/Inc/stm32l1xx_ll_bus.h **** #endif
 142:Drivers/STM32L1xx_HAL_Driver/Inc/stm32l1xx_ll_bus.h **** /**
 143:Drivers/STM32L1xx_HAL_Driver/Inc/stm32l1xx_ll_bus.h ****   * @}
 144:Drivers/STM32L1xx_HAL_Driver/Inc/stm32l1xx_ll_bus.h ****   */
 145:Drivers/STM32L1xx_HAL_Driver/Inc/stm32l1xx_ll_bus.h **** 
 146:Drivers/STM32L1xx_HAL_Driver/Inc/stm32l1xx_ll_bus.h **** /** @defgroup BUS_LL_EC_APB2_GRP1_PERIPH  APB2 GRP1 PERIPH
 147:Drivers/STM32L1xx_HAL_Driver/Inc/stm32l1xx_ll_bus.h ****   * @{
 148:Drivers/STM32L1xx_HAL_Driver/Inc/stm32l1xx_ll_bus.h ****   */
 149:Drivers/STM32L1xx_HAL_Driver/Inc/stm32l1xx_ll_bus.h **** #define LL_APB2_GRP1_PERIPH_ALL            0xFFFFFFFFU
 150:Drivers/STM32L1xx_HAL_Driver/Inc/stm32l1xx_ll_bus.h **** #define LL_APB2_GRP1_PERIPH_SYSCFG         RCC_APB2ENR_SYSCFGEN
 151:Drivers/STM32L1xx_HAL_Driver/Inc/stm32l1xx_ll_bus.h **** #define LL_APB2_GRP1_PERIPH_TIM9           RCC_APB2ENR_TIM9EN
 152:Drivers/STM32L1xx_HAL_Driver/Inc/stm32l1xx_ll_bus.h **** #define LL_APB2_GRP1_PERIPH_TIM10          RCC_APB2ENR_TIM10EN
 153:Drivers/STM32L1xx_HAL_Driver/Inc/stm32l1xx_ll_bus.h **** #define LL_APB2_GRP1_PERIPH_TIM11          RCC_APB2ENR_TIM11EN
 154:Drivers/STM32L1xx_HAL_Driver/Inc/stm32l1xx_ll_bus.h **** #define LL_APB2_GRP1_PERIPH_ADC1           RCC_APB2ENR_ADC1EN
 155:Drivers/STM32L1xx_HAL_Driver/Inc/stm32l1xx_ll_bus.h **** #if defined(SDIO)
 156:Drivers/STM32L1xx_HAL_Driver/Inc/stm32l1xx_ll_bus.h **** #define LL_APB2_GRP1_PERIPH_SDIO           RCC_APB2ENR_SDIOEN
 157:Drivers/STM32L1xx_HAL_Driver/Inc/stm32l1xx_ll_bus.h **** #endif /*SDIO*/
 158:Drivers/STM32L1xx_HAL_Driver/Inc/stm32l1xx_ll_bus.h **** #define LL_APB2_GRP1_PERIPH_SPI1           RCC_APB2ENR_SPI1EN
 159:Drivers/STM32L1xx_HAL_Driver/Inc/stm32l1xx_ll_bus.h **** #define LL_APB2_GRP1_PERIPH_USART1         RCC_APB2ENR_USART1EN
 160:Drivers/STM32L1xx_HAL_Driver/Inc/stm32l1xx_ll_bus.h **** /**
 161:Drivers/STM32L1xx_HAL_Driver/Inc/stm32l1xx_ll_bus.h ****   * @}
 162:Drivers/STM32L1xx_HAL_Driver/Inc/stm32l1xx_ll_bus.h ****   */
 163:Drivers/STM32L1xx_HAL_Driver/Inc/stm32l1xx_ll_bus.h **** 
 164:Drivers/STM32L1xx_HAL_Driver/Inc/stm32l1xx_ll_bus.h **** /**
 165:Drivers/STM32L1xx_HAL_Driver/Inc/stm32l1xx_ll_bus.h ****   * @}
 166:Drivers/STM32L1xx_HAL_Driver/Inc/stm32l1xx_ll_bus.h ****   */
 167:Drivers/STM32L1xx_HAL_Driver/Inc/stm32l1xx_ll_bus.h **** 
 168:Drivers/STM32L1xx_HAL_Driver/Inc/stm32l1xx_ll_bus.h **** /* Exported macro ------------------------------------------------------------*/
 169:Drivers/STM32L1xx_HAL_Driver/Inc/stm32l1xx_ll_bus.h **** 
 170:Drivers/STM32L1xx_HAL_Driver/Inc/stm32l1xx_ll_bus.h **** /* Exported functions --------------------------------------------------------*/
 171:Drivers/STM32L1xx_HAL_Driver/Inc/stm32l1xx_ll_bus.h **** /** @defgroup BUS_LL_Exported_Functions BUS Exported Functions
 172:Drivers/STM32L1xx_HAL_Driver/Inc/stm32l1xx_ll_bus.h ****   * @{
 173:Drivers/STM32L1xx_HAL_Driver/Inc/stm32l1xx_ll_bus.h ****   */
 174:Drivers/STM32L1xx_HAL_Driver/Inc/stm32l1xx_ll_bus.h **** 
 175:Drivers/STM32L1xx_HAL_Driver/Inc/stm32l1xx_ll_bus.h **** /** @defgroup BUS_LL_EF_AHB1 AHB1
 176:Drivers/STM32L1xx_HAL_Driver/Inc/stm32l1xx_ll_bus.h ****   * @{
 177:Drivers/STM32L1xx_HAL_Driver/Inc/stm32l1xx_ll_bus.h ****   */
 178:Drivers/STM32L1xx_HAL_Driver/Inc/stm32l1xx_ll_bus.h **** 
 179:Drivers/STM32L1xx_HAL_Driver/Inc/stm32l1xx_ll_bus.h **** /**
 180:Drivers/STM32L1xx_HAL_Driver/Inc/stm32l1xx_ll_bus.h ****   * @brief  Enable AHB1 peripherals clock.
 181:Drivers/STM32L1xx_HAL_Driver/Inc/stm32l1xx_ll_bus.h ****   * @rmtoll AHBENR       GPIOAEN       LL_AHB1_GRP1_EnableClock\n
 182:Drivers/STM32L1xx_HAL_Driver/Inc/stm32l1xx_ll_bus.h ****   *         AHBENR       GPIOBEN       LL_AHB1_GRP1_EnableClock\n
 183:Drivers/STM32L1xx_HAL_Driver/Inc/stm32l1xx_ll_bus.h ****   *         AHBENR       GPIOCEN       LL_AHB1_GRP1_EnableClock\n
 184:Drivers/STM32L1xx_HAL_Driver/Inc/stm32l1xx_ll_bus.h ****   *         AHBENR       GPIODEN       LL_AHB1_GRP1_EnableClock\n
 185:Drivers/STM32L1xx_HAL_Driver/Inc/stm32l1xx_ll_bus.h ****   *         AHBENR       GPIOEEN       LL_AHB1_GRP1_EnableClock\n
 186:Drivers/STM32L1xx_HAL_Driver/Inc/stm32l1xx_ll_bus.h ****   *         AHBENR       GPIOHEN       LL_AHB1_GRP1_EnableClock\n
 187:Drivers/STM32L1xx_HAL_Driver/Inc/stm32l1xx_ll_bus.h ****   *         AHBENR       GPIOFEN       LL_AHB1_GRP1_EnableClock\n
 188:Drivers/STM32L1xx_HAL_Driver/Inc/stm32l1xx_ll_bus.h ****   *         AHBENR       GPIOGEN       LL_AHB1_GRP1_EnableClock\n
 189:Drivers/STM32L1xx_HAL_Driver/Inc/stm32l1xx_ll_bus.h ****   *         AHBENR       CRCEN         LL_AHB1_GRP1_EnableClock\n
 190:Drivers/STM32L1xx_HAL_Driver/Inc/stm32l1xx_ll_bus.h ****   *         AHBENR       FLITFEN       LL_AHB1_GRP1_EnableClock\n
 191:Drivers/STM32L1xx_HAL_Driver/Inc/stm32l1xx_ll_bus.h ****   *         AHBENR       DMA1EN        LL_AHB1_GRP1_EnableClock\n
 192:Drivers/STM32L1xx_HAL_Driver/Inc/stm32l1xx_ll_bus.h ****   *         AHBENR       DMA2EN        LL_AHB1_GRP1_EnableClock\n
ARM GAS  /tmp/ccIUEAAv.s 			page 6


 193:Drivers/STM32L1xx_HAL_Driver/Inc/stm32l1xx_ll_bus.h ****   *         AHBENR       AESEN         LL_AHB1_GRP1_EnableClock\n
 194:Drivers/STM32L1xx_HAL_Driver/Inc/stm32l1xx_ll_bus.h ****   *         AHBENR       FSMCEN        LL_AHB1_GRP1_EnableClock
 195:Drivers/STM32L1xx_HAL_Driver/Inc/stm32l1xx_ll_bus.h ****   * @param  Periphs This parameter can be a combination of the following values:
 196:Drivers/STM32L1xx_HAL_Driver/Inc/stm32l1xx_ll_bus.h ****   *         @arg @ref LL_AHB1_GRP1_PERIPH_GPIOA
 197:Drivers/STM32L1xx_HAL_Driver/Inc/stm32l1xx_ll_bus.h ****   *         @arg @ref LL_AHB1_GRP1_PERIPH_GPIOB
 198:Drivers/STM32L1xx_HAL_Driver/Inc/stm32l1xx_ll_bus.h ****   *         @arg @ref LL_AHB1_GRP1_PERIPH_GPIOC
 199:Drivers/STM32L1xx_HAL_Driver/Inc/stm32l1xx_ll_bus.h ****   *         @arg @ref LL_AHB1_GRP1_PERIPH_GPIOD
 200:Drivers/STM32L1xx_HAL_Driver/Inc/stm32l1xx_ll_bus.h ****   *         @arg @ref LL_AHB1_GRP1_PERIPH_GPIOE (*)
 201:Drivers/STM32L1xx_HAL_Driver/Inc/stm32l1xx_ll_bus.h ****   *         @arg @ref LL_AHB1_GRP1_PERIPH_GPIOH
 202:Drivers/STM32L1xx_HAL_Driver/Inc/stm32l1xx_ll_bus.h ****   *         @arg @ref LL_AHB1_GRP1_PERIPH_GPIOF (*)
 203:Drivers/STM32L1xx_HAL_Driver/Inc/stm32l1xx_ll_bus.h ****   *         @arg @ref LL_AHB1_GRP1_PERIPH_GPIOG (*)
 204:Drivers/STM32L1xx_HAL_Driver/Inc/stm32l1xx_ll_bus.h ****   *         @arg @ref LL_AHB1_GRP1_PERIPH_CRC
 205:Drivers/STM32L1xx_HAL_Driver/Inc/stm32l1xx_ll_bus.h ****   *         @arg @ref LL_AHB1_GRP1_PERIPH_FLASH
 206:Drivers/STM32L1xx_HAL_Driver/Inc/stm32l1xx_ll_bus.h ****   *         @arg @ref LL_AHB1_GRP1_PERIPH_DMA1
 207:Drivers/STM32L1xx_HAL_Driver/Inc/stm32l1xx_ll_bus.h ****   *         @arg @ref LL_AHB1_GRP1_PERIPH_DMA2 (*)
 208:Drivers/STM32L1xx_HAL_Driver/Inc/stm32l1xx_ll_bus.h ****   *         @arg @ref LL_AHB1_GRP1_PERIPH_CRYP (*)
 209:Drivers/STM32L1xx_HAL_Driver/Inc/stm32l1xx_ll_bus.h ****   *         @arg @ref LL_AHB1_GRP1_PERIPH_FSMC (*)
 210:Drivers/STM32L1xx_HAL_Driver/Inc/stm32l1xx_ll_bus.h ****   *
 211:Drivers/STM32L1xx_HAL_Driver/Inc/stm32l1xx_ll_bus.h ****   *         (*) value not defined in all devices.
 212:Drivers/STM32L1xx_HAL_Driver/Inc/stm32l1xx_ll_bus.h ****   * @retval None
 213:Drivers/STM32L1xx_HAL_Driver/Inc/stm32l1xx_ll_bus.h **** */
 214:Drivers/STM32L1xx_HAL_Driver/Inc/stm32l1xx_ll_bus.h **** __STATIC_INLINE void LL_AHB1_GRP1_EnableClock(uint32_t Periphs)
 215:Drivers/STM32L1xx_HAL_Driver/Inc/stm32l1xx_ll_bus.h **** {
 216:Drivers/STM32L1xx_HAL_Driver/Inc/stm32l1xx_ll_bus.h ****   __IO uint32_t tmpreg;
 217:Drivers/STM32L1xx_HAL_Driver/Inc/stm32l1xx_ll_bus.h ****   SET_BIT(RCC->AHBENR, Periphs);
 218:Drivers/STM32L1xx_HAL_Driver/Inc/stm32l1xx_ll_bus.h ****   /* Delay after an RCC peripheral clock enabling */
 219:Drivers/STM32L1xx_HAL_Driver/Inc/stm32l1xx_ll_bus.h ****   tmpreg = READ_BIT(RCC->AHBENR, Periphs);
 220:Drivers/STM32L1xx_HAL_Driver/Inc/stm32l1xx_ll_bus.h ****   (void)tmpreg;
 221:Drivers/STM32L1xx_HAL_Driver/Inc/stm32l1xx_ll_bus.h **** }
 222:Drivers/STM32L1xx_HAL_Driver/Inc/stm32l1xx_ll_bus.h **** 
 223:Drivers/STM32L1xx_HAL_Driver/Inc/stm32l1xx_ll_bus.h **** /**
 224:Drivers/STM32L1xx_HAL_Driver/Inc/stm32l1xx_ll_bus.h ****   * @brief  Check if AHB1 peripheral clock is enabled or not
 225:Drivers/STM32L1xx_HAL_Driver/Inc/stm32l1xx_ll_bus.h ****   * @rmtoll AHBENR       GPIOAEN       LL_AHB1_GRP1_IsEnabledClock\n
 226:Drivers/STM32L1xx_HAL_Driver/Inc/stm32l1xx_ll_bus.h ****   *         AHBENR       GPIOBEN       LL_AHB1_GRP1_IsEnabledClock\n
 227:Drivers/STM32L1xx_HAL_Driver/Inc/stm32l1xx_ll_bus.h ****   *         AHBENR       GPIOCEN       LL_AHB1_GRP1_IsEnabledClock\n
 228:Drivers/STM32L1xx_HAL_Driver/Inc/stm32l1xx_ll_bus.h ****   *         AHBENR       GPIODEN       LL_AHB1_GRP1_IsEnabledClock\n
 229:Drivers/STM32L1xx_HAL_Driver/Inc/stm32l1xx_ll_bus.h ****   *         AHBENR       GPIOEEN       LL_AHB1_GRP1_IsEnabledClock\n
 230:Drivers/STM32L1xx_HAL_Driver/Inc/stm32l1xx_ll_bus.h ****   *         AHBENR       GPIOHEN       LL_AHB1_GRP1_IsEnabledClock\n
 231:Drivers/STM32L1xx_HAL_Driver/Inc/stm32l1xx_ll_bus.h ****   *         AHBENR       GPIOFEN       LL_AHB1_GRP1_IsEnabledClock\n
 232:Drivers/STM32L1xx_HAL_Driver/Inc/stm32l1xx_ll_bus.h ****   *         AHBENR       GPIOGEN       LL_AHB1_GRP1_IsEnabledClock\n
 233:Drivers/STM32L1xx_HAL_Driver/Inc/stm32l1xx_ll_bus.h ****   *         AHBENR       CRCEN         LL_AHB1_GRP1_IsEnabledClock\n
 234:Drivers/STM32L1xx_HAL_Driver/Inc/stm32l1xx_ll_bus.h ****   *         AHBENR       FLITFEN       LL_AHB1_GRP1_IsEnabledClock\n
 235:Drivers/STM32L1xx_HAL_Driver/Inc/stm32l1xx_ll_bus.h ****   *         AHBENR       DMA1EN        LL_AHB1_GRP1_IsEnabledClock\n
 236:Drivers/STM32L1xx_HAL_Driver/Inc/stm32l1xx_ll_bus.h ****   *         AHBENR       DMA2EN        LL_AHB1_GRP1_IsEnabledClock\n
 237:Drivers/STM32L1xx_HAL_Driver/Inc/stm32l1xx_ll_bus.h ****   *         AHBENR       AESEN         LL_AHB1_GRP1_IsEnabledClock\n
 238:Drivers/STM32L1xx_HAL_Driver/Inc/stm32l1xx_ll_bus.h ****   *         AHBENR       FSMCEN        LL_AHB1_GRP1_IsEnabledClock
 239:Drivers/STM32L1xx_HAL_Driver/Inc/stm32l1xx_ll_bus.h ****   * @param  Periphs This parameter can be a combination of the following values:
 240:Drivers/STM32L1xx_HAL_Driver/Inc/stm32l1xx_ll_bus.h ****   *         @arg @ref LL_AHB1_GRP1_PERIPH_GPIOA
 241:Drivers/STM32L1xx_HAL_Driver/Inc/stm32l1xx_ll_bus.h ****   *         @arg @ref LL_AHB1_GRP1_PERIPH_GPIOB
 242:Drivers/STM32L1xx_HAL_Driver/Inc/stm32l1xx_ll_bus.h ****   *         @arg @ref LL_AHB1_GRP1_PERIPH_GPIOC
 243:Drivers/STM32L1xx_HAL_Driver/Inc/stm32l1xx_ll_bus.h ****   *         @arg @ref LL_AHB1_GRP1_PERIPH_GPIOD
 244:Drivers/STM32L1xx_HAL_Driver/Inc/stm32l1xx_ll_bus.h ****   *         @arg @ref LL_AHB1_GRP1_PERIPH_GPIOE (*)
 245:Drivers/STM32L1xx_HAL_Driver/Inc/stm32l1xx_ll_bus.h ****   *         @arg @ref LL_AHB1_GRP1_PERIPH_GPIOH
 246:Drivers/STM32L1xx_HAL_Driver/Inc/stm32l1xx_ll_bus.h ****   *         @arg @ref LL_AHB1_GRP1_PERIPH_GPIOF (*)
 247:Drivers/STM32L1xx_HAL_Driver/Inc/stm32l1xx_ll_bus.h ****   *         @arg @ref LL_AHB1_GRP1_PERIPH_GPIOG (*)
 248:Drivers/STM32L1xx_HAL_Driver/Inc/stm32l1xx_ll_bus.h ****   *         @arg @ref LL_AHB1_GRP1_PERIPH_CRC
 249:Drivers/STM32L1xx_HAL_Driver/Inc/stm32l1xx_ll_bus.h ****   *         @arg @ref LL_AHB1_GRP1_PERIPH_FLASH
ARM GAS  /tmp/ccIUEAAv.s 			page 7


 250:Drivers/STM32L1xx_HAL_Driver/Inc/stm32l1xx_ll_bus.h ****   *         @arg @ref LL_AHB1_GRP1_PERIPH_DMA1
 251:Drivers/STM32L1xx_HAL_Driver/Inc/stm32l1xx_ll_bus.h ****   *         @arg @ref LL_AHB1_GRP1_PERIPH_DMA2 (*)
 252:Drivers/STM32L1xx_HAL_Driver/Inc/stm32l1xx_ll_bus.h ****   *         @arg @ref LL_AHB1_GRP1_PERIPH_CRYP (*)
 253:Drivers/STM32L1xx_HAL_Driver/Inc/stm32l1xx_ll_bus.h ****   *         @arg @ref LL_AHB1_GRP1_PERIPH_FSMC (*)
 254:Drivers/STM32L1xx_HAL_Driver/Inc/stm32l1xx_ll_bus.h ****   *
 255:Drivers/STM32L1xx_HAL_Driver/Inc/stm32l1xx_ll_bus.h ****   *         (*) value not defined in all devices.
 256:Drivers/STM32L1xx_HAL_Driver/Inc/stm32l1xx_ll_bus.h ****   * @retval State of Periphs (1 or 0).
 257:Drivers/STM32L1xx_HAL_Driver/Inc/stm32l1xx_ll_bus.h **** */
 258:Drivers/STM32L1xx_HAL_Driver/Inc/stm32l1xx_ll_bus.h **** __STATIC_INLINE uint32_t LL_AHB1_GRP1_IsEnabledClock(uint32_t Periphs)
 259:Drivers/STM32L1xx_HAL_Driver/Inc/stm32l1xx_ll_bus.h **** {
 260:Drivers/STM32L1xx_HAL_Driver/Inc/stm32l1xx_ll_bus.h ****   return ((READ_BIT(RCC->AHBENR, Periphs) == (Periphs)) ? 1UL : 0UL);
 261:Drivers/STM32L1xx_HAL_Driver/Inc/stm32l1xx_ll_bus.h **** }
 262:Drivers/STM32L1xx_HAL_Driver/Inc/stm32l1xx_ll_bus.h **** 
 263:Drivers/STM32L1xx_HAL_Driver/Inc/stm32l1xx_ll_bus.h **** /**
 264:Drivers/STM32L1xx_HAL_Driver/Inc/stm32l1xx_ll_bus.h ****   * @brief  Disable AHB1 peripherals clock.
 265:Drivers/STM32L1xx_HAL_Driver/Inc/stm32l1xx_ll_bus.h ****   * @rmtoll AHBENR       GPIOAEN       LL_AHB1_GRP1_DisableClock\n
 266:Drivers/STM32L1xx_HAL_Driver/Inc/stm32l1xx_ll_bus.h ****   *         AHBENR       GPIOBEN       LL_AHB1_GRP1_DisableClock\n
 267:Drivers/STM32L1xx_HAL_Driver/Inc/stm32l1xx_ll_bus.h ****   *         AHBENR       GPIOCEN       LL_AHB1_GRP1_DisableClock\n
 268:Drivers/STM32L1xx_HAL_Driver/Inc/stm32l1xx_ll_bus.h ****   *         AHBENR       GPIODEN       LL_AHB1_GRP1_DisableClock\n
 269:Drivers/STM32L1xx_HAL_Driver/Inc/stm32l1xx_ll_bus.h ****   *         AHBENR       GPIOEEN       LL_AHB1_GRP1_DisableClock\n
 270:Drivers/STM32L1xx_HAL_Driver/Inc/stm32l1xx_ll_bus.h ****   *         AHBENR       GPIOHEN       LL_AHB1_GRP1_DisableClock\n
 271:Drivers/STM32L1xx_HAL_Driver/Inc/stm32l1xx_ll_bus.h ****   *         AHBENR       GPIOFEN       LL_AHB1_GRP1_DisableClock\n
 272:Drivers/STM32L1xx_HAL_Driver/Inc/stm32l1xx_ll_bus.h ****   *         AHBENR       GPIOGEN       LL_AHB1_GRP1_DisableClock\n
 273:Drivers/STM32L1xx_HAL_Driver/Inc/stm32l1xx_ll_bus.h ****   *         AHBENR       CRCEN         LL_AHB1_GRP1_DisableClock\n
 274:Drivers/STM32L1xx_HAL_Driver/Inc/stm32l1xx_ll_bus.h ****   *         AHBENR       FLITFEN       LL_AHB1_GRP1_DisableClock\n
 275:Drivers/STM32L1xx_HAL_Driver/Inc/stm32l1xx_ll_bus.h ****   *         AHBENR       DMA1EN        LL_AHB1_GRP1_DisableClock\n
 276:Drivers/STM32L1xx_HAL_Driver/Inc/stm32l1xx_ll_bus.h ****   *         AHBENR       DMA2EN        LL_AHB1_GRP1_DisableClock\n
 277:Drivers/STM32L1xx_HAL_Driver/Inc/stm32l1xx_ll_bus.h ****   *         AHBENR       AESEN         LL_AHB1_GRP1_DisableClock\n
 278:Drivers/STM32L1xx_HAL_Driver/Inc/stm32l1xx_ll_bus.h ****   *         AHBENR       FSMCEN        LL_AHB1_GRP1_DisableClock
 279:Drivers/STM32L1xx_HAL_Driver/Inc/stm32l1xx_ll_bus.h ****   * @param  Periphs This parameter can be a combination of the following values:
 280:Drivers/STM32L1xx_HAL_Driver/Inc/stm32l1xx_ll_bus.h ****   *         @arg @ref LL_AHB1_GRP1_PERIPH_GPIOA
 281:Drivers/STM32L1xx_HAL_Driver/Inc/stm32l1xx_ll_bus.h ****   *         @arg @ref LL_AHB1_GRP1_PERIPH_GPIOB
 282:Drivers/STM32L1xx_HAL_Driver/Inc/stm32l1xx_ll_bus.h ****   *         @arg @ref LL_AHB1_GRP1_PERIPH_GPIOC
 283:Drivers/STM32L1xx_HAL_Driver/Inc/stm32l1xx_ll_bus.h ****   *         @arg @ref LL_AHB1_GRP1_PERIPH_GPIOD
 284:Drivers/STM32L1xx_HAL_Driver/Inc/stm32l1xx_ll_bus.h ****   *         @arg @ref LL_AHB1_GRP1_PERIPH_GPIOE (*)
 285:Drivers/STM32L1xx_HAL_Driver/Inc/stm32l1xx_ll_bus.h ****   *         @arg @ref LL_AHB1_GRP1_PERIPH_GPIOH
 286:Drivers/STM32L1xx_HAL_Driver/Inc/stm32l1xx_ll_bus.h ****   *         @arg @ref LL_AHB1_GRP1_PERIPH_GPIOF (*)
 287:Drivers/STM32L1xx_HAL_Driver/Inc/stm32l1xx_ll_bus.h ****   *         @arg @ref LL_AHB1_GRP1_PERIPH_GPIOG (*)
 288:Drivers/STM32L1xx_HAL_Driver/Inc/stm32l1xx_ll_bus.h ****   *         @arg @ref LL_AHB1_GRP1_PERIPH_CRC
 289:Drivers/STM32L1xx_HAL_Driver/Inc/stm32l1xx_ll_bus.h ****   *         @arg @ref LL_AHB1_GRP1_PERIPH_FLASH
 290:Drivers/STM32L1xx_HAL_Driver/Inc/stm32l1xx_ll_bus.h ****   *         @arg @ref LL_AHB1_GRP1_PERIPH_DMA1
 291:Drivers/STM32L1xx_HAL_Driver/Inc/stm32l1xx_ll_bus.h ****   *         @arg @ref LL_AHB1_GRP1_PERIPH_DMA2 (*)
 292:Drivers/STM32L1xx_HAL_Driver/Inc/stm32l1xx_ll_bus.h ****   *         @arg @ref LL_AHB1_GRP1_PERIPH_CRYP (*)
 293:Drivers/STM32L1xx_HAL_Driver/Inc/stm32l1xx_ll_bus.h ****   *         @arg @ref LL_AHB1_GRP1_PERIPH_FSMC (*)
 294:Drivers/STM32L1xx_HAL_Driver/Inc/stm32l1xx_ll_bus.h ****   *
 295:Drivers/STM32L1xx_HAL_Driver/Inc/stm32l1xx_ll_bus.h ****   *         (*) value not defined in all devices.
 296:Drivers/STM32L1xx_HAL_Driver/Inc/stm32l1xx_ll_bus.h ****   * @retval None
 297:Drivers/STM32L1xx_HAL_Driver/Inc/stm32l1xx_ll_bus.h **** */
 298:Drivers/STM32L1xx_HAL_Driver/Inc/stm32l1xx_ll_bus.h **** __STATIC_INLINE void LL_AHB1_GRP1_DisableClock(uint32_t Periphs)
 299:Drivers/STM32L1xx_HAL_Driver/Inc/stm32l1xx_ll_bus.h **** {
 300:Drivers/STM32L1xx_HAL_Driver/Inc/stm32l1xx_ll_bus.h ****   CLEAR_BIT(RCC->AHBENR, Periphs);
 301:Drivers/STM32L1xx_HAL_Driver/Inc/stm32l1xx_ll_bus.h **** }
 302:Drivers/STM32L1xx_HAL_Driver/Inc/stm32l1xx_ll_bus.h **** 
 303:Drivers/STM32L1xx_HAL_Driver/Inc/stm32l1xx_ll_bus.h **** /**
 304:Drivers/STM32L1xx_HAL_Driver/Inc/stm32l1xx_ll_bus.h ****   * @brief  Force AHB1 peripherals reset.
 305:Drivers/STM32L1xx_HAL_Driver/Inc/stm32l1xx_ll_bus.h ****   * @rmtoll AHBRSTR      GPIOARST      LL_AHB1_GRP1_ForceReset\n
 306:Drivers/STM32L1xx_HAL_Driver/Inc/stm32l1xx_ll_bus.h ****   *         AHBRSTR      GPIOBRST      LL_AHB1_GRP1_ForceReset\n
ARM GAS  /tmp/ccIUEAAv.s 			page 8


 307:Drivers/STM32L1xx_HAL_Driver/Inc/stm32l1xx_ll_bus.h ****   *         AHBRSTR      GPIOCRST      LL_AHB1_GRP1_ForceReset\n
 308:Drivers/STM32L1xx_HAL_Driver/Inc/stm32l1xx_ll_bus.h ****   *         AHBRSTR      GPIODRST      LL_AHB1_GRP1_ForceReset\n
 309:Drivers/STM32L1xx_HAL_Driver/Inc/stm32l1xx_ll_bus.h ****   *         AHBRSTR      GPIOERST      LL_AHB1_GRP1_ForceReset\n
 310:Drivers/STM32L1xx_HAL_Driver/Inc/stm32l1xx_ll_bus.h ****   *         AHBRSTR      GPIOHRST      LL_AHB1_GRP1_ForceReset\n
 311:Drivers/STM32L1xx_HAL_Driver/Inc/stm32l1xx_ll_bus.h ****   *         AHBRSTR      GPIOFRST      LL_AHB1_GRP1_ForceReset\n
 312:Drivers/STM32L1xx_HAL_Driver/Inc/stm32l1xx_ll_bus.h ****   *         AHBRSTR      GPIOGRST      LL_AHB1_GRP1_ForceReset\n
 313:Drivers/STM32L1xx_HAL_Driver/Inc/stm32l1xx_ll_bus.h ****   *         AHBRSTR      CRCRST        LL_AHB1_GRP1_ForceReset\n
 314:Drivers/STM32L1xx_HAL_Driver/Inc/stm32l1xx_ll_bus.h ****   *         AHBRSTR      FLITFRST      LL_AHB1_GRP1_ForceReset\n
 315:Drivers/STM32L1xx_HAL_Driver/Inc/stm32l1xx_ll_bus.h ****   *         AHBRSTR      DMA1RST       LL_AHB1_GRP1_ForceReset\n
 316:Drivers/STM32L1xx_HAL_Driver/Inc/stm32l1xx_ll_bus.h ****   *         AHBRSTR      DMA2RST       LL_AHB1_GRP1_ForceReset\n
 317:Drivers/STM32L1xx_HAL_Driver/Inc/stm32l1xx_ll_bus.h ****   *         AHBRSTR      AESRST        LL_AHB1_GRP1_ForceReset\n
 318:Drivers/STM32L1xx_HAL_Driver/Inc/stm32l1xx_ll_bus.h ****   *         AHBRSTR      FSMCRST       LL_AHB1_GRP1_ForceReset
 319:Drivers/STM32L1xx_HAL_Driver/Inc/stm32l1xx_ll_bus.h ****   * @param  Periphs This parameter can be a combination of the following values:
 320:Drivers/STM32L1xx_HAL_Driver/Inc/stm32l1xx_ll_bus.h ****   *         @arg @ref LL_AHB1_GRP1_PERIPH_ALL
 321:Drivers/STM32L1xx_HAL_Driver/Inc/stm32l1xx_ll_bus.h ****   *         @arg @ref LL_AHB1_GRP1_PERIPH_GPIOA
 322:Drivers/STM32L1xx_HAL_Driver/Inc/stm32l1xx_ll_bus.h ****   *         @arg @ref LL_AHB1_GRP1_PERIPH_GPIOB
 323:Drivers/STM32L1xx_HAL_Driver/Inc/stm32l1xx_ll_bus.h ****   *         @arg @ref LL_AHB1_GRP1_PERIPH_GPIOC
 324:Drivers/STM32L1xx_HAL_Driver/Inc/stm32l1xx_ll_bus.h ****   *         @arg @ref LL_AHB1_GRP1_PERIPH_GPIOD
 325:Drivers/STM32L1xx_HAL_Driver/Inc/stm32l1xx_ll_bus.h ****   *         @arg @ref LL_AHB1_GRP1_PERIPH_GPIOE (*)
 326:Drivers/STM32L1xx_HAL_Driver/Inc/stm32l1xx_ll_bus.h ****   *         @arg @ref LL_AHB1_GRP1_PERIPH_GPIOH
 327:Drivers/STM32L1xx_HAL_Driver/Inc/stm32l1xx_ll_bus.h ****   *         @arg @ref LL_AHB1_GRP1_PERIPH_GPIOF (*)
 328:Drivers/STM32L1xx_HAL_Driver/Inc/stm32l1xx_ll_bus.h ****   *         @arg @ref LL_AHB1_GRP1_PERIPH_GPIOG (*)
 329:Drivers/STM32L1xx_HAL_Driver/Inc/stm32l1xx_ll_bus.h ****   *         @arg @ref LL_AHB1_GRP1_PERIPH_CRC
 330:Drivers/STM32L1xx_HAL_Driver/Inc/stm32l1xx_ll_bus.h ****   *         @arg @ref LL_AHB1_GRP1_PERIPH_FLASH
 331:Drivers/STM32L1xx_HAL_Driver/Inc/stm32l1xx_ll_bus.h ****   *         @arg @ref LL_AHB1_GRP1_PERIPH_DMA1
 332:Drivers/STM32L1xx_HAL_Driver/Inc/stm32l1xx_ll_bus.h ****   *         @arg @ref LL_AHB1_GRP1_PERIPH_DMA2 (*)
 333:Drivers/STM32L1xx_HAL_Driver/Inc/stm32l1xx_ll_bus.h ****   *         @arg @ref LL_AHB1_GRP1_PERIPH_CRYP (*)
 334:Drivers/STM32L1xx_HAL_Driver/Inc/stm32l1xx_ll_bus.h ****   *         @arg @ref LL_AHB1_GRP1_PERIPH_FSMC (*)
 335:Drivers/STM32L1xx_HAL_Driver/Inc/stm32l1xx_ll_bus.h ****   *
 336:Drivers/STM32L1xx_HAL_Driver/Inc/stm32l1xx_ll_bus.h ****   *         (*) value not defined in all devices.
 337:Drivers/STM32L1xx_HAL_Driver/Inc/stm32l1xx_ll_bus.h ****   * @retval None
 338:Drivers/STM32L1xx_HAL_Driver/Inc/stm32l1xx_ll_bus.h **** */
 339:Drivers/STM32L1xx_HAL_Driver/Inc/stm32l1xx_ll_bus.h **** __STATIC_INLINE void LL_AHB1_GRP1_ForceReset(uint32_t Periphs)
 340:Drivers/STM32L1xx_HAL_Driver/Inc/stm32l1xx_ll_bus.h **** {
 341:Drivers/STM32L1xx_HAL_Driver/Inc/stm32l1xx_ll_bus.h ****   SET_BIT(RCC->AHBRSTR, Periphs);
 342:Drivers/STM32L1xx_HAL_Driver/Inc/stm32l1xx_ll_bus.h **** }
 343:Drivers/STM32L1xx_HAL_Driver/Inc/stm32l1xx_ll_bus.h **** 
 344:Drivers/STM32L1xx_HAL_Driver/Inc/stm32l1xx_ll_bus.h **** /**
 345:Drivers/STM32L1xx_HAL_Driver/Inc/stm32l1xx_ll_bus.h ****   * @brief  Release AHB1 peripherals reset.
 346:Drivers/STM32L1xx_HAL_Driver/Inc/stm32l1xx_ll_bus.h ****   * @rmtoll AHBRSTR      GPIOARST      LL_AHB1_GRP1_ReleaseReset\n
 347:Drivers/STM32L1xx_HAL_Driver/Inc/stm32l1xx_ll_bus.h ****   *         AHBRSTR      GPIOBRST      LL_AHB1_GRP1_ReleaseReset\n
 348:Drivers/STM32L1xx_HAL_Driver/Inc/stm32l1xx_ll_bus.h ****   *         AHBRSTR      GPIOCRST      LL_AHB1_GRP1_ReleaseReset\n
 349:Drivers/STM32L1xx_HAL_Driver/Inc/stm32l1xx_ll_bus.h ****   *         AHBRSTR      GPIODRST      LL_AHB1_GRP1_ReleaseReset\n
 350:Drivers/STM32L1xx_HAL_Driver/Inc/stm32l1xx_ll_bus.h ****   *         AHBRSTR      GPIOERST      LL_AHB1_GRP1_ReleaseReset\n
 351:Drivers/STM32L1xx_HAL_Driver/Inc/stm32l1xx_ll_bus.h ****   *         AHBRSTR      GPIOHRST      LL_AHB1_GRP1_ReleaseReset\n
 352:Drivers/STM32L1xx_HAL_Driver/Inc/stm32l1xx_ll_bus.h ****   *         AHBRSTR      GPIOFRST      LL_AHB1_GRP1_ReleaseReset\n
 353:Drivers/STM32L1xx_HAL_Driver/Inc/stm32l1xx_ll_bus.h ****   *         AHBRSTR      GPIOGRST      LL_AHB1_GRP1_ReleaseReset\n
 354:Drivers/STM32L1xx_HAL_Driver/Inc/stm32l1xx_ll_bus.h ****   *         AHBRSTR      CRCRST        LL_AHB1_GRP1_ReleaseReset\n
 355:Drivers/STM32L1xx_HAL_Driver/Inc/stm32l1xx_ll_bus.h ****   *         AHBRSTR      FLITFRST      LL_AHB1_GRP1_ReleaseReset\n
 356:Drivers/STM32L1xx_HAL_Driver/Inc/stm32l1xx_ll_bus.h ****   *         AHBRSTR      DMA1RST       LL_AHB1_GRP1_ReleaseReset\n
 357:Drivers/STM32L1xx_HAL_Driver/Inc/stm32l1xx_ll_bus.h ****   *         AHBRSTR      DMA2RST       LL_AHB1_GRP1_ReleaseReset\n
 358:Drivers/STM32L1xx_HAL_Driver/Inc/stm32l1xx_ll_bus.h ****   *         AHBRSTR      AESRST        LL_AHB1_GRP1_ReleaseReset\n
 359:Drivers/STM32L1xx_HAL_Driver/Inc/stm32l1xx_ll_bus.h ****   *         AHBRSTR      FSMCRST       LL_AHB1_GRP1_ReleaseReset
 360:Drivers/STM32L1xx_HAL_Driver/Inc/stm32l1xx_ll_bus.h ****   * @param  Periphs This parameter can be a combination of the following values:
 361:Drivers/STM32L1xx_HAL_Driver/Inc/stm32l1xx_ll_bus.h ****   *         @arg @ref LL_AHB1_GRP1_PERIPH_ALL
 362:Drivers/STM32L1xx_HAL_Driver/Inc/stm32l1xx_ll_bus.h ****   *         @arg @ref LL_AHB1_GRP1_PERIPH_GPIOA
 363:Drivers/STM32L1xx_HAL_Driver/Inc/stm32l1xx_ll_bus.h ****   *         @arg @ref LL_AHB1_GRP1_PERIPH_GPIOB
ARM GAS  /tmp/ccIUEAAv.s 			page 9


 364:Drivers/STM32L1xx_HAL_Driver/Inc/stm32l1xx_ll_bus.h ****   *         @arg @ref LL_AHB1_GRP1_PERIPH_GPIOC
 365:Drivers/STM32L1xx_HAL_Driver/Inc/stm32l1xx_ll_bus.h ****   *         @arg @ref LL_AHB1_GRP1_PERIPH_GPIOD
 366:Drivers/STM32L1xx_HAL_Driver/Inc/stm32l1xx_ll_bus.h ****   *         @arg @ref LL_AHB1_GRP1_PERIPH_GPIOE (*)
 367:Drivers/STM32L1xx_HAL_Driver/Inc/stm32l1xx_ll_bus.h ****   *         @arg @ref LL_AHB1_GRP1_PERIPH_GPIOH
 368:Drivers/STM32L1xx_HAL_Driver/Inc/stm32l1xx_ll_bus.h ****   *         @arg @ref LL_AHB1_GRP1_PERIPH_GPIOF (*)
 369:Drivers/STM32L1xx_HAL_Driver/Inc/stm32l1xx_ll_bus.h ****   *         @arg @ref LL_AHB1_GRP1_PERIPH_GPIOG (*)
 370:Drivers/STM32L1xx_HAL_Driver/Inc/stm32l1xx_ll_bus.h ****   *         @arg @ref LL_AHB1_GRP1_PERIPH_CRC
 371:Drivers/STM32L1xx_HAL_Driver/Inc/stm32l1xx_ll_bus.h ****   *         @arg @ref LL_AHB1_GRP1_PERIPH_FLASH
 372:Drivers/STM32L1xx_HAL_Driver/Inc/stm32l1xx_ll_bus.h ****   *         @arg @ref LL_AHB1_GRP1_PERIPH_DMA1
 373:Drivers/STM32L1xx_HAL_Driver/Inc/stm32l1xx_ll_bus.h ****   *         @arg @ref LL_AHB1_GRP1_PERIPH_DMA2 (*)
 374:Drivers/STM32L1xx_HAL_Driver/Inc/stm32l1xx_ll_bus.h ****   *         @arg @ref LL_AHB1_GRP1_PERIPH_CRYP (*)
 375:Drivers/STM32L1xx_HAL_Driver/Inc/stm32l1xx_ll_bus.h ****   *         @arg @ref LL_AHB1_GRP1_PERIPH_FSMC (*)
 376:Drivers/STM32L1xx_HAL_Driver/Inc/stm32l1xx_ll_bus.h ****   *
 377:Drivers/STM32L1xx_HAL_Driver/Inc/stm32l1xx_ll_bus.h ****   *         (*) value not defined in all devices.
 378:Drivers/STM32L1xx_HAL_Driver/Inc/stm32l1xx_ll_bus.h ****   * @retval None
 379:Drivers/STM32L1xx_HAL_Driver/Inc/stm32l1xx_ll_bus.h **** */
 380:Drivers/STM32L1xx_HAL_Driver/Inc/stm32l1xx_ll_bus.h **** __STATIC_INLINE void LL_AHB1_GRP1_ReleaseReset(uint32_t Periphs)
 381:Drivers/STM32L1xx_HAL_Driver/Inc/stm32l1xx_ll_bus.h **** {
 382:Drivers/STM32L1xx_HAL_Driver/Inc/stm32l1xx_ll_bus.h ****   CLEAR_BIT(RCC->AHBRSTR, Periphs);
 383:Drivers/STM32L1xx_HAL_Driver/Inc/stm32l1xx_ll_bus.h **** }
 384:Drivers/STM32L1xx_HAL_Driver/Inc/stm32l1xx_ll_bus.h **** 
 385:Drivers/STM32L1xx_HAL_Driver/Inc/stm32l1xx_ll_bus.h **** /**
 386:Drivers/STM32L1xx_HAL_Driver/Inc/stm32l1xx_ll_bus.h ****   * @brief  Enable AHB1 peripherals clock during Low Power (Sleep) mode.
 387:Drivers/STM32L1xx_HAL_Driver/Inc/stm32l1xx_ll_bus.h ****   * @rmtoll AHBLPENR     GPIOALPEN     LL_AHB1_GRP1_EnableClockSleep\n
 388:Drivers/STM32L1xx_HAL_Driver/Inc/stm32l1xx_ll_bus.h ****   *         AHBLPENR     GPIOBLPEN     LL_AHB1_GRP1_EnableClockSleep\n
 389:Drivers/STM32L1xx_HAL_Driver/Inc/stm32l1xx_ll_bus.h ****   *         AHBLPENR     GPIOCLPEN     LL_AHB1_GRP1_EnableClockSleep\n
 390:Drivers/STM32L1xx_HAL_Driver/Inc/stm32l1xx_ll_bus.h ****   *         AHBLPENR     GPIODLPEN     LL_AHB1_GRP1_EnableClockSleep\n
 391:Drivers/STM32L1xx_HAL_Driver/Inc/stm32l1xx_ll_bus.h ****   *         AHBLPENR     GPIOELPEN     LL_AHB1_GRP1_EnableClockSleep\n
 392:Drivers/STM32L1xx_HAL_Driver/Inc/stm32l1xx_ll_bus.h ****   *         AHBLPENR     GPIOHLPEN     LL_AHB1_GRP1_EnableClockSleep\n
 393:Drivers/STM32L1xx_HAL_Driver/Inc/stm32l1xx_ll_bus.h ****   *         AHBLPENR     GPIOFLPEN     LL_AHB1_GRP1_EnableClockSleep\n
 394:Drivers/STM32L1xx_HAL_Driver/Inc/stm32l1xx_ll_bus.h ****   *         AHBLPENR     GPIOGLPEN     LL_AHB1_GRP1_EnableClockSleep\n
 395:Drivers/STM32L1xx_HAL_Driver/Inc/stm32l1xx_ll_bus.h ****   *         AHBLPENR     CRCLPEN       LL_AHB1_GRP1_EnableClockSleep\n
 396:Drivers/STM32L1xx_HAL_Driver/Inc/stm32l1xx_ll_bus.h ****   *         AHBLPENR     FLITFLPEN     LL_AHB1_GRP1_EnableClockSleep\n
 397:Drivers/STM32L1xx_HAL_Driver/Inc/stm32l1xx_ll_bus.h ****   *         AHBLPENR     SRAMLPEN      LL_AHB1_GRP1_EnableClockSleep\n
 398:Drivers/STM32L1xx_HAL_Driver/Inc/stm32l1xx_ll_bus.h ****   *         AHBLPENR     DMA1LPEN      LL_AHB1_GRP1_EnableClockSleep\n
 399:Drivers/STM32L1xx_HAL_Driver/Inc/stm32l1xx_ll_bus.h ****   *         AHBLPENR     DMA2LPEN      LL_AHB1_GRP1_EnableClockSleep\n
 400:Drivers/STM32L1xx_HAL_Driver/Inc/stm32l1xx_ll_bus.h ****   *         AHBLPENR     AESLPEN       LL_AHB1_GRP1_EnableClockSleep\n
 401:Drivers/STM32L1xx_HAL_Driver/Inc/stm32l1xx_ll_bus.h ****   *         AHBLPENR     FSMCLPEN      LL_AHB1_GRP1_EnableClockSleep
 402:Drivers/STM32L1xx_HAL_Driver/Inc/stm32l1xx_ll_bus.h ****   * @param  Periphs This parameter can be a combination of the following values:
 403:Drivers/STM32L1xx_HAL_Driver/Inc/stm32l1xx_ll_bus.h ****   *         @arg @ref LL_AHB1_GRP1_PERIPH_GPIOA
 404:Drivers/STM32L1xx_HAL_Driver/Inc/stm32l1xx_ll_bus.h ****   *         @arg @ref LL_AHB1_GRP1_PERIPH_GPIOB
 405:Drivers/STM32L1xx_HAL_Driver/Inc/stm32l1xx_ll_bus.h ****   *         @arg @ref LL_AHB1_GRP1_PERIPH_GPIOC
 406:Drivers/STM32L1xx_HAL_Driver/Inc/stm32l1xx_ll_bus.h ****   *         @arg @ref LL_AHB1_GRP1_PERIPH_GPIOD
 407:Drivers/STM32L1xx_HAL_Driver/Inc/stm32l1xx_ll_bus.h ****   *         @arg @ref LL_AHB1_GRP1_PERIPH_GPIOE (*)
 408:Drivers/STM32L1xx_HAL_Driver/Inc/stm32l1xx_ll_bus.h ****   *         @arg @ref LL_AHB1_GRP1_PERIPH_GPIOH
 409:Drivers/STM32L1xx_HAL_Driver/Inc/stm32l1xx_ll_bus.h ****   *         @arg @ref LL_AHB1_GRP1_PERIPH_GPIOF (*)
 410:Drivers/STM32L1xx_HAL_Driver/Inc/stm32l1xx_ll_bus.h ****   *         @arg @ref LL_AHB1_GRP1_PERIPH_GPIOG (*)
 411:Drivers/STM32L1xx_HAL_Driver/Inc/stm32l1xx_ll_bus.h ****   *         @arg @ref LL_AHB1_GRP1_PERIPH_CRC
 412:Drivers/STM32L1xx_HAL_Driver/Inc/stm32l1xx_ll_bus.h ****   *         @arg @ref LL_AHB1_GRP1_PERIPH_FLASH
 413:Drivers/STM32L1xx_HAL_Driver/Inc/stm32l1xx_ll_bus.h ****   *         @arg @ref LL_AHB1_GRP1_PERIPH_SRAM
 414:Drivers/STM32L1xx_HAL_Driver/Inc/stm32l1xx_ll_bus.h ****   *         @arg @ref LL_AHB1_GRP1_PERIPH_DMA1
 415:Drivers/STM32L1xx_HAL_Driver/Inc/stm32l1xx_ll_bus.h ****   *         @arg @ref LL_AHB1_GRP1_PERIPH_DMA2 (*)
 416:Drivers/STM32L1xx_HAL_Driver/Inc/stm32l1xx_ll_bus.h ****   *         @arg @ref LL_AHB1_GRP1_PERIPH_CRYP (*)
 417:Drivers/STM32L1xx_HAL_Driver/Inc/stm32l1xx_ll_bus.h ****   *         @arg @ref LL_AHB1_GRP1_PERIPH_FSMC (*)
 418:Drivers/STM32L1xx_HAL_Driver/Inc/stm32l1xx_ll_bus.h ****   *
 419:Drivers/STM32L1xx_HAL_Driver/Inc/stm32l1xx_ll_bus.h ****   *         (*) value not defined in all devices.
 420:Drivers/STM32L1xx_HAL_Driver/Inc/stm32l1xx_ll_bus.h ****   * @retval None
ARM GAS  /tmp/ccIUEAAv.s 			page 10


 421:Drivers/STM32L1xx_HAL_Driver/Inc/stm32l1xx_ll_bus.h **** */
 422:Drivers/STM32L1xx_HAL_Driver/Inc/stm32l1xx_ll_bus.h **** __STATIC_INLINE void LL_AHB1_GRP1_EnableClockSleep(uint32_t Periphs)
 423:Drivers/STM32L1xx_HAL_Driver/Inc/stm32l1xx_ll_bus.h **** {
 424:Drivers/STM32L1xx_HAL_Driver/Inc/stm32l1xx_ll_bus.h ****   __IO uint32_t tmpreg;
 425:Drivers/STM32L1xx_HAL_Driver/Inc/stm32l1xx_ll_bus.h ****   SET_BIT(RCC->AHBLPENR, Periphs);
 426:Drivers/STM32L1xx_HAL_Driver/Inc/stm32l1xx_ll_bus.h ****   /* Delay after an RCC peripheral clock enabling */
 427:Drivers/STM32L1xx_HAL_Driver/Inc/stm32l1xx_ll_bus.h ****   tmpreg = READ_BIT(RCC->AHBLPENR, Periphs);
 428:Drivers/STM32L1xx_HAL_Driver/Inc/stm32l1xx_ll_bus.h ****   (void)tmpreg;
 429:Drivers/STM32L1xx_HAL_Driver/Inc/stm32l1xx_ll_bus.h **** }
 430:Drivers/STM32L1xx_HAL_Driver/Inc/stm32l1xx_ll_bus.h **** 
 431:Drivers/STM32L1xx_HAL_Driver/Inc/stm32l1xx_ll_bus.h **** /**
 432:Drivers/STM32L1xx_HAL_Driver/Inc/stm32l1xx_ll_bus.h ****   * @brief  Disable AHB1 peripherals clock during Low Power (Sleep) mode.
 433:Drivers/STM32L1xx_HAL_Driver/Inc/stm32l1xx_ll_bus.h ****   * @rmtoll AHBLPENR     GPIOALPEN     LL_AHB1_GRP1_DisableClockSleep\n
 434:Drivers/STM32L1xx_HAL_Driver/Inc/stm32l1xx_ll_bus.h ****   *         AHBLPENR     GPIOBLPEN     LL_AHB1_GRP1_DisableClockSleep\n
 435:Drivers/STM32L1xx_HAL_Driver/Inc/stm32l1xx_ll_bus.h ****   *         AHBLPENR     GPIOCLPEN     LL_AHB1_GRP1_DisableClockSleep\n
 436:Drivers/STM32L1xx_HAL_Driver/Inc/stm32l1xx_ll_bus.h ****   *         AHBLPENR     GPIODLPEN     LL_AHB1_GRP1_DisableClockSleep\n
 437:Drivers/STM32L1xx_HAL_Driver/Inc/stm32l1xx_ll_bus.h ****   *         AHBLPENR     GPIOELPEN     LL_AHB1_GRP1_DisableClockSleep\n
 438:Drivers/STM32L1xx_HAL_Driver/Inc/stm32l1xx_ll_bus.h ****   *         AHBLPENR     GPIOHLPEN     LL_AHB1_GRP1_DisableClockSleep\n
 439:Drivers/STM32L1xx_HAL_Driver/Inc/stm32l1xx_ll_bus.h ****   *         AHBLPENR     GPIOFLPEN     LL_AHB1_GRP1_DisableClockSleep\n
 440:Drivers/STM32L1xx_HAL_Driver/Inc/stm32l1xx_ll_bus.h ****   *         AHBLPENR     GPIOGLPEN     LL_AHB1_GRP1_DisableClockSleep\n
 441:Drivers/STM32L1xx_HAL_Driver/Inc/stm32l1xx_ll_bus.h ****   *         AHBLPENR     CRCLPEN       LL_AHB1_GRP1_DisableClockSleep\n
 442:Drivers/STM32L1xx_HAL_Driver/Inc/stm32l1xx_ll_bus.h ****   *         AHBLPENR     FLITFLPEN     LL_AHB1_GRP1_DisableClockSleep\n
 443:Drivers/STM32L1xx_HAL_Driver/Inc/stm32l1xx_ll_bus.h ****   *         AHBLPENR     SRAMLPEN      LL_AHB1_GRP1_DisableClockSleep\n
 444:Drivers/STM32L1xx_HAL_Driver/Inc/stm32l1xx_ll_bus.h ****   *         AHBLPENR     DMA1LPEN      LL_AHB1_GRP1_DisableClockSleep\n
 445:Drivers/STM32L1xx_HAL_Driver/Inc/stm32l1xx_ll_bus.h ****   *         AHBLPENR     DMA2LPEN      LL_AHB1_GRP1_DisableClockSleep\n
 446:Drivers/STM32L1xx_HAL_Driver/Inc/stm32l1xx_ll_bus.h ****   *         AHBLPENR     AESLPEN       LL_AHB1_GRP1_DisableClockSleep\n
 447:Drivers/STM32L1xx_HAL_Driver/Inc/stm32l1xx_ll_bus.h ****   *         AHBLPENR     FSMCLPEN      LL_AHB1_GRP1_DisableClockSleep
 448:Drivers/STM32L1xx_HAL_Driver/Inc/stm32l1xx_ll_bus.h ****   * @param  Periphs This parameter can be a combination of the following values:
 449:Drivers/STM32L1xx_HAL_Driver/Inc/stm32l1xx_ll_bus.h ****   *         @arg @ref LL_AHB1_GRP1_PERIPH_GPIOA
 450:Drivers/STM32L1xx_HAL_Driver/Inc/stm32l1xx_ll_bus.h ****   *         @arg @ref LL_AHB1_GRP1_PERIPH_GPIOB
 451:Drivers/STM32L1xx_HAL_Driver/Inc/stm32l1xx_ll_bus.h ****   *         @arg @ref LL_AHB1_GRP1_PERIPH_GPIOC
 452:Drivers/STM32L1xx_HAL_Driver/Inc/stm32l1xx_ll_bus.h ****   *         @arg @ref LL_AHB1_GRP1_PERIPH_GPIOD
 453:Drivers/STM32L1xx_HAL_Driver/Inc/stm32l1xx_ll_bus.h ****   *         @arg @ref LL_AHB1_GRP1_PERIPH_GPIOE (*)
 454:Drivers/STM32L1xx_HAL_Driver/Inc/stm32l1xx_ll_bus.h ****   *         @arg @ref LL_AHB1_GRP1_PERIPH_GPIOH
 455:Drivers/STM32L1xx_HAL_Driver/Inc/stm32l1xx_ll_bus.h ****   *         @arg @ref LL_AHB1_GRP1_PERIPH_GPIOF (*)
 456:Drivers/STM32L1xx_HAL_Driver/Inc/stm32l1xx_ll_bus.h ****   *         @arg @ref LL_AHB1_GRP1_PERIPH_GPIOG (*)
 457:Drivers/STM32L1xx_HAL_Driver/Inc/stm32l1xx_ll_bus.h ****   *         @arg @ref LL_AHB1_GRP1_PERIPH_CRC
 458:Drivers/STM32L1xx_HAL_Driver/Inc/stm32l1xx_ll_bus.h ****   *         @arg @ref LL_AHB1_GRP1_PERIPH_FLASH
 459:Drivers/STM32L1xx_HAL_Driver/Inc/stm32l1xx_ll_bus.h ****   *         @arg @ref LL_AHB1_GRP1_PERIPH_SRAM
 460:Drivers/STM32L1xx_HAL_Driver/Inc/stm32l1xx_ll_bus.h ****   *         @arg @ref LL_AHB1_GRP1_PERIPH_DMA1
 461:Drivers/STM32L1xx_HAL_Driver/Inc/stm32l1xx_ll_bus.h ****   *         @arg @ref LL_AHB1_GRP1_PERIPH_DMA2 (*)
 462:Drivers/STM32L1xx_HAL_Driver/Inc/stm32l1xx_ll_bus.h ****   *         @arg @ref LL_AHB1_GRP1_PERIPH_CRYP (*)
 463:Drivers/STM32L1xx_HAL_Driver/Inc/stm32l1xx_ll_bus.h ****   *         @arg @ref LL_AHB1_GRP1_PERIPH_FSMC (*)
 464:Drivers/STM32L1xx_HAL_Driver/Inc/stm32l1xx_ll_bus.h ****   *
 465:Drivers/STM32L1xx_HAL_Driver/Inc/stm32l1xx_ll_bus.h ****   *         (*) value not defined in all devices.
 466:Drivers/STM32L1xx_HAL_Driver/Inc/stm32l1xx_ll_bus.h ****   * @retval None
 467:Drivers/STM32L1xx_HAL_Driver/Inc/stm32l1xx_ll_bus.h **** */
 468:Drivers/STM32L1xx_HAL_Driver/Inc/stm32l1xx_ll_bus.h **** __STATIC_INLINE void LL_AHB1_GRP1_DisableClockSleep(uint32_t Periphs)
 469:Drivers/STM32L1xx_HAL_Driver/Inc/stm32l1xx_ll_bus.h **** {
 470:Drivers/STM32L1xx_HAL_Driver/Inc/stm32l1xx_ll_bus.h ****   CLEAR_BIT(RCC->AHBLPENR, Periphs);
 471:Drivers/STM32L1xx_HAL_Driver/Inc/stm32l1xx_ll_bus.h **** }
 472:Drivers/STM32L1xx_HAL_Driver/Inc/stm32l1xx_ll_bus.h **** 
 473:Drivers/STM32L1xx_HAL_Driver/Inc/stm32l1xx_ll_bus.h **** /**
 474:Drivers/STM32L1xx_HAL_Driver/Inc/stm32l1xx_ll_bus.h ****   * @}
 475:Drivers/STM32L1xx_HAL_Driver/Inc/stm32l1xx_ll_bus.h ****   */
 476:Drivers/STM32L1xx_HAL_Driver/Inc/stm32l1xx_ll_bus.h **** 
 477:Drivers/STM32L1xx_HAL_Driver/Inc/stm32l1xx_ll_bus.h **** /** @defgroup BUS_LL_EF_APB1 APB1
ARM GAS  /tmp/ccIUEAAv.s 			page 11


 478:Drivers/STM32L1xx_HAL_Driver/Inc/stm32l1xx_ll_bus.h ****   * @{
 479:Drivers/STM32L1xx_HAL_Driver/Inc/stm32l1xx_ll_bus.h ****   */
 480:Drivers/STM32L1xx_HAL_Driver/Inc/stm32l1xx_ll_bus.h **** 
 481:Drivers/STM32L1xx_HAL_Driver/Inc/stm32l1xx_ll_bus.h **** /**
 482:Drivers/STM32L1xx_HAL_Driver/Inc/stm32l1xx_ll_bus.h ****   * @brief  Enable APB1 peripherals clock.
 483:Drivers/STM32L1xx_HAL_Driver/Inc/stm32l1xx_ll_bus.h ****   * @rmtoll APB1ENR      TIM2EN        LL_APB1_GRP1_EnableClock\n
 484:Drivers/STM32L1xx_HAL_Driver/Inc/stm32l1xx_ll_bus.h ****   *         APB1ENR      TIM3EN        LL_APB1_GRP1_EnableClock\n
 485:Drivers/STM32L1xx_HAL_Driver/Inc/stm32l1xx_ll_bus.h ****   *         APB1ENR      TIM4EN        LL_APB1_GRP1_EnableClock\n
 486:Drivers/STM32L1xx_HAL_Driver/Inc/stm32l1xx_ll_bus.h ****   *         APB1ENR      TIM5EN        LL_APB1_GRP1_EnableClock\n
 487:Drivers/STM32L1xx_HAL_Driver/Inc/stm32l1xx_ll_bus.h ****   *         APB1ENR      TIM6EN        LL_APB1_GRP1_EnableClock\n
 488:Drivers/STM32L1xx_HAL_Driver/Inc/stm32l1xx_ll_bus.h ****   *         APB1ENR      TIM7EN        LL_APB1_GRP1_EnableClock\n
 489:Drivers/STM32L1xx_HAL_Driver/Inc/stm32l1xx_ll_bus.h ****   *         APB1ENR      LCDEN         LL_APB1_GRP1_EnableClock\n
 490:Drivers/STM32L1xx_HAL_Driver/Inc/stm32l1xx_ll_bus.h ****   *         APB1ENR      WWDGEN        LL_APB1_GRP1_EnableClock\n
 491:Drivers/STM32L1xx_HAL_Driver/Inc/stm32l1xx_ll_bus.h ****   *         APB1ENR      SPI2EN        LL_APB1_GRP1_EnableClock\n
 492:Drivers/STM32L1xx_HAL_Driver/Inc/stm32l1xx_ll_bus.h ****   *         APB1ENR      SPI3EN        LL_APB1_GRP1_EnableClock\n
 493:Drivers/STM32L1xx_HAL_Driver/Inc/stm32l1xx_ll_bus.h ****   *         APB1ENR      USART2EN      LL_APB1_GRP1_EnableClock\n
 494:Drivers/STM32L1xx_HAL_Driver/Inc/stm32l1xx_ll_bus.h ****   *         APB1ENR      USART3EN      LL_APB1_GRP1_EnableClock\n
 495:Drivers/STM32L1xx_HAL_Driver/Inc/stm32l1xx_ll_bus.h ****   *         APB1ENR      UART4EN       LL_APB1_GRP1_EnableClock\n
 496:Drivers/STM32L1xx_HAL_Driver/Inc/stm32l1xx_ll_bus.h ****   *         APB1ENR      UART5EN       LL_APB1_GRP1_EnableClock\n
 497:Drivers/STM32L1xx_HAL_Driver/Inc/stm32l1xx_ll_bus.h ****   *         APB1ENR      I2C1EN        LL_APB1_GRP1_EnableClock\n
 498:Drivers/STM32L1xx_HAL_Driver/Inc/stm32l1xx_ll_bus.h ****   *         APB1ENR      I2C2EN        LL_APB1_GRP1_EnableClock\n
 499:Drivers/STM32L1xx_HAL_Driver/Inc/stm32l1xx_ll_bus.h ****   *         APB1ENR      USBEN         LL_APB1_GRP1_EnableClock\n
 500:Drivers/STM32L1xx_HAL_Driver/Inc/stm32l1xx_ll_bus.h ****   *         APB1ENR      PWREN         LL_APB1_GRP1_EnableClock\n
 501:Drivers/STM32L1xx_HAL_Driver/Inc/stm32l1xx_ll_bus.h ****   *         APB1ENR      DACEN         LL_APB1_GRP1_EnableClock\n
 502:Drivers/STM32L1xx_HAL_Driver/Inc/stm32l1xx_ll_bus.h ****   *         APB1ENR      COMPEN        LL_APB1_GRP1_EnableClock
 503:Drivers/STM32L1xx_HAL_Driver/Inc/stm32l1xx_ll_bus.h ****   * @param  Periphs This parameter can be a combination of the following values:
 504:Drivers/STM32L1xx_HAL_Driver/Inc/stm32l1xx_ll_bus.h ****   *         @arg @ref LL_APB1_GRP1_PERIPH_TIM2
 505:Drivers/STM32L1xx_HAL_Driver/Inc/stm32l1xx_ll_bus.h ****   *         @arg @ref LL_APB1_GRP1_PERIPH_TIM3
 506:Drivers/STM32L1xx_HAL_Driver/Inc/stm32l1xx_ll_bus.h ****   *         @arg @ref LL_APB1_GRP1_PERIPH_TIM4
 507:Drivers/STM32L1xx_HAL_Driver/Inc/stm32l1xx_ll_bus.h ****   *         @arg @ref LL_APB1_GRP1_PERIPH_TIM5 (*)
 508:Drivers/STM32L1xx_HAL_Driver/Inc/stm32l1xx_ll_bus.h ****   *         @arg @ref LL_APB1_GRP1_PERIPH_TIM6
 509:Drivers/STM32L1xx_HAL_Driver/Inc/stm32l1xx_ll_bus.h ****   *         @arg @ref LL_APB1_GRP1_PERIPH_TIM7
 510:Drivers/STM32L1xx_HAL_Driver/Inc/stm32l1xx_ll_bus.h ****   *         @arg @ref LL_APB1_GRP1_PERIPH_LCD (*)
 511:Drivers/STM32L1xx_HAL_Driver/Inc/stm32l1xx_ll_bus.h ****   *         @arg @ref LL_APB1_GRP1_PERIPH_WWDG
 512:Drivers/STM32L1xx_HAL_Driver/Inc/stm32l1xx_ll_bus.h ****   *         @arg @ref LL_APB1_GRP1_PERIPH_SPI2
 513:Drivers/STM32L1xx_HAL_Driver/Inc/stm32l1xx_ll_bus.h ****   *         @arg @ref LL_APB1_GRP1_PERIPH_SPI3 (*)
 514:Drivers/STM32L1xx_HAL_Driver/Inc/stm32l1xx_ll_bus.h ****   *         @arg @ref LL_APB1_GRP1_PERIPH_USART2
 515:Drivers/STM32L1xx_HAL_Driver/Inc/stm32l1xx_ll_bus.h ****   *         @arg @ref LL_APB1_GRP1_PERIPH_USART3
 516:Drivers/STM32L1xx_HAL_Driver/Inc/stm32l1xx_ll_bus.h ****   *         @arg @ref LL_APB1_GRP1_PERIPH_UART4 (*)
 517:Drivers/STM32L1xx_HAL_Driver/Inc/stm32l1xx_ll_bus.h ****   *         @arg @ref LL_APB1_GRP1_PERIPH_UART5 (*)
 518:Drivers/STM32L1xx_HAL_Driver/Inc/stm32l1xx_ll_bus.h ****   *         @arg @ref LL_APB1_GRP1_PERIPH_I2C1
 519:Drivers/STM32L1xx_HAL_Driver/Inc/stm32l1xx_ll_bus.h ****   *         @arg @ref LL_APB1_GRP1_PERIPH_I2C2
 520:Drivers/STM32L1xx_HAL_Driver/Inc/stm32l1xx_ll_bus.h ****   *         @arg @ref LL_APB1_GRP1_PERIPH_USB
 521:Drivers/STM32L1xx_HAL_Driver/Inc/stm32l1xx_ll_bus.h ****   *         @arg @ref LL_APB1_GRP1_PERIPH_PWR
 522:Drivers/STM32L1xx_HAL_Driver/Inc/stm32l1xx_ll_bus.h ****   *         @arg @ref LL_APB1_GRP1_PERIPH_DAC1
 523:Drivers/STM32L1xx_HAL_Driver/Inc/stm32l1xx_ll_bus.h ****   *         @arg @ref LL_APB1_GRP1_PERIPH_COMP
 524:Drivers/STM32L1xx_HAL_Driver/Inc/stm32l1xx_ll_bus.h ****   *         @arg @ref LL_APB1_GRP1_PERIPH_OPAMP (*)
 525:Drivers/STM32L1xx_HAL_Driver/Inc/stm32l1xx_ll_bus.h ****   *
 526:Drivers/STM32L1xx_HAL_Driver/Inc/stm32l1xx_ll_bus.h ****   *         (*) value not defined in all devices.
 527:Drivers/STM32L1xx_HAL_Driver/Inc/stm32l1xx_ll_bus.h ****   * @retval None
 528:Drivers/STM32L1xx_HAL_Driver/Inc/stm32l1xx_ll_bus.h **** */
 529:Drivers/STM32L1xx_HAL_Driver/Inc/stm32l1xx_ll_bus.h **** __STATIC_INLINE void LL_APB1_GRP1_EnableClock(uint32_t Periphs)
 530:Drivers/STM32L1xx_HAL_Driver/Inc/stm32l1xx_ll_bus.h **** {
 531:Drivers/STM32L1xx_HAL_Driver/Inc/stm32l1xx_ll_bus.h ****   __IO uint32_t tmpreg;
 532:Drivers/STM32L1xx_HAL_Driver/Inc/stm32l1xx_ll_bus.h ****   SET_BIT(RCC->APB1ENR, Periphs);
 533:Drivers/STM32L1xx_HAL_Driver/Inc/stm32l1xx_ll_bus.h ****   /* Delay after an RCC peripheral clock enabling */
 534:Drivers/STM32L1xx_HAL_Driver/Inc/stm32l1xx_ll_bus.h ****   tmpreg = READ_BIT(RCC->APB1ENR, Periphs);
ARM GAS  /tmp/ccIUEAAv.s 			page 12


 535:Drivers/STM32L1xx_HAL_Driver/Inc/stm32l1xx_ll_bus.h ****   (void)tmpreg;
 536:Drivers/STM32L1xx_HAL_Driver/Inc/stm32l1xx_ll_bus.h **** }
 537:Drivers/STM32L1xx_HAL_Driver/Inc/stm32l1xx_ll_bus.h **** 
 538:Drivers/STM32L1xx_HAL_Driver/Inc/stm32l1xx_ll_bus.h **** /**
 539:Drivers/STM32L1xx_HAL_Driver/Inc/stm32l1xx_ll_bus.h ****   * @brief  Check if APB1 peripheral clock is enabled or not
 540:Drivers/STM32L1xx_HAL_Driver/Inc/stm32l1xx_ll_bus.h ****   * @rmtoll APB1ENR      TIM2EN        LL_APB1_GRP1_IsEnabledClock\n
 541:Drivers/STM32L1xx_HAL_Driver/Inc/stm32l1xx_ll_bus.h ****   *         APB1ENR      TIM3EN        LL_APB1_GRP1_IsEnabledClock\n
 542:Drivers/STM32L1xx_HAL_Driver/Inc/stm32l1xx_ll_bus.h ****   *         APB1ENR      TIM4EN        LL_APB1_GRP1_IsEnabledClock\n
 543:Drivers/STM32L1xx_HAL_Driver/Inc/stm32l1xx_ll_bus.h ****   *         APB1ENR      TIM5EN        LL_APB1_GRP1_IsEnabledClock\n
 544:Drivers/STM32L1xx_HAL_Driver/Inc/stm32l1xx_ll_bus.h ****   *         APB1ENR      TIM6EN        LL_APB1_GRP1_IsEnabledClock\n
 545:Drivers/STM32L1xx_HAL_Driver/Inc/stm32l1xx_ll_bus.h ****   *         APB1ENR      TIM7EN        LL_APB1_GRP1_IsEnabledClock\n
 546:Drivers/STM32L1xx_HAL_Driver/Inc/stm32l1xx_ll_bus.h ****   *         APB1ENR      LCDEN         LL_APB1_GRP1_IsEnabledClock\n
 547:Drivers/STM32L1xx_HAL_Driver/Inc/stm32l1xx_ll_bus.h ****   *         APB1ENR      WWDGEN        LL_APB1_GRP1_IsEnabledClock\n
 548:Drivers/STM32L1xx_HAL_Driver/Inc/stm32l1xx_ll_bus.h ****   *         APB1ENR      SPI2EN        LL_APB1_GRP1_IsEnabledClock\n
 549:Drivers/STM32L1xx_HAL_Driver/Inc/stm32l1xx_ll_bus.h ****   *         APB1ENR      SPI3EN        LL_APB1_GRP1_IsEnabledClock\n
 550:Drivers/STM32L1xx_HAL_Driver/Inc/stm32l1xx_ll_bus.h ****   *         APB1ENR      USART2EN      LL_APB1_GRP1_IsEnabledClock\n
 551:Drivers/STM32L1xx_HAL_Driver/Inc/stm32l1xx_ll_bus.h ****   *         APB1ENR      USART3EN      LL_APB1_GRP1_IsEnabledClock\n
 552:Drivers/STM32L1xx_HAL_Driver/Inc/stm32l1xx_ll_bus.h ****   *         APB1ENR      UART4EN       LL_APB1_GRP1_IsEnabledClock\n
 553:Drivers/STM32L1xx_HAL_Driver/Inc/stm32l1xx_ll_bus.h ****   *         APB1ENR      UART5EN       LL_APB1_GRP1_IsEnabledClock\n
 554:Drivers/STM32L1xx_HAL_Driver/Inc/stm32l1xx_ll_bus.h ****   *         APB1ENR      I2C1EN        LL_APB1_GRP1_IsEnabledClock\n
 555:Drivers/STM32L1xx_HAL_Driver/Inc/stm32l1xx_ll_bus.h ****   *         APB1ENR      I2C2EN        LL_APB1_GRP1_IsEnabledClock\n
 556:Drivers/STM32L1xx_HAL_Driver/Inc/stm32l1xx_ll_bus.h ****   *         APB1ENR      USBEN         LL_APB1_GRP1_IsEnabledClock\n
 557:Drivers/STM32L1xx_HAL_Driver/Inc/stm32l1xx_ll_bus.h ****   *         APB1ENR      PWREN         LL_APB1_GRP1_IsEnabledClock\n
 558:Drivers/STM32L1xx_HAL_Driver/Inc/stm32l1xx_ll_bus.h ****   *         APB1ENR      DACEN         LL_APB1_GRP1_IsEnabledClock\n
 559:Drivers/STM32L1xx_HAL_Driver/Inc/stm32l1xx_ll_bus.h ****   *         APB1ENR      COMPEN        LL_APB1_GRP1_IsEnabledClock
 560:Drivers/STM32L1xx_HAL_Driver/Inc/stm32l1xx_ll_bus.h ****   * @param  Periphs This parameter can be a combination of the following values:
 561:Drivers/STM32L1xx_HAL_Driver/Inc/stm32l1xx_ll_bus.h ****   *         @arg @ref LL_APB1_GRP1_PERIPH_TIM2
 562:Drivers/STM32L1xx_HAL_Driver/Inc/stm32l1xx_ll_bus.h ****   *         @arg @ref LL_APB1_GRP1_PERIPH_TIM3
 563:Drivers/STM32L1xx_HAL_Driver/Inc/stm32l1xx_ll_bus.h ****   *         @arg @ref LL_APB1_GRP1_PERIPH_TIM4
 564:Drivers/STM32L1xx_HAL_Driver/Inc/stm32l1xx_ll_bus.h ****   *         @arg @ref LL_APB1_GRP1_PERIPH_TIM5 (*)
 565:Drivers/STM32L1xx_HAL_Driver/Inc/stm32l1xx_ll_bus.h ****   *         @arg @ref LL_APB1_GRP1_PERIPH_TIM6
 566:Drivers/STM32L1xx_HAL_Driver/Inc/stm32l1xx_ll_bus.h ****   *         @arg @ref LL_APB1_GRP1_PERIPH_TIM7
 567:Drivers/STM32L1xx_HAL_Driver/Inc/stm32l1xx_ll_bus.h ****   *         @arg @ref LL_APB1_GRP1_PERIPH_LCD (*)
 568:Drivers/STM32L1xx_HAL_Driver/Inc/stm32l1xx_ll_bus.h ****   *         @arg @ref LL_APB1_GRP1_PERIPH_WWDG
 569:Drivers/STM32L1xx_HAL_Driver/Inc/stm32l1xx_ll_bus.h ****   *         @arg @ref LL_APB1_GRP1_PERIPH_SPI2
 570:Drivers/STM32L1xx_HAL_Driver/Inc/stm32l1xx_ll_bus.h ****   *         @arg @ref LL_APB1_GRP1_PERIPH_SPI3 (*)
 571:Drivers/STM32L1xx_HAL_Driver/Inc/stm32l1xx_ll_bus.h ****   *         @arg @ref LL_APB1_GRP1_PERIPH_USART2
 572:Drivers/STM32L1xx_HAL_Driver/Inc/stm32l1xx_ll_bus.h ****   *         @arg @ref LL_APB1_GRP1_PERIPH_USART3
 573:Drivers/STM32L1xx_HAL_Driver/Inc/stm32l1xx_ll_bus.h ****   *         @arg @ref LL_APB1_GRP1_PERIPH_UART4 (*)
 574:Drivers/STM32L1xx_HAL_Driver/Inc/stm32l1xx_ll_bus.h ****   *         @arg @ref LL_APB1_GRP1_PERIPH_UART5 (*)
 575:Drivers/STM32L1xx_HAL_Driver/Inc/stm32l1xx_ll_bus.h ****   *         @arg @ref LL_APB1_GRP1_PERIPH_I2C1
 576:Drivers/STM32L1xx_HAL_Driver/Inc/stm32l1xx_ll_bus.h ****   *         @arg @ref LL_APB1_GRP1_PERIPH_I2C2
 577:Drivers/STM32L1xx_HAL_Driver/Inc/stm32l1xx_ll_bus.h ****   *         @arg @ref LL_APB1_GRP1_PERIPH_USB
 578:Drivers/STM32L1xx_HAL_Driver/Inc/stm32l1xx_ll_bus.h ****   *         @arg @ref LL_APB1_GRP1_PERIPH_PWR
 579:Drivers/STM32L1xx_HAL_Driver/Inc/stm32l1xx_ll_bus.h ****   *         @arg @ref LL_APB1_GRP1_PERIPH_DAC1
 580:Drivers/STM32L1xx_HAL_Driver/Inc/stm32l1xx_ll_bus.h ****   *         @arg @ref LL_APB1_GRP1_PERIPH_COMP
 581:Drivers/STM32L1xx_HAL_Driver/Inc/stm32l1xx_ll_bus.h ****   *         @arg @ref LL_APB1_GRP1_PERIPH_OPAMP (*)
 582:Drivers/STM32L1xx_HAL_Driver/Inc/stm32l1xx_ll_bus.h ****   *
 583:Drivers/STM32L1xx_HAL_Driver/Inc/stm32l1xx_ll_bus.h ****   *         (*) value not defined in all devices.
 584:Drivers/STM32L1xx_HAL_Driver/Inc/stm32l1xx_ll_bus.h ****   * @retval State of Periphs (1 or 0).
 585:Drivers/STM32L1xx_HAL_Driver/Inc/stm32l1xx_ll_bus.h **** */
 586:Drivers/STM32L1xx_HAL_Driver/Inc/stm32l1xx_ll_bus.h **** __STATIC_INLINE uint32_t LL_APB1_GRP1_IsEnabledClock(uint32_t Periphs)
 587:Drivers/STM32L1xx_HAL_Driver/Inc/stm32l1xx_ll_bus.h **** {
 588:Drivers/STM32L1xx_HAL_Driver/Inc/stm32l1xx_ll_bus.h ****   return ((READ_BIT(RCC->APB1ENR, Periphs) == (Periphs)) ? 1UL : 0UL);
 589:Drivers/STM32L1xx_HAL_Driver/Inc/stm32l1xx_ll_bus.h **** }
 590:Drivers/STM32L1xx_HAL_Driver/Inc/stm32l1xx_ll_bus.h **** 
 591:Drivers/STM32L1xx_HAL_Driver/Inc/stm32l1xx_ll_bus.h **** /**
ARM GAS  /tmp/ccIUEAAv.s 			page 13


 592:Drivers/STM32L1xx_HAL_Driver/Inc/stm32l1xx_ll_bus.h ****   * @brief  Disable APB1 peripherals clock.
 593:Drivers/STM32L1xx_HAL_Driver/Inc/stm32l1xx_ll_bus.h ****   * @rmtoll APB1ENR      TIM2EN        LL_APB1_GRP1_DisableClock\n
 594:Drivers/STM32L1xx_HAL_Driver/Inc/stm32l1xx_ll_bus.h ****   *         APB1ENR      TIM3EN        LL_APB1_GRP1_DisableClock\n
 595:Drivers/STM32L1xx_HAL_Driver/Inc/stm32l1xx_ll_bus.h ****   *         APB1ENR      TIM4EN        LL_APB1_GRP1_DisableClock\n
 596:Drivers/STM32L1xx_HAL_Driver/Inc/stm32l1xx_ll_bus.h ****   *         APB1ENR      TIM5EN        LL_APB1_GRP1_DisableClock\n
 597:Drivers/STM32L1xx_HAL_Driver/Inc/stm32l1xx_ll_bus.h ****   *         APB1ENR      TIM6EN        LL_APB1_GRP1_DisableClock\n
 598:Drivers/STM32L1xx_HAL_Driver/Inc/stm32l1xx_ll_bus.h ****   *         APB1ENR      TIM7EN        LL_APB1_GRP1_DisableClock\n
 599:Drivers/STM32L1xx_HAL_Driver/Inc/stm32l1xx_ll_bus.h ****   *         APB1ENR      LCDEN         LL_APB1_GRP1_DisableClock\n
 600:Drivers/STM32L1xx_HAL_Driver/Inc/stm32l1xx_ll_bus.h ****   *         APB1ENR      WWDGEN        LL_APB1_GRP1_DisableClock\n
 601:Drivers/STM32L1xx_HAL_Driver/Inc/stm32l1xx_ll_bus.h ****   *         APB1ENR      SPI2EN        LL_APB1_GRP1_DisableClock\n
 602:Drivers/STM32L1xx_HAL_Driver/Inc/stm32l1xx_ll_bus.h ****   *         APB1ENR      SPI3EN        LL_APB1_GRP1_DisableClock\n
 603:Drivers/STM32L1xx_HAL_Driver/Inc/stm32l1xx_ll_bus.h ****   *         APB1ENR      USART2EN      LL_APB1_GRP1_DisableClock\n
 604:Drivers/STM32L1xx_HAL_Driver/Inc/stm32l1xx_ll_bus.h ****   *         APB1ENR      USART3EN      LL_APB1_GRP1_DisableClock\n
 605:Drivers/STM32L1xx_HAL_Driver/Inc/stm32l1xx_ll_bus.h ****   *         APB1ENR      UART4EN       LL_APB1_GRP1_DisableClock\n
 606:Drivers/STM32L1xx_HAL_Driver/Inc/stm32l1xx_ll_bus.h ****   *         APB1ENR      UART5EN       LL_APB1_GRP1_DisableClock\n
 607:Drivers/STM32L1xx_HAL_Driver/Inc/stm32l1xx_ll_bus.h ****   *         APB1ENR      I2C1EN        LL_APB1_GRP1_DisableClock\n
 608:Drivers/STM32L1xx_HAL_Driver/Inc/stm32l1xx_ll_bus.h ****   *         APB1ENR      I2C2EN        LL_APB1_GRP1_DisableClock\n
 609:Drivers/STM32L1xx_HAL_Driver/Inc/stm32l1xx_ll_bus.h ****   *         APB1ENR      USBEN         LL_APB1_GRP1_DisableClock\n
 610:Drivers/STM32L1xx_HAL_Driver/Inc/stm32l1xx_ll_bus.h ****   *         APB1ENR      PWREN         LL_APB1_GRP1_DisableClock\n
 611:Drivers/STM32L1xx_HAL_Driver/Inc/stm32l1xx_ll_bus.h ****   *         APB1ENR      DACEN         LL_APB1_GRP1_DisableClock\n
 612:Drivers/STM32L1xx_HAL_Driver/Inc/stm32l1xx_ll_bus.h ****   *         APB1ENR      COMPEN        LL_APB1_GRP1_DisableClock
 613:Drivers/STM32L1xx_HAL_Driver/Inc/stm32l1xx_ll_bus.h ****   * @param  Periphs This parameter can be a combination of the following values:
 614:Drivers/STM32L1xx_HAL_Driver/Inc/stm32l1xx_ll_bus.h ****   *         @arg @ref LL_APB1_GRP1_PERIPH_TIM2
 615:Drivers/STM32L1xx_HAL_Driver/Inc/stm32l1xx_ll_bus.h ****   *         @arg @ref LL_APB1_GRP1_PERIPH_TIM3
 616:Drivers/STM32L1xx_HAL_Driver/Inc/stm32l1xx_ll_bus.h ****   *         @arg @ref LL_APB1_GRP1_PERIPH_TIM4
 617:Drivers/STM32L1xx_HAL_Driver/Inc/stm32l1xx_ll_bus.h ****   *         @arg @ref LL_APB1_GRP1_PERIPH_TIM5 (*)
 618:Drivers/STM32L1xx_HAL_Driver/Inc/stm32l1xx_ll_bus.h ****   *         @arg @ref LL_APB1_GRP1_PERIPH_TIM6
 619:Drivers/STM32L1xx_HAL_Driver/Inc/stm32l1xx_ll_bus.h ****   *         @arg @ref LL_APB1_GRP1_PERIPH_TIM7
 620:Drivers/STM32L1xx_HAL_Driver/Inc/stm32l1xx_ll_bus.h ****   *         @arg @ref LL_APB1_GRP1_PERIPH_LCD (*)
 621:Drivers/STM32L1xx_HAL_Driver/Inc/stm32l1xx_ll_bus.h ****   *         @arg @ref LL_APB1_GRP1_PERIPH_WWDG
 622:Drivers/STM32L1xx_HAL_Driver/Inc/stm32l1xx_ll_bus.h ****   *         @arg @ref LL_APB1_GRP1_PERIPH_SPI2
 623:Drivers/STM32L1xx_HAL_Driver/Inc/stm32l1xx_ll_bus.h ****   *         @arg @ref LL_APB1_GRP1_PERIPH_SPI3 (*)
 624:Drivers/STM32L1xx_HAL_Driver/Inc/stm32l1xx_ll_bus.h ****   *         @arg @ref LL_APB1_GRP1_PERIPH_USART2
 625:Drivers/STM32L1xx_HAL_Driver/Inc/stm32l1xx_ll_bus.h ****   *         @arg @ref LL_APB1_GRP1_PERIPH_USART3
 626:Drivers/STM32L1xx_HAL_Driver/Inc/stm32l1xx_ll_bus.h ****   *         @arg @ref LL_APB1_GRP1_PERIPH_UART4 (*)
 627:Drivers/STM32L1xx_HAL_Driver/Inc/stm32l1xx_ll_bus.h ****   *         @arg @ref LL_APB1_GRP1_PERIPH_UART5 (*)
 628:Drivers/STM32L1xx_HAL_Driver/Inc/stm32l1xx_ll_bus.h ****   *         @arg @ref LL_APB1_GRP1_PERIPH_I2C1
 629:Drivers/STM32L1xx_HAL_Driver/Inc/stm32l1xx_ll_bus.h ****   *         @arg @ref LL_APB1_GRP1_PERIPH_I2C2
 630:Drivers/STM32L1xx_HAL_Driver/Inc/stm32l1xx_ll_bus.h ****   *         @arg @ref LL_APB1_GRP1_PERIPH_USB
 631:Drivers/STM32L1xx_HAL_Driver/Inc/stm32l1xx_ll_bus.h ****   *         @arg @ref LL_APB1_GRP1_PERIPH_PWR
 632:Drivers/STM32L1xx_HAL_Driver/Inc/stm32l1xx_ll_bus.h ****   *         @arg @ref LL_APB1_GRP1_PERIPH_DAC1
 633:Drivers/STM32L1xx_HAL_Driver/Inc/stm32l1xx_ll_bus.h ****   *         @arg @ref LL_APB1_GRP1_PERIPH_COMP
 634:Drivers/STM32L1xx_HAL_Driver/Inc/stm32l1xx_ll_bus.h ****   *         @arg @ref LL_APB1_GRP1_PERIPH_OPAMP (*)
 635:Drivers/STM32L1xx_HAL_Driver/Inc/stm32l1xx_ll_bus.h ****   *
 636:Drivers/STM32L1xx_HAL_Driver/Inc/stm32l1xx_ll_bus.h ****   *         (*) value not defined in all devices.
 637:Drivers/STM32L1xx_HAL_Driver/Inc/stm32l1xx_ll_bus.h ****   * @retval None
 638:Drivers/STM32L1xx_HAL_Driver/Inc/stm32l1xx_ll_bus.h **** */
 639:Drivers/STM32L1xx_HAL_Driver/Inc/stm32l1xx_ll_bus.h **** __STATIC_INLINE void LL_APB1_GRP1_DisableClock(uint32_t Periphs)
 640:Drivers/STM32L1xx_HAL_Driver/Inc/stm32l1xx_ll_bus.h **** {
 641:Drivers/STM32L1xx_HAL_Driver/Inc/stm32l1xx_ll_bus.h ****   CLEAR_BIT(RCC->APB1ENR, Periphs);
 642:Drivers/STM32L1xx_HAL_Driver/Inc/stm32l1xx_ll_bus.h **** }
 643:Drivers/STM32L1xx_HAL_Driver/Inc/stm32l1xx_ll_bus.h **** 
 644:Drivers/STM32L1xx_HAL_Driver/Inc/stm32l1xx_ll_bus.h **** /**
 645:Drivers/STM32L1xx_HAL_Driver/Inc/stm32l1xx_ll_bus.h ****   * @brief  Force APB1 peripherals reset.
 646:Drivers/STM32L1xx_HAL_Driver/Inc/stm32l1xx_ll_bus.h ****   * @rmtoll APB1RSTR     TIM2RST       LL_APB1_GRP1_ForceReset\n
 647:Drivers/STM32L1xx_HAL_Driver/Inc/stm32l1xx_ll_bus.h ****   *         APB1RSTR     TIM3RST       LL_APB1_GRP1_ForceReset\n
 648:Drivers/STM32L1xx_HAL_Driver/Inc/stm32l1xx_ll_bus.h ****   *         APB1RSTR     TIM4RST       LL_APB1_GRP1_ForceReset\n
ARM GAS  /tmp/ccIUEAAv.s 			page 14


 649:Drivers/STM32L1xx_HAL_Driver/Inc/stm32l1xx_ll_bus.h ****   *         APB1RSTR     TIM5RST       LL_APB1_GRP1_ForceReset\n
 650:Drivers/STM32L1xx_HAL_Driver/Inc/stm32l1xx_ll_bus.h ****   *         APB1RSTR     TIM6RST       LL_APB1_GRP1_ForceReset\n
 651:Drivers/STM32L1xx_HAL_Driver/Inc/stm32l1xx_ll_bus.h ****   *         APB1RSTR     TIM7RST       LL_APB1_GRP1_ForceReset\n
 652:Drivers/STM32L1xx_HAL_Driver/Inc/stm32l1xx_ll_bus.h ****   *         APB1RSTR     LCDRST        LL_APB1_GRP1_ForceReset\n
 653:Drivers/STM32L1xx_HAL_Driver/Inc/stm32l1xx_ll_bus.h ****   *         APB1RSTR     WWDGRST       LL_APB1_GRP1_ForceReset\n
 654:Drivers/STM32L1xx_HAL_Driver/Inc/stm32l1xx_ll_bus.h ****   *         APB1RSTR     SPI2RST       LL_APB1_GRP1_ForceReset\n
 655:Drivers/STM32L1xx_HAL_Driver/Inc/stm32l1xx_ll_bus.h ****   *         APB1RSTR     SPI3RST       LL_APB1_GRP1_ForceReset\n
 656:Drivers/STM32L1xx_HAL_Driver/Inc/stm32l1xx_ll_bus.h ****   *         APB1RSTR     USART2RST     LL_APB1_GRP1_ForceReset\n
 657:Drivers/STM32L1xx_HAL_Driver/Inc/stm32l1xx_ll_bus.h ****   *         APB1RSTR     USART3RST     LL_APB1_GRP1_ForceReset\n
 658:Drivers/STM32L1xx_HAL_Driver/Inc/stm32l1xx_ll_bus.h ****   *         APB1RSTR     UART4RST      LL_APB1_GRP1_ForceReset\n
 659:Drivers/STM32L1xx_HAL_Driver/Inc/stm32l1xx_ll_bus.h ****   *         APB1RSTR     UART5RST      LL_APB1_GRP1_ForceReset\n
 660:Drivers/STM32L1xx_HAL_Driver/Inc/stm32l1xx_ll_bus.h ****   *         APB1RSTR     I2C1RST       LL_APB1_GRP1_ForceReset\n
 661:Drivers/STM32L1xx_HAL_Driver/Inc/stm32l1xx_ll_bus.h ****   *         APB1RSTR     I2C2RST       LL_APB1_GRP1_ForceReset\n
 662:Drivers/STM32L1xx_HAL_Driver/Inc/stm32l1xx_ll_bus.h ****   *         APB1RSTR     USBRST        LL_APB1_GRP1_ForceReset\n
 663:Drivers/STM32L1xx_HAL_Driver/Inc/stm32l1xx_ll_bus.h ****   *         APB1RSTR     PWRRST        LL_APB1_GRP1_ForceReset\n
 664:Drivers/STM32L1xx_HAL_Driver/Inc/stm32l1xx_ll_bus.h ****   *         APB1RSTR     DACRST        LL_APB1_GRP1_ForceReset\n
 665:Drivers/STM32L1xx_HAL_Driver/Inc/stm32l1xx_ll_bus.h ****   *         APB1RSTR     COMPRST       LL_APB1_GRP1_ForceReset
 666:Drivers/STM32L1xx_HAL_Driver/Inc/stm32l1xx_ll_bus.h ****   * @param  Periphs This parameter can be a combination of the following values:
 667:Drivers/STM32L1xx_HAL_Driver/Inc/stm32l1xx_ll_bus.h ****   *         @arg @ref LL_APB1_GRP1_PERIPH_ALL
 668:Drivers/STM32L1xx_HAL_Driver/Inc/stm32l1xx_ll_bus.h ****   *         @arg @ref LL_APB1_GRP1_PERIPH_TIM2
 669:Drivers/STM32L1xx_HAL_Driver/Inc/stm32l1xx_ll_bus.h ****   *         @arg @ref LL_APB1_GRP1_PERIPH_TIM3
 670:Drivers/STM32L1xx_HAL_Driver/Inc/stm32l1xx_ll_bus.h ****   *         @arg @ref LL_APB1_GRP1_PERIPH_TIM4
 671:Drivers/STM32L1xx_HAL_Driver/Inc/stm32l1xx_ll_bus.h ****   *         @arg @ref LL_APB1_GRP1_PERIPH_TIM5 (*)
 672:Drivers/STM32L1xx_HAL_Driver/Inc/stm32l1xx_ll_bus.h ****   *         @arg @ref LL_APB1_GRP1_PERIPH_TIM6
 673:Drivers/STM32L1xx_HAL_Driver/Inc/stm32l1xx_ll_bus.h ****   *         @arg @ref LL_APB1_GRP1_PERIPH_TIM7
 674:Drivers/STM32L1xx_HAL_Driver/Inc/stm32l1xx_ll_bus.h ****   *         @arg @ref LL_APB1_GRP1_PERIPH_LCD (*)
 675:Drivers/STM32L1xx_HAL_Driver/Inc/stm32l1xx_ll_bus.h ****   *         @arg @ref LL_APB1_GRP1_PERIPH_WWDG
 676:Drivers/STM32L1xx_HAL_Driver/Inc/stm32l1xx_ll_bus.h ****   *         @arg @ref LL_APB1_GRP1_PERIPH_SPI2
 677:Drivers/STM32L1xx_HAL_Driver/Inc/stm32l1xx_ll_bus.h ****   *         @arg @ref LL_APB1_GRP1_PERIPH_SPI3 (*)
 678:Drivers/STM32L1xx_HAL_Driver/Inc/stm32l1xx_ll_bus.h ****   *         @arg @ref LL_APB1_GRP1_PERIPH_USART2
 679:Drivers/STM32L1xx_HAL_Driver/Inc/stm32l1xx_ll_bus.h ****   *         @arg @ref LL_APB1_GRP1_PERIPH_USART3
 680:Drivers/STM32L1xx_HAL_Driver/Inc/stm32l1xx_ll_bus.h ****   *         @arg @ref LL_APB1_GRP1_PERIPH_UART4 (*)
 681:Drivers/STM32L1xx_HAL_Driver/Inc/stm32l1xx_ll_bus.h ****   *         @arg @ref LL_APB1_GRP1_PERIPH_UART5 (*)
 682:Drivers/STM32L1xx_HAL_Driver/Inc/stm32l1xx_ll_bus.h ****   *         @arg @ref LL_APB1_GRP1_PERIPH_I2C1
 683:Drivers/STM32L1xx_HAL_Driver/Inc/stm32l1xx_ll_bus.h ****   *         @arg @ref LL_APB1_GRP1_PERIPH_I2C2
 684:Drivers/STM32L1xx_HAL_Driver/Inc/stm32l1xx_ll_bus.h ****   *         @arg @ref LL_APB1_GRP1_PERIPH_USB
 685:Drivers/STM32L1xx_HAL_Driver/Inc/stm32l1xx_ll_bus.h ****   *         @arg @ref LL_APB1_GRP1_PERIPH_PWR
 686:Drivers/STM32L1xx_HAL_Driver/Inc/stm32l1xx_ll_bus.h ****   *         @arg @ref LL_APB1_GRP1_PERIPH_DAC1
 687:Drivers/STM32L1xx_HAL_Driver/Inc/stm32l1xx_ll_bus.h ****   *         @arg @ref LL_APB1_GRP1_PERIPH_COMP
 688:Drivers/STM32L1xx_HAL_Driver/Inc/stm32l1xx_ll_bus.h ****   *         @arg @ref LL_APB1_GRP1_PERIPH_OPAMP (*)
 689:Drivers/STM32L1xx_HAL_Driver/Inc/stm32l1xx_ll_bus.h ****   *
 690:Drivers/STM32L1xx_HAL_Driver/Inc/stm32l1xx_ll_bus.h ****   *         (*) value not defined in all devices.
 691:Drivers/STM32L1xx_HAL_Driver/Inc/stm32l1xx_ll_bus.h ****   * @retval None
 692:Drivers/STM32L1xx_HAL_Driver/Inc/stm32l1xx_ll_bus.h **** */
 693:Drivers/STM32L1xx_HAL_Driver/Inc/stm32l1xx_ll_bus.h **** __STATIC_INLINE void LL_APB1_GRP1_ForceReset(uint32_t Periphs)
  37              		.loc 2 693 22 view .LVU2
  38              	.LBB7:
 694:Drivers/STM32L1xx_HAL_Driver/Inc/stm32l1xx_ll_bus.h **** {
 695:Drivers/STM32L1xx_HAL_Driver/Inc/stm32l1xx_ll_bus.h ****   SET_BIT(RCC->APB1RSTR, Periphs);
  39              		.loc 2 695 3 view .LVU3
  40 0000 054B     		ldr	r3, .L2
  41 0002 9A69     		ldr	r2, [r3, #24]
  42 0004 42F08052 		orr	r2, r2, #268435456
  43 0008 9A61     		str	r2, [r3, #24]
  44              	.LVL1:
  45              		.loc 2 695 3 is_stmt 0 view .LVU4
  46              	.LBE7:
ARM GAS  /tmp/ccIUEAAv.s 			page 15


  47              	.LBE6:
  59:Drivers/STM32L1xx_HAL_Driver/Src/stm32l1xx_ll_pwr.c **** 
  60:Drivers/STM32L1xx_HAL_Driver/Src/stm32l1xx_ll_pwr.c ****   /* Release reset of PWR clock */
  61:Drivers/STM32L1xx_HAL_Driver/Src/stm32l1xx_ll_pwr.c ****   LL_APB1_GRP1_ReleaseReset(LL_APB1_GRP1_PERIPH_PWR);
  48              		.loc 1 61 3 is_stmt 1 view .LVU5
  49              	.LBB8:
  50              	.LBI8:
 696:Drivers/STM32L1xx_HAL_Driver/Inc/stm32l1xx_ll_bus.h **** }
 697:Drivers/STM32L1xx_HAL_Driver/Inc/stm32l1xx_ll_bus.h **** 
 698:Drivers/STM32L1xx_HAL_Driver/Inc/stm32l1xx_ll_bus.h **** /**
 699:Drivers/STM32L1xx_HAL_Driver/Inc/stm32l1xx_ll_bus.h ****   * @brief  Release APB1 peripherals reset.
 700:Drivers/STM32L1xx_HAL_Driver/Inc/stm32l1xx_ll_bus.h ****   * @rmtoll APB1RSTR     TIM2RST       LL_APB1_GRP1_ReleaseReset\n
 701:Drivers/STM32L1xx_HAL_Driver/Inc/stm32l1xx_ll_bus.h ****   *         APB1RSTR     TIM3RST       LL_APB1_GRP1_ReleaseReset\n
 702:Drivers/STM32L1xx_HAL_Driver/Inc/stm32l1xx_ll_bus.h ****   *         APB1RSTR     TIM4RST       LL_APB1_GRP1_ReleaseReset\n
 703:Drivers/STM32L1xx_HAL_Driver/Inc/stm32l1xx_ll_bus.h ****   *         APB1RSTR     TIM5RST       LL_APB1_GRP1_ReleaseReset\n
 704:Drivers/STM32L1xx_HAL_Driver/Inc/stm32l1xx_ll_bus.h ****   *         APB1RSTR     TIM6RST       LL_APB1_GRP1_ReleaseReset\n
 705:Drivers/STM32L1xx_HAL_Driver/Inc/stm32l1xx_ll_bus.h ****   *         APB1RSTR     TIM7RST       LL_APB1_GRP1_ReleaseReset\n
 706:Drivers/STM32L1xx_HAL_Driver/Inc/stm32l1xx_ll_bus.h ****   *         APB1RSTR     LCDRST        LL_APB1_GRP1_ReleaseReset\n
 707:Drivers/STM32L1xx_HAL_Driver/Inc/stm32l1xx_ll_bus.h ****   *         APB1RSTR     WWDGRST       LL_APB1_GRP1_ReleaseReset\n
 708:Drivers/STM32L1xx_HAL_Driver/Inc/stm32l1xx_ll_bus.h ****   *         APB1RSTR     SPI2RST       LL_APB1_GRP1_ReleaseReset\n
 709:Drivers/STM32L1xx_HAL_Driver/Inc/stm32l1xx_ll_bus.h ****   *         APB1RSTR     SPI3RST       LL_APB1_GRP1_ReleaseReset\n
 710:Drivers/STM32L1xx_HAL_Driver/Inc/stm32l1xx_ll_bus.h ****   *         APB1RSTR     USART2RST     LL_APB1_GRP1_ReleaseReset\n
 711:Drivers/STM32L1xx_HAL_Driver/Inc/stm32l1xx_ll_bus.h ****   *         APB1RSTR     USART3RST     LL_APB1_GRP1_ReleaseReset\n
 712:Drivers/STM32L1xx_HAL_Driver/Inc/stm32l1xx_ll_bus.h ****   *         APB1RSTR     UART4RST      LL_APB1_GRP1_ReleaseReset\n
 713:Drivers/STM32L1xx_HAL_Driver/Inc/stm32l1xx_ll_bus.h ****   *         APB1RSTR     UART5RST      LL_APB1_GRP1_ReleaseReset\n
 714:Drivers/STM32L1xx_HAL_Driver/Inc/stm32l1xx_ll_bus.h ****   *         APB1RSTR     I2C1RST       LL_APB1_GRP1_ReleaseReset\n
 715:Drivers/STM32L1xx_HAL_Driver/Inc/stm32l1xx_ll_bus.h ****   *         APB1RSTR     I2C2RST       LL_APB1_GRP1_ReleaseReset\n
 716:Drivers/STM32L1xx_HAL_Driver/Inc/stm32l1xx_ll_bus.h ****   *         APB1RSTR     USBRST        LL_APB1_GRP1_ReleaseReset\n
 717:Drivers/STM32L1xx_HAL_Driver/Inc/stm32l1xx_ll_bus.h ****   *         APB1RSTR     PWRRST        LL_APB1_GRP1_ReleaseReset\n
 718:Drivers/STM32L1xx_HAL_Driver/Inc/stm32l1xx_ll_bus.h ****   *         APB1RSTR     DACRST        LL_APB1_GRP1_ReleaseReset\n
 719:Drivers/STM32L1xx_HAL_Driver/Inc/stm32l1xx_ll_bus.h ****   *         APB1RSTR     COMPRST       LL_APB1_GRP1_ReleaseReset
 720:Drivers/STM32L1xx_HAL_Driver/Inc/stm32l1xx_ll_bus.h ****   * @param  Periphs This parameter can be a combination of the following values:
 721:Drivers/STM32L1xx_HAL_Driver/Inc/stm32l1xx_ll_bus.h ****   *         @arg @ref LL_APB1_GRP1_PERIPH_ALL
 722:Drivers/STM32L1xx_HAL_Driver/Inc/stm32l1xx_ll_bus.h ****   *         @arg @ref LL_APB1_GRP1_PERIPH_TIM2
 723:Drivers/STM32L1xx_HAL_Driver/Inc/stm32l1xx_ll_bus.h ****   *         @arg @ref LL_APB1_GRP1_PERIPH_TIM3
 724:Drivers/STM32L1xx_HAL_Driver/Inc/stm32l1xx_ll_bus.h ****   *         @arg @ref LL_APB1_GRP1_PERIPH_TIM4
 725:Drivers/STM32L1xx_HAL_Driver/Inc/stm32l1xx_ll_bus.h ****   *         @arg @ref LL_APB1_GRP1_PERIPH_TIM5 (*)
 726:Drivers/STM32L1xx_HAL_Driver/Inc/stm32l1xx_ll_bus.h ****   *         @arg @ref LL_APB1_GRP1_PERIPH_TIM6
 727:Drivers/STM32L1xx_HAL_Driver/Inc/stm32l1xx_ll_bus.h ****   *         @arg @ref LL_APB1_GRP1_PERIPH_TIM7
 728:Drivers/STM32L1xx_HAL_Driver/Inc/stm32l1xx_ll_bus.h ****   *         @arg @ref LL_APB1_GRP1_PERIPH_LCD (*)
 729:Drivers/STM32L1xx_HAL_Driver/Inc/stm32l1xx_ll_bus.h ****   *         @arg @ref LL_APB1_GRP1_PERIPH_WWDG
 730:Drivers/STM32L1xx_HAL_Driver/Inc/stm32l1xx_ll_bus.h ****   *         @arg @ref LL_APB1_GRP1_PERIPH_SPI2
 731:Drivers/STM32L1xx_HAL_Driver/Inc/stm32l1xx_ll_bus.h ****   *         @arg @ref LL_APB1_GRP1_PERIPH_SPI3 (*)
 732:Drivers/STM32L1xx_HAL_Driver/Inc/stm32l1xx_ll_bus.h ****   *         @arg @ref LL_APB1_GRP1_PERIPH_USART2
 733:Drivers/STM32L1xx_HAL_Driver/Inc/stm32l1xx_ll_bus.h ****   *         @arg @ref LL_APB1_GRP1_PERIPH_USART3
 734:Drivers/STM32L1xx_HAL_Driver/Inc/stm32l1xx_ll_bus.h ****   *         @arg @ref LL_APB1_GRP1_PERIPH_UART4 (*)
 735:Drivers/STM32L1xx_HAL_Driver/Inc/stm32l1xx_ll_bus.h ****   *         @arg @ref LL_APB1_GRP1_PERIPH_UART5 (*)
 736:Drivers/STM32L1xx_HAL_Driver/Inc/stm32l1xx_ll_bus.h ****   *         @arg @ref LL_APB1_GRP1_PERIPH_I2C1
 737:Drivers/STM32L1xx_HAL_Driver/Inc/stm32l1xx_ll_bus.h ****   *         @arg @ref LL_APB1_GRP1_PERIPH_I2C2
 738:Drivers/STM32L1xx_HAL_Driver/Inc/stm32l1xx_ll_bus.h ****   *         @arg @ref LL_APB1_GRP1_PERIPH_USB
 739:Drivers/STM32L1xx_HAL_Driver/Inc/stm32l1xx_ll_bus.h ****   *         @arg @ref LL_APB1_GRP1_PERIPH_PWR
 740:Drivers/STM32L1xx_HAL_Driver/Inc/stm32l1xx_ll_bus.h ****   *         @arg @ref LL_APB1_GRP1_PERIPH_DAC1
 741:Drivers/STM32L1xx_HAL_Driver/Inc/stm32l1xx_ll_bus.h ****   *         @arg @ref LL_APB1_GRP1_PERIPH_COMP
 742:Drivers/STM32L1xx_HAL_Driver/Inc/stm32l1xx_ll_bus.h ****   *         @arg @ref LL_APB1_GRP1_PERIPH_OPAMP (*)
 743:Drivers/STM32L1xx_HAL_Driver/Inc/stm32l1xx_ll_bus.h ****   *
 744:Drivers/STM32L1xx_HAL_Driver/Inc/stm32l1xx_ll_bus.h ****   *         (*) value not defined in all devices.
 745:Drivers/STM32L1xx_HAL_Driver/Inc/stm32l1xx_ll_bus.h ****   * @retval None
ARM GAS  /tmp/ccIUEAAv.s 			page 16


 746:Drivers/STM32L1xx_HAL_Driver/Inc/stm32l1xx_ll_bus.h **** */
 747:Drivers/STM32L1xx_HAL_Driver/Inc/stm32l1xx_ll_bus.h **** __STATIC_INLINE void LL_APB1_GRP1_ReleaseReset(uint32_t Periphs)
  51              		.loc 2 747 22 view .LVU6
  52              	.LBB9:
 748:Drivers/STM32L1xx_HAL_Driver/Inc/stm32l1xx_ll_bus.h **** {
 749:Drivers/STM32L1xx_HAL_Driver/Inc/stm32l1xx_ll_bus.h ****   CLEAR_BIT(RCC->APB1RSTR, Periphs);
  53              		.loc 2 749 3 view .LVU7
  54 000a 9A69     		ldr	r2, [r3, #24]
  55 000c 22F08052 		bic	r2, r2, #268435456
  56 0010 9A61     		str	r2, [r3, #24]
  57              	.LVL2:
  58              		.loc 2 749 3 is_stmt 0 view .LVU8
  59              	.LBE9:
  60              	.LBE8:
  62:Drivers/STM32L1xx_HAL_Driver/Src/stm32l1xx_ll_pwr.c **** 
  63:Drivers/STM32L1xx_HAL_Driver/Src/stm32l1xx_ll_pwr.c ****   return SUCCESS;
  61              		.loc 1 63 3 is_stmt 1 view .LVU9
  64:Drivers/STM32L1xx_HAL_Driver/Src/stm32l1xx_ll_pwr.c **** }
  62              		.loc 1 64 1 is_stmt 0 view .LVU10
  63 0012 0020     		movs	r0, #0
  64 0014 7047     		bx	lr
  65              	.L3:
  66 0016 00BF     		.align	2
  67              	.L2:
  68 0018 00380240 		.word	1073887232
  69              		.cfi_endproc
  70              	.LFE129:
  72              		.text
  73              	.Letext0:
  74              		.file 3 "/home/arashamf/soft/ARM_toolchains/gcc-arm-none-eabi-10.3-2021.10/arm-none-eabi/include/m
  75              		.file 4 "/home/arashamf/soft/ARM_toolchains/gcc-arm-none-eabi-10.3-2021.10/arm-none-eabi/include/s
  76              		.file 5 "Drivers/CMSIS/Device/ST/STM32L1xx/Include/stm32l151xb.h"
  77              		.file 6 "Drivers/CMSIS/Device/ST/STM32L1xx/Include/stm32l1xx.h"
ARM GAS  /tmp/ccIUEAAv.s 			page 17


DEFINED SYMBOLS
                            *ABS*:0000000000000000 stm32l1xx_ll_pwr.c
     /tmp/ccIUEAAv.s:18     .text.LL_PWR_DeInit:0000000000000000 $t
     /tmp/ccIUEAAv.s:24     .text.LL_PWR_DeInit:0000000000000000 LL_PWR_DeInit
     /tmp/ccIUEAAv.s:68     .text.LL_PWR_DeInit:0000000000000018 $d

NO UNDEFINED SYMBOLS
